Processing subject 

Step 1: Loading generic model
Loaded model genericModel_LaiArnold from file genericModel_LaiArnold.osim

Step 2: Scaling generic model
Loaded marker file staticVirtualMarkers.trc (58 markers, 483 frames)
Measurement 'torso_height'
	pair 0 (MTOR, MPEL): model = 0.468396, experimental = 0.466528
	overall scale factor = 0.996011
Measurement 'torso_breadth'
	pair 0 (C7, CLAV): model = 0.146032, experimental = 0.146906
	pair 1 (T10, STRN): model = 0.222121, experimental = 0.241562
	overall scale factor = 1.04675
Measurement 'torso_width'
	pair 0 (RACR, LACR): model = 0.283321, experimental = 0.345905
	overall scale factor = 1.22089
Measurement 'pelvis_w'
	pair 0 (RASI, LASI): model = 0.25789, experimental = 0.216053
	pair 1 (RPSI, LPSI): model = 0.092731, experimental = 0.0960037
	overall scale factor = 0.936532
Measurement 'pelvis_d'
	pair 0 (RASI, RPSI): model = 0.201128, experimental = 0.188603
	pair 1 (LASI, LPSI): model = 0.192488, experimental = 0.188085
	overall scale factor = 0.957426
Measurement 'pelvis_h'
	pair 0 (MPEL, RHJC): model = 0.131542, experimental = 0.105614
	pair 1 (MPEL, LHJC): model = 0.131025, experimental = 0.108303
	overall scale factor = 0.814735
Measurement 'r_thigh_length'
	pair 0 (RHJC, RKJC): model = 0.390494, experimental = 0.46219
	overall scale factor = 1.1836
Measurement 'r_thigh_breadth'
	pair 0 (RLFC, RMFC): model = 0.108539, experimental = 0.125179
	overall scale factor = 1.1533
Measurement 'r_tibia_length'
	pair 0 (RKJC, RAJC): model = 0.391627, experimental = 0.437658
	overall scale factor = 1.11754
Measurement 'r_tibia_breadth'
	pair 0 (RLMAL, RMMAL): model = 0.093372, experimental = 0.0955162
	overall scale factor = 1.02296
Measurement 'r_foot_length'
	pair 0 (fRCAL, fRAJC): model = 0.0941763, experimental = 0.0694764
	pair 1 (fRAJC, fRMT3): model = 0.129502, experimental = 0.148666
	overall scale factor = 0.942854
Measurement 'r_foot_height'
	pair 0 (RAJC, fRAJC): model = 0.0696915, experimental = 0.100821
	overall scale factor = 1.44667
Measurement 'r_foot_width'
	pair 0 (fRMT1, fRMT5): model = 0.0759802, experimental = 0.109619
	overall scale factor = 1.44273
Measurement 'l_thigh_length'
	pair 0 (LHJC, LKJC): model = 0.390494, experimental = 0.474762
	overall scale factor = 1.2158
Measurement 'l_thigh_breadth'
	pair 0 (LLFC, LMFC): model = 0.108539, experimental = 0.125672
	overall scale factor = 1.15785
Measurement 'l_tibia_length'
	pair 0 (LKJC, LAJC): model = 0.391627, experimental = 0.433973
	overall scale factor = 1.10813
Measurement 'l_tibia_breadth'
	pair 0 (LLMAL, LMMAL): model = 0.093372, experimental = 0.0950852
	overall scale factor = 1.01835
Measurement 'l_foot_length'
	pair 0 (fLCAL, fLAJC): model = 0.0954936, experimental = 0.068191
	pair 1 (fLAJC, fLMT3): model = 0.129723, experimental = 0.153377
	overall scale factor = 0.948218
Measurement 'l_foot_height'
	pair 0 (LAJC, fLAJC): model = 0.0696334, experimental = 0.101405
	overall scale factor = 1.45627
Measurement 'l_foot_width'
	pair 0 (fLMT1, fLMT5): model = 0.0759802, experimental = 0.11042
	overall scale factor = 1.45327
Wrote model file scaledModel.osim from model model
Wrote scale file scaleSet.xml for model model

Step 3: Placing markers on model
Loaded marker file staticVirtualMarkers.trc (58 markers, 483 frames)
Averaged frames from time 0.5 to 1.5 in staticVirtualMarkers.trc (frames 126 to 376)
Deleted 0 unused markers from model model
Frame at (t=0.5):	total squared error = 0.0611002, marker error: RMS=0.0333304, max=0.0540045 (RTH2)
Moved markers in model model to match locations in marker file staticVirtualMarkers.trc
Wrote model file scaledModelAdjusted.osim from model model
Loaded model model from file scaledModelAdjusted.osim
Loaded model genericModel_LaiArnold from file genericModel_LaiArnold.osim
Loaded model scaledModel from file scaledModelAdjusted.osim
Loaded model scaledModel from file scaledModelMuscle.osim
Loaded model scaledModel from file scaledModelMuscle.osim

               MODEL: scaledModel
         coordinates: 25
              forces: 95
           actuators: 83
             muscles: 80
            analyses: 0
              probes: 0
              bodies: 14
              joints: 14
         constraints: 2
             markers: 56
         controllers: 0
  contact geometries: 13
misc modelcomponents: 0
Running tool .
Frame 217 (t=0.868):	total squared error = 0.036228, marker error: RMS=0.0336471, max=0.103649 (LTH1)
Frame 218 (t=0.872):	total squared error = 0.0364459, marker error: RMS=0.0337481, max=0.103603 (LTH1)
Frame 219 (t=0.876):	total squared error = 0.0368038, marker error: RMS=0.0339134, max=0.103484 (LTH1)
Frame 220 (t=0.88):	total squared error = 0.0372914, marker error: RMS=0.0341373, max=0.10378 (LTH1)
Frame 221 (t=0.884):	total squared error = 0.0379901, marker error: RMS=0.0344556, max=0.104016 (LTH1)
Frame 222 (t=0.888):	total squared error = 0.0392448, marker error: RMS=0.03502, max=0.10518 (LTH1)
Frame 223 (t=0.892):	total squared error = 0.0402884, marker error: RMS=0.0354826, max=0.106259 (LTH1)
Frame 224 (t=0.896):	total squared error = 0.041107, marker error: RMS=0.0358412, max=0.107466 (LTH1)
Frame 225 (t=0.9):	total squared error = 0.0417956, marker error: RMS=0.0361402, max=0.108996 (LTH1)
Frame 226 (t=0.904):	total squared error = 0.0423597, marker error: RMS=0.0363832, max=0.110337 (LTH1)
Frame 227 (t=0.908):	total squared error = 0.0426167, marker error: RMS=0.0364935, max=0.111167 (LTH1)
Frame 228 (t=0.912):	total squared error = 0.0428171, marker error: RMS=0.0365791, max=0.111092 (LTH1)
Frame 229 (t=0.916):	total squared error = 0.042886, marker error: RMS=0.0366086, max=0.110332 (LTH1)
Frame 230 (t=0.92):	total squared error = 0.0432746, marker error: RMS=0.0367741, max=0.109887 (LTH1)
Frame 231 (t=0.924):	total squared error = 0.0435212, marker error: RMS=0.0368787, max=0.109355 (LTH1)
Frame 232 (t=0.928):	total squared error = 0.0438759, marker error: RMS=0.0370287, max=0.108922 (LTH1)
Frame 233 (t=0.932):	total squared error = 0.0441887, marker error: RMS=0.0371604, max=0.108299 (LTH1)
Frame 234 (t=0.936):	total squared error = 0.0443503, marker error: RMS=0.0372283, max=0.107205 (LTH1)
Frame 235 (t=0.94):	total squared error = 0.0446807, marker error: RMS=0.0373667, max=0.106232 (LTH1)
Frame 236 (t=0.944):	total squared error = 0.0449388, marker error: RMS=0.0374745, max=0.105143 (LTH1)
Frame 237 (t=0.948):	total squared error = 0.0452087, marker error: RMS=0.0375869, max=0.104216 (LTH1)
Frame 238 (t=0.952):	total squared error = 0.0451997, marker error: RMS=0.0375831, max=0.103031 (LTH1)
Frame 239 (t=0.956):	total squared error = 0.0452505, marker error: RMS=0.0376042, max=0.101962 (LTH1)
Frame 240 (t=0.96):	total squared error = 0.0452775, marker error: RMS=0.0376154, max=0.101108 (LTH1)
Frame 241 (t=0.964):	total squared error = 0.0452986, marker error: RMS=0.0376242, max=0.100096 (LTH1)
Frame 242 (t=0.968):	total squared error = 0.0451195, marker error: RMS=0.0375498, max=0.099984 (LTH2)
Frame 243 (t=0.972):	total squared error = 0.0448414, marker error: RMS=0.0374339, max=0.101129 (LTH2)
Frame 244 (t=0.976):	total squared error = 0.0443844, marker error: RMS=0.0372426, max=0.102244 (LTH2)
Frame 245 (t=0.98):	total squared error = 0.0439199, marker error: RMS=0.0370472, max=0.103285 (LTH2)
Frame 246 (t=0.984):	total squared error = 0.0436158, marker error: RMS=0.0369187, max=0.104477 (LTH2)
Frame 247 (t=0.988):	total squared error = 0.0432859, marker error: RMS=0.0367789, max=0.105754 (LTH2)
Frame 248 (t=0.992):	total squared error = 0.0431561, marker error: RMS=0.0367237, max=0.10683 (LTH2)
Frame 249 (t=0.996):	total squared error = 0.0429139, marker error: RMS=0.0366205, max=0.10798 (LTH2)
Frame 250 (t=1):	total squared error = 0.0426405, marker error: RMS=0.0365036, max=0.108731 (LTH2)
Frame 251 (t=1.004):	total squared error = 0.0422412, marker error: RMS=0.0363323, max=0.10953 (LTH2)
Frame 252 (t=1.008):	total squared error = 0.0416902, marker error: RMS=0.0360946, max=0.110191 (LTH2)
Frame 253 (t=1.012):	total squared error = 0.04112, marker error: RMS=0.0358469, max=0.111003 (LTH2)
Frame 254 (t=1.016):	total squared error = 0.0404326, marker error: RMS=0.035546, max=0.111523 (LTH2)
Frame 255 (t=1.02):	total squared error = 0.0395837, marker error: RMS=0.0351709, max=0.112438 (LTH2)
Frame 256 (t=1.024):	total squared error = 0.0387214, marker error: RMS=0.0347857, max=0.113353 (LTH2)
Frame 257 (t=1.028):	total squared error = 0.0379614, marker error: RMS=0.0344426, max=0.114483 (LTH2)
Frame 258 (t=1.032):	total squared error = 0.0371843, marker error: RMS=0.0340882, max=0.114692 (LTH2)
Frame 259 (t=1.036):	total squared error = 0.0366614, marker error: RMS=0.0338477, max=0.115019 (LTH2)
Frame 260 (t=1.04):	total squared error = 0.0360878, marker error: RMS=0.0335819, max=0.115289 (LTH2)
Frame 261 (t=1.044):	total squared error = 0.0355763, marker error: RMS=0.0333431, max=0.115235 (LTH2)
Frame 262 (t=1.048):	total squared error = 0.0351179, marker error: RMS=0.0331275, max=0.115042 (LTH2)
Frame 263 (t=1.052):	total squared error = 0.0346429, marker error: RMS=0.0329027, max=0.114722 (LTH2)
Frame 264 (t=1.056):	total squared error = 0.0341982, marker error: RMS=0.0326909, max=0.114233 (LTH2)
Frame 265 (t=1.06):	total squared error = 0.0337744, marker error: RMS=0.0324877, max=0.113399 (LTH2)
Frame 266 (t=1.064):	total squared error = 0.0334384, marker error: RMS=0.0323257, max=0.112514 (LTH2)
Frame 267 (t=1.068):	total squared error = 0.0332387, marker error: RMS=0.032229, max=0.111571 (LTH2)
Frame 268 (t=1.072):	total squared error = 0.0330369, marker error: RMS=0.032131, max=0.110497 (LTH2)
Frame 269 (t=1.076):	total squared error = 0.0329587, marker error: RMS=0.032093, max=0.109426 (LTH2)
Frame 270 (t=1.08):	total squared error = 0.0329461, marker error: RMS=0.0320868, max=0.108275 (LTH2)
Frame 271 (t=1.084):	total squared error = 0.0329686, marker error: RMS=0.0320978, max=0.106825 (LTH2)
Frame 272 (t=1.088):	total squared error = 0.0331203, marker error: RMS=0.0321716, max=0.105656 (LTH2)
Frame 273 (t=1.092):	total squared error = 0.0332907, marker error: RMS=0.0322542, max=0.104503 (LTH2)
Frame 274 (t=1.096):	total squared error = 0.03355, marker error: RMS=0.0323796, max=0.103248 (LTH2)
Frame 275 (t=1.1):	total squared error = 0.0338381, marker error: RMS=0.0325183, max=0.10206 (LTH2)
Frame 276 (t=1.104):	total squared error = 0.0341817, marker error: RMS=0.032683, max=0.10126 (LTH2)
Frame 277 (t=1.108):	total squared error = 0.034548, marker error: RMS=0.0328576, max=0.100528 (LTH2)
Frame 278 (t=1.112):	total squared error = 0.0348786, marker error: RMS=0.0330145, max=0.100901 (LTH1)
Frame 279 (t=1.116):	total squared error = 0.0351474, marker error: RMS=0.0331415, max=0.101262 (LTH1)
Frame 280 (t=1.12):	total squared error = 0.0354191, marker error: RMS=0.0332693, max=0.101631 (LTH1)
Frame 281 (t=1.124):	total squared error = 0.0357761, marker error: RMS=0.0334366, max=0.101958 (LTH1)
Frame 282 (t=1.128):	total squared error = 0.0359232, marker error: RMS=0.0335052, max=0.101738 (LTH1)
Frame 283 (t=1.132):	total squared error = 0.0361053, marker error: RMS=0.03359, max=0.101517 (LTH1)
Frame 284 (t=1.136):	total squared error = 0.0362242, marker error: RMS=0.0336453, max=0.101282 (LTH1)
Frame 285 (t=1.14):	total squared error = 0.0362513, marker error: RMS=0.0336579, max=0.101175 (LTH1)
Frame 286 (t=1.144):	total squared error = 0.0361439, marker error: RMS=0.033608, max=0.101498 (LTH1)
Frame 287 (t=1.148):	total squared error = 0.0363008, marker error: RMS=0.0336808, max=0.10078 (LTH1)
InverseKinematicsTool completed 71 frames in 2 second(s)

Storage: read data file =ikResults.mot (nr=71 nc=26)
Storage: read data file =ikResults.mot (nr=71 nc=26)
Loaded model scaledModel from file scaledModelMuscle.osim
Loaded model scaledModel from file model2D.osim
Storage: read data file =refQ.sto (nr=71 nc=26)
Storage: read data file =refQ.sto (nr=71 nc=26)
Adding reserve actuators with an optimal force of 1000...
Added 9 reserve actuator(s), for each of the following coordinates:
  /jointset/walker_knee_r/knee_angle_r
  /jointset/ankle_r/ankle_angle_r
  /jointset/walker_knee_l/knee_angle_l
  /jointset/ankle_l/ankle_angle_l
  /jointset/hip_r/hip_flexion_r
  /jointset/hip_l/hip_flexion_l
  /jointset/ground_pelvis/pelvis_tilt
  /jointset/ground_pelvis/pelvis_tx
  /jointset/ground_pelvis/pelvis_ty
===============================================================================
MocoCasADiSolver starting. Tue Sep 15 16:12:17 2020
-------------------------------------------------------------------------------
Costs: (total: 3)
  state_tracking. MocoStateTrackingGoal, enabled: 1, mode: cost, weight: 5
        state: /jointset/ground_pelvis/pelvis_tilt/value, weight: 50
        state: /jointset/ground_pelvis/pelvis_tx/value, weight: 1
        state: /jointset/ground_pelvis/pelvis_ty/value, weight: 1
        state: /jointset/hip_r/hip_flexion_r/value, weight: 25
        state: /jointset/walker_knee_r/knee_angle_r/value, weight: 50
        state: /jointset/patellofemoral_r/knee_angle_r_beta/value, weight: 0
        state: /jointset/ankle_r/ankle_angle_r/value, weight: 25
        state: /jointset/hip_l/hip_flexion_l/value, weight: 25
        state: /jointset/walker_knee_l/knee_angle_l/value, weight: 50
        state: /jointset/patellofemoral_l/knee_angle_l_beta/value, weight: 0
        state: /jointset/ankle_l/ankle_angle_l/value, weight: 25
        state: /jointset/back/lumbar_extension/value, weight: 5
        state: /jointset/walker_knee_r/knee_angle_r/speed, weight: 1
        state: /jointset/patellofemoral_r/knee_angle_r_beta/speed, weight: 0
        state: /jointset/ankle_r/ankle_angle_r/speed, weight: 1
        state: /jointset/walker_knee_l/knee_angle_l/speed, weight: 1
        state: /jointset/patellofemoral_l/knee_angle_l_beta/speed, weight: 0
        state: /jointset/ankle_l/ankle_angle_l/speed, weight: 1
        state: /jointset/hip_r/hip_flexion_r/speed, weight: 1
        state: /jointset/hip_l/hip_flexion_l/speed, weight: 1
        state: /jointset/back/lumbar_extension/speed, weight: 1
        state: /jointset/ground_pelvis/pelvis_tilt/speed, weight: 1
        state: /jointset/ground_pelvis/pelvis_tx/speed, weight: 1
        state: /jointset/ground_pelvis/pelvis_ty/speed, weight: 1
  control_effort. MocoControlGoal, enabled: 1, mode: cost, weight: 0.01
        control: /forceset/tau_lumbar_ext, weight: 1
        control: /forceset/reserve_jointset_walker_knee_r_knee_angle_r, weight: 1
        control: /forceset/reserve_jointset_ankle_r_ankle_angle_r, weight: 1
        control: /forceset/reserve_jointset_walker_knee_l_knee_angle_l, weight: 1
        control: /forceset/reserve_jointset_ankle_l_ankle_angle_l, weight: 1
        control: /forceset/reserve_jointset_hip_r_hip_flexion_r, weight: 1
        control: /forceset/reserve_jointset_hip_l_hip_flexion_l, weight: 1
        control: /forceset/reserve_jointset_ground_pelvis_pelvis_tilt, weight: 1
        control: /forceset/reserve_jointset_ground_pelvis_pelvis_tx, weight: 1
        control: /forceset/reserve_jointset_ground_pelvis_pelvis_ty, weight: 1
  contact. MocoContactTrackingGoal, enabled: 1, mode: cost, weight: 1
        projection type: plane
        projection vector: ~[0,0,1]
        group 0: ExternalForce: RightGRF
            forces: 
                /forceset/contactHeel_r
                /forceset/contactMH1_r
                /forceset/contactMH3_r
                /forceset/contactMH5_r
                /forceset/contactHallux_r
                /forceset/contactOtherToes_r
        group 1: ExternalForce: LeftGRF
            forces: 
                /forceset/contactHeel_l
                /forceset/contactMH1_l
                /forceset/contactMH3_l
                /forceset/contactMH5_l
                /forceset/contactHallux_l
                /forceset/contactOtherToes_l
Endpoint constraints: none
Kinematic constraints: (total: 2)
  kinematic_constraint_cid12. MocoConstraintInfo. number of scalar equations: 3. bounds: 0, 0, 0
  kinematic_constraint_cid13. MocoConstraintInfo. number of scalar equations: 3. bounds: 0, 0, 0
Path constraints: none
States: (total: 24)
  /jointset/ground_pelvis/pelvis_tx/value. bounds: [0, 5]
  /jointset/ankle_l/ankle_angle_l/value. bounds: [-0.698132, 0.523599]
  /jointset/ground_pelvis/pelvis_ty/value. bounds: [0.75, 1.25]
  /jointset/ground_pelvis/pelvis_tilt/value. bounds: [-0.349066, 0.174533]
  /jointset/back/lumbar_extension/value. bounds: [-0.523599, 0.0872665]
  /jointset/ankle_r/ankle_angle_r/value. bounds: [-0.698132, 0.523599]
  /jointset/hip_r/hip_flexion_r/value. bounds: [-0.523599, 1.5708]
  /jointset/back/lumbar_extension/speed. bounds: [-50, 50]
  /jointset/hip_l/hip_flexion_l/value. bounds: [-0.523599, 1.5708]
  /jointset/walker_knee_r/knee_angle_r/value. bounds: [0, 2.44346]
  /jointset/patellofemoral_l/knee_angle_l_beta/value. bounds: [-99999.9, 99999.9]
  /jointset/walker_knee_l/knee_angle_l/value. bounds: [0, 2.44346]
  /jointset/walker_knee_r/knee_angle_r/speed. bounds: [-50, 50]
  /jointset/patellofemoral_r/knee_angle_r_beta/value. bounds: [-99999.9, 99999.9]
  /jointset/patellofemoral_r/knee_angle_r_beta/speed. bounds: [-50, 50]
  /jointset/hip_r/hip_flexion_r/speed. bounds: [-50, 50]
  /jointset/ankle_r/ankle_angle_r/speed. bounds: [-50, 50]
  /jointset/patellofemoral_l/knee_angle_l_beta/speed. bounds: [-50, 50]
  /jointset/walker_knee_l/knee_angle_l/speed. bounds: [-50, 50]
  /jointset/ground_pelvis/pelvis_ty/speed. bounds: [-50, 50]
  /jointset/ankle_l/ankle_angle_l/speed. bounds: [-50, 50]
  /jointset/hip_l/hip_flexion_l/speed. bounds: [-50, 50]
  /jointset/ground_pelvis/pelvis_tilt/speed. bounds: [-50, 50]
  /jointset/ground_pelvis/pelvis_tx/speed. bounds: [-50, 50]
Controls: (total: 10):
  /forceset/tau_lumbar_ext. bounds: [-inf, inf]
  /forceset/reserve_jointset_walker_knee_r_knee_angle_r. bounds: [-inf, inf]
  /forceset/reserve_jointset_ankle_r_ankle_angle_r. bounds: [-inf, inf]
  /forceset/reserve_jointset_walker_knee_l_knee_angle_l. bounds: [-inf, inf]
  /forceset/reserve_jointset_ankle_l_ankle_angle_l. bounds: [-inf, inf]
  /forceset/reserve_jointset_ground_pelvis_pelvis_ty. bounds: [-inf, inf]
  /forceset/reserve_jointset_hip_r_hip_flexion_r. bounds: [-inf, inf]
  /forceset/reserve_jointset_hip_l_hip_flexion_l. bounds: [-inf, inf]
  /forceset/reserve_jointset_ground_pelvis_pelvis_tilt. bounds: [-inf, inf]
  /forceset/reserve_jointset_ground_pelvis_pelvis_tx. bounds: [-inf, inf]
Parameters: none
Number of threads: 8

List of user-set options:

                                    Name   Value                used
                acceptable_compl_inf_tol = 0.01                  yes
              acceptable_constr_viol_tol = 0.01                  yes
                 acceptable_dual_inf_tol = 0.01                  yes
                          acceptable_tol = 0.01                  yes
                           compl_inf_tol = 0.01                  yes
                         constr_viol_tol = 0.01                  yes
                            dual_inf_tol = 0.01                  yes
                   hessian_approximation = limited-memory        yes
                                max_iter = 1000                  yes
                      print_user_options = yes                   yes
                                     tol = 0.01                  yes

******************************************************************************
This program contains Ipopt, a library for large-scale nonlinear optimization.
 Ipopt is released as open source code under the Eclipse Public License (EPL).
         For more information visit http://projects.coin-or.org/Ipopt
******************************************************************************

This is Ipopt version 3.12.8, running with linear solver mumps.
NOTE: Other linear solvers might be more efficient (see Ipopt documentation).

Number of nonzeros in equality constraint Jacobian...:   284016
Number of nonzeros in inequality constraint Jacobian.:        0
Number of nonzeros in Lagrangian Hessian.............:        0

Total number of variables............................:     7436
                     variables with only lower bounds:        0
                variables with lower and upper bounds:     5426
                     variables with only upper bounds:        0
Total number of equality constraints.................:     6406
Total number of inequality constraints...............:        0
        inequality constraints with only lower bounds:        0
   inequality constraints with lower and upper bounds:        0
        inequality constraints with only upper bounds:        0

iter    objective    inf_pr   inf_du lg(mu)  ||d||  lg(rg) alpha_du alpha_pr  ls
   0  1.6358442e+05 2.62e+04 2.92e-02   0.0 0.00e+00    -  0.00e+00 0.00e+00   0
   1  9.0489761e+03 4.78e+03 2.05e+03  -2.1 8.81e-01    -  7.53e-01 1.00e+00h  1
   2  8.1163426e+02 2.00e+03 1.47e+02  -2.7 1.21e+00    -  9.26e-01 1.00e+00h  1
   3  4.7818533e+02 1.37e+03 2.22e+02   0.0 4.02e+01    -  9.90e-01 2.18e-02f  1
   4  3.3534932e+02 7.87e+02 1.35e+01  -1.3 1.30e+00    -  9.79e-01 1.00e+00h  1
   5  3.2690733e+02 5.43e+01 3.15e+00  -7.0 5.64e-01    -  9.61e-01 1.00e+00h  1
   6  3.1295261e+02 1.66e+01 1.75e-01  -4.5 9.08e-02    -  9.83e-01 1.00e+00h  1
   7  2.0660656e+02 1.52e+02 1.23e-01 -10.0 3.39e+00    -  5.38e-01 2.50e-01h  3
   8  1.6536805e+02 2.71e+02 8.17e-02  -6.0 1.03e+00    -  8.80e-01 1.00e+00h  1
   9  1.3540238e+02 6.04e+02 3.38e-02  -5.0 1.07e+00    -  1.00e+00 1.00e+00h  1
iter    objective    inf_pr   inf_du lg(mu)  ||d||  lg(rg) alpha_du alpha_pr  ls
  10  1.1759466e+02 4.52e+02 7.20e-02  -5.6 1.45e+00    -  1.00e+00 2.50e-01h  3
  11  1.1488940e+02 5.73e+02 3.47e-02  -5.1 9.85e-01    -  1.00e+00 1.00e+00h  1
  12  9.7747192e+01 6.06e+02 5.72e-02  -5.7 1.09e+00    -  1.00e+00 1.00e+00h  1
  13  8.6687256e+01 8.75e+02 7.67e-02  -6.6 8.00e-01    -  1.00e+00 1.00e+00h  1
  14  7.3670335e+01 3.77e+02 8.75e-02  -7.4 1.30e+00    -  1.00e+00 1.00e+00h  1
  15  5.6468177e+01 1.93e+02 1.22e-01  -8.1 5.34e-01    -  1.00e+00 1.00e+00h  1
  16  4.8071824e+01 1.47e+02 3.88e-02  -8.6 1.14e+00    -  1.00e+00 1.00e+00h  1
  17  4.6864567e+01 1.12e+02 8.07e-02  -8.9 1.19e+00    -  1.00e+00 1.00e+00h  1
  18  5.1692110e+01 1.27e+02 5.99e-02  -9.9 1.06e+00    -  1.00e+00 1.00e+00h  1
  19  3.7273651e+01 1.24e+02 5.09e-02 -10.2 9.79e-01    -  1.00e+00 1.00e+00h  1
iter    objective    inf_pr   inf_du lg(mu)  ||d||  lg(rg) alpha_du alpha_pr  ls
  20  3.8398284e+01 3.59e+01 3.58e-02 -11.0 6.74e-01    -  1.00e+00 1.00e+00H  1
  21  2.8579377e+01 2.46e+01 9.65e-03 -11.0 2.07e-01    -  1.00e+00 1.00e+00h  1
  22  2.6775065e+01 4.63e+00 6.04e-03 -11.0 1.37e-01    -  1.00e+00 1.00e+00h  1
  23  2.4773433e+01 1.36e+02 5.97e-03 -11.0 3.96e-01    -  1.00e+00 1.00e+00h  1
  24  2.3422390e+01 1.43e+02 7.24e-03 -11.0 7.68e-01    -  1.00e+00 1.00e+00h  1
  25  2.3364566e+01 1.83e+02 1.10e-02 -11.0 2.26e+00    -  1.00e+00 1.25e-01h  4
  26  2.2704292e+01 3.18e+01 1.60e-03 -11.0 2.22e-01    -  1.00e+00 1.00e+00h  1
  27  2.2465010e+01 8.04e-01 1.56e-03 -11.0 9.73e-02    -  1.00e+00 1.00e+00h  1
  28  2.2257745e+01 1.01e+01 5.57e-03 -11.0 2.45e-01    -  1.00e+00 1.00e+00h  1
  29  2.1998978e+01 1.92e+02 5.34e-03  -9.0 2.91e+00    -  1.00e+00 1.02e-01h  4
iter    objective    inf_pr   inf_du lg(mu)  ||d||  lg(rg) alpha_du alpha_pr  ls
  30  2.8529437e+01 2.49e+01 1.30e-02  -9.5 8.39e-01    -  1.00e+00 1.00e+00H  1
  31  2.1597625e+01 1.35e+02 6.86e-03  -9.6 4.50e-01    -  1.00e+00 1.00e+00h  1
  32  2.3874553e+01 2.16e+02 1.31e-02 -10.5 6.56e-01    -  1.00e+00 1.00e+00h  1
  33  2.9619591e+01 1.66e+02 2.99e-02 -10.6 3.08e-01    -  1.00e+00 1.00e+00h  1
  34  2.2226481e+01 8.08e+01 6.95e-03 -10.6 7.21e-01    -  1.00e+00 1.00e+00h  1
  35  2.1751294e+01 1.73e+02 5.17e-03 -10.6 7.39e-01    -  1.00e+00 5.00e-01h  2
  36  2.1749279e+01 1.21e+02 7.33e-03 -11.0 2.72e-01    -  1.00e+00 1.00e+00h  1
  37  2.7629363e+01 1.79e+00 3.12e-02 -11.0 1.69e-01    -  1.00e+00 1.00e+00H  1
  38  2.1114255e+01 1.98e+02 2.08e-03 -11.0 2.00e-01    -  1.00e+00 1.00e+00h  1
  39  2.1064166e+01 5.24e-01 4.94e-04 -11.0 4.13e-02    -  1.00e+00 1.00e+00h  1
iter    objective    inf_pr   inf_du lg(mu)  ||d||  lg(rg) alpha_du alpha_pr  ls
  40  2.1655170e+01 7.18e-02 6.51e-03 -11.0 2.62e-01    -  1.00e+00 1.00e+00H  1
  41  2.1161621e+01 8.63e+00 7.31e-03 -11.0 1.03e-01    -  1.00e+00 1.00e+00h  1
  42  2.1300890e+01 6.34e+00 8.30e-03 -11.0 2.14e-01    -  1.00e+00 1.00e+00H  1
  43  2.1032898e+01 3.96e+00 1.97e-03 -11.0 1.46e-01    -  1.00e+00 1.00e+00h  1
  44  2.1134956e+01 4.47e+00 3.94e-03 -11.0 2.10e-01    -  1.00e+00 1.00e+00H  1
  45  2.0775261e+01 6.61e+00 9.80e-04 -11.0 1.38e-01    -  1.00e+00 1.00e+00h  1
  46  2.0740434e+01 2.11e+02 4.72e-04 -11.0 4.55e-02    -  1.00e+00 1.00e+00h  1
  47  2.0713914e+01 1.13e+00 1.37e-03 -11.0 3.91e-02    -  1.00e+00 1.00e+00h  1
  48  2.0687626e+01 3.35e+00 2.45e-03 -11.0 3.08e-01    -  1.00e+00 2.50e-01h  3
  49  2.1489199e+01 8.61e-01 8.33e-03 -11.0 1.57e-01    -  1.00e+00 1.00e+00H  1
iter    objective    inf_pr   inf_du lg(mu)  ||d||  lg(rg) alpha_du alpha_pr  ls
  50  2.0552580e+01 2.16e+02 7.47e-04 -11.0 8.81e-02    -  1.00e+00 1.00e+00h  1
  51  2.0517458e+01 8.48e-01 2.98e-04 -11.0 4.44e-02    -  1.00e+00 1.00e+00h  1
  52  2.0490752e+01 1.28e+00 1.16e-03 -11.0 3.49e-01    -  1.00e+00 2.50e-01h  3
  53  2.0509844e+01 3.23e-01 5.36e-03 -11.0 3.49e-01    -  1.00e+00 1.00e+00H  1
  54  2.0465967e+01 2.90e+00 5.03e-03  -9.0 9.79e-01    -  1.00e+00 9.90e-02h  2
  55  2.0401085e+01 6.46e+00 4.67e-03  -9.6 3.62e-01    -  1.00e+00 2.50e-01h  3
  56  2.1632272e+01 2.23e+00 1.06e-02  -9.3 2.99e-01    -  1.00e+00 1.00e+00H  1
  57  2.0735244e+01 9.10e+00 9.02e-03  -9.4 1.13e-01    -  1.00e+00 1.00e+00h  1
  58  2.0348560e+01 1.20e+01 3.83e-03  -9.4 1.41e+00    -  1.00e+00 1.19e-01h  3
  59  2.0214333e+01 5.15e+00 1.51e-03 -10.6 1.15e-01    -  1.00e+00 1.00e+00h  1
iter    objective    inf_pr   inf_du lg(mu)  ||d||  lg(rg) alpha_du alpha_pr  ls
  60  2.0147909e+01 1.67e+00 5.04e-04 -11.0 6.24e-02    -  1.00e+00 1.00e+00h  1
  61  2.0133311e+01 2.25e+00 1.38e-03  -9.0 3.29e-01    -  1.00e+00 1.98e-01h  2
  62  2.0105175e+01 2.02e+00 1.39e-03  -7.9 6.33e-01    -  1.00e+00 1.25e-01h  4
  63  2.0442423e+01 5.13e-01 3.04e-03  -7.6 1.24e-01    -  1.00e+00 1.00e+00H  1
  64  2.0271401e+01 2.04e+02 4.70e-03  -8.0 3.17e-01    -  1.00e+00 5.00e-01h  2
  65  2.0831994e+01 5.47e-01 6.21e-03  -8.1 5.84e-02    -  1.77e-01 1.00e+00H  1
  66  1.9983449e+01 6.18e+00 1.40e-03  -8.1 5.03e-02    -  1.00e+00 1.00e+00h  1
  67  1.9965803e+01 2.15e-01 4.43e-04  -7.8 3.02e-02    -  1.00e+00 1.00e+00h  1
  68  2.5217230e+01 7.99e-01 8.67e-03  -7.9 7.50e-01    -  1.00e+00 1.00e+00H  1
  69  2.2073167e+01 1.30e+02 3.70e-03  -8.0 2.98e-01    -  1.00e+00 1.00e+00h  1
iter    objective    inf_pr   inf_du lg(mu)  ||d||  lg(rg) alpha_du alpha_pr  ls
  70  2.1372188e+01 1.19e+02 3.58e-03  -8.0 8.44e-01    -  1.00e+00 8.66e-02h  1
  71  2.0623169e+01 1.24e+01 8.72e-03  -8.0 4.88e-01    -  1.87e-01 1.00e+00h  1
  72  2.0490819e+01 1.55e+01 5.04e-03  -8.0 5.69e+00    -  1.93e-01 2.90e-02h  5
  73  2.0226177e+01 1.41e+01 3.97e-03  -8.0 3.72e-01    -  1.00e+00 1.13e-01h  1
  74  2.0068522e+01 3.46e+01 3.29e-03  -8.0 1.78e-01    -  1.00e+00 1.00e+00h  1
  75  2.0004989e+01 3.20e+01 1.58e-03  -8.0 1.30e+00    -  1.66e-01 6.25e-02h  5
  76  2.4152450e+01 1.94e+01 1.10e-02  -8.0 2.88e-01    -  1.18e-01 1.00e+00H  1
  77  1.9947496e+01 2.50e+02 3.05e-03  -8.0 1.85e-01    -  1.00e+00 1.00e+00h  1
  78  1.9885244e+01 4.34e+00 4.55e-03  -8.0 5.43e-02    -  4.38e-01 1.00e+00h  1
  79  1.9888054e+01 5.92e-02 2.97e-03  -9.6 7.30e-02    -  1.00e+00 1.00e+00H  1
iter    objective    inf_pr   inf_du lg(mu)  ||d||  lg(rg) alpha_du alpha_pr  ls
  80  1.9862390e+01 5.52e-01 1.50e-03  -9.8 5.63e-02    -  1.00e+00 2.50e-01h  3
  81  1.9770983e+01 4.26e-01 8.97e-04  -8.6 3.96e-02    -  1.00e+00 1.00e+00h  1
  82  2.0197037e+01 7.36e+00 4.18e-03  -8.8 3.25e-02    -  1.00e+00 9.57e-01H  1
  83  1.9806787e+01 7.54e+01 5.86e-03  -8.9 1.44e-01    -  1.54e-01 1.00e+00h  1
  84  1.9749558e+01 3.18e+00 1.25e-03  -8.9 8.48e-02    -  1.00e+00 1.00e+00h  1
  85  1.9780902e+01 4.46e-01 8.73e-04  -8.6 2.98e-02    -  1.00e+00 1.00e+00h  1
  86  1.9733864e+01 5.83e-01 2.85e-04 -10.2 2.05e-02    -  1.00e+00 1.00e+00h  1
  87  1.9730046e+01 1.16e-02 2.20e-04 -11.0 9.78e-03    -  1.00e+00 1.00e+00h  1
  88  1.9728734e+01 4.07e-02 6.94e-04  -9.0 8.52e-02    -  1.00e+00 1.75e-01h  3
  89  1.9713765e+01 4.16e-01 5.33e-04  -9.6 4.70e-02    -  1.00e+00 1.00e+00h  1
iter    objective    inf_pr   inf_du lg(mu)  ||d||  lg(rg) alpha_du alpha_pr  ls
  90  2.0184576e+01 9.34e-02 3.61e-03 -10.6 3.17e-01    -  1.00e+00 1.00e+00H  1
  91  2.0464293e+01 1.13e-01 6.96e-03 -10.7 1.14e-01    -  8.01e-01 1.00e+00H  1
  92  2.0455954e+01 1.13e-01 6.91e-03 -10.7 1.43e-01    -  1.00e+00 4.72e-03h  1
  93  1.9873184e+01 4.25e+01 3.56e-03 -10.7 1.31e-01    -  1.00e+00 1.00e+00f  1
  94  1.9808878e+01 3.74e+01 2.87e-03 -10.7 9.45e-02    -  2.60e-01 1.00e+00h  1
  95  1.9808231e+01 3.73e+01 2.86e-03 -10.7 1.97e-01    -  1.00e+00 1.77e-03h  1
  96  2.0178563e+01 3.00e+01 7.01e-03 -10.7 1.12e-01    -  1.00e+00 2.50e-01h  3
  97  1.9687617e+01 2.11e+02 5.64e-04 -10.7 8.69e-02    -  1.00e+00 1.00e+00h  1
  98  1.9679875e+01 2.09e+02 2.76e-04 -10.7 1.28e-02    -  8.27e-01 1.00e+00h  1
  99  1.9859722e+01 2.92e+01 1.76e-03 -10.7 1.20e-01    -  5.26e-01 1.00e+00h  1
iter    objective    inf_pr   inf_du lg(mu)  ||d||  lg(rg) alpha_du alpha_pr  ls
 100  1.9672102e+01 3.79e+01 7.98e-04 -10.7 7.02e-02    -  1.00e+00 8.05e-01h  1
 101  1.9669312e+01 1.01e-01 1.64e-04 -11.0 4.46e-02    -  2.81e-01 1.00e+00h  1
 102  1.9866947e+01 1.68e-01 2.59e-03 -10.0 6.93e-02    -  1.00e+00 1.00e+00H  1
 103  1.9672551e+01 5.22e+00 1.18e-03 -10.1 3.04e-02    -  1.00e+00 1.00e+00h  1
 104  1.9669417e+01 1.31e+00 1.24e-03 -10.1 3.69e-02    -  1.00e+00 1.00e+00h  1
 105  1.9657911e+01 4.47e-01 6.41e-04 -10.1 3.01e-02    -  7.73e-01 1.00e+00h  1
 106  2.0398852e+01 4.31e-02 7.46e-03 -11.0 1.49e-01    -  1.00e+00 1.00e+00H  1
 107  1.9651162e+01 2.72e+00 2.54e-04 -11.0 1.28e-01    -  5.01e-01 1.00e+00h  1
 108  1.9649104e+01 3.22e-01 4.10e-04 -11.0 1.35e-02    -  1.00e+00 1.00e+00h  1
 109  1.9645214e+01 2.62e-01 2.77e-04 -11.0 2.08e-02    -  1.00e+00 1.00e+00h  1
iter    objective    inf_pr   inf_du lg(mu)  ||d||  lg(rg) alpha_du alpha_pr  ls
 110  1.9804071e+01 9.61e-02 3.19e-03 -11.0 1.31e-01    -  1.00e+00 1.00e+00H  1
 111  2.0715915e+01 1.62e-02 8.25e-03 -11.0 7.48e-01    -  6.03e-01 1.00e+00H  1
 112  2.0700635e+01 1.62e-02 8.24e-03 -11.0 1.39e+00    -  3.82e-01 3.91e-03h  9
 113  2.0673866e+01 1.61e-02 8.17e-03 -11.0 5.50e-01    -  1.00e+00 7.81e-03h  8
 114  2.0665567e+01 1.60e-02 8.17e-03 -11.0 1.38e+00    -  1.00e+00 1.95e-03h 10
 115  2.0651105e+01 1.60e-02 8.09e-03 -11.0 2.13e+00    -  1.00e+00 1.14e-03h  9
 116  2.0646007e+01 1.60e-02 8.08e-03 -11.0 9.52e-01    -  1.00e+00 1.37e-03h  9
 117  2.0407218e+01 1.29e+03 6.97e-03 -11.0 6.24e-01    -  1.00e+00 1.07e-01H  1
 118  2.0404943e+01 6.14e+02 9.89e-03 -11.0 1.39e+00  -4.0 2.34e-04 5.00e-01h  2
 119  2.0365795e+01 4.58e+02 5.00e-03 -11.0 8.22e-01    -  5.62e-02 2.50e-01h  3
iter    objective    inf_pr   inf_du lg(mu)  ||d||  lg(rg) alpha_du alpha_pr  ls
 120  2.1396448e+01 2.08e-02 5.90e-03 -11.0 4.84e-01    -  6.06e-02 1.00e+00H  1
 121  2.1364549e+01 3.10e-02 5.62e-03 -11.0 5.83e-01    -  2.21e-01 3.57e-03h  9
 122  1.9857055e+01 1.83e+02 3.28e-03 -11.0 1.91e-01    -  1.00e+00 1.00e+00h  1
 123  2.0511959e+01 3.60e+00 5.46e-03 -11.0 3.04e-01    -  1.00e+00 1.00e+00H  1
 124  1.9914117e+01 7.79e+00 3.51e-03 -11.0 8.73e-02    -  1.00e+00 1.00e+00h  1
 125  1.9620392e+01 7.76e+00 3.19e-03 -11.0 6.73e-02    -  1.00e+00 1.00e+00h  1
 126  1.9906274e+01 3.61e+01 9.14e-03 -11.0 5.77e-02    -  1.00e+00 1.00e+00h  1
 127  1.9575223e+01 3.37e+01 4.56e-04 -11.0 1.12e-01    -  1.00e+00 1.00e+00h  1
 128  1.9548637e+01 8.77e+00 1.21e-03  -9.0 8.45e-02    -  1.00e+00 7.94e-01h  1
 129  1.9614568e+01 1.97e+01 1.54e-03  -9.9 2.39e-01    -  1.00e+00 2.50e-01h  3
iter    objective    inf_pr   inf_du lg(mu)  ||d||  lg(rg) alpha_du alpha_pr  ls
 130  1.9542500e+01 3.04e+01 3.20e-04 -10.0 2.98e-02    -  1.61e-01 1.00e+00h  1
 131  1.9575844e+01 1.18e+00 9.46e-04  -9.0 2.81e-02    -  1.00e+00 1.00e+00h  1
 132  1.9532122e+01 1.02e+00 2.82e-04  -8.8 1.56e-02    -  1.00e+00 1.00e+00h  1
 133  1.9531018e+01 2.50e-01 4.68e-04  -9.4 1.43e-02    -  1.00e+00 1.00e+00h  1
 134  1.9529867e+01 1.36e-01 7.46e-04  -9.9 9.58e-03    -  1.00e+00 1.00e+00h  1
 135  1.9525592e+01 5.66e-01 2.03e-04 -11.0 6.19e-03    -  1.00e+00 1.00e+00h  1
 136  1.9525532e+01 3.28e-01 8.07e-04 -11.0 1.10e-02    -  1.00e+00 1.00e+00h  1
 137  1.9518690e+01 4.94e-02 5.05e-04 -11.0 2.15e-02    -  1.00e+00 1.00e+00h  1
 138  1.9514720e+01 6.85e-01 7.51e-04 -11.0 6.54e-02    -  1.00e+00 1.00e+00h  1
 139  1.9630656e+01 9.03e+00 1.37e-03 -11.0 1.07e-01    -  1.00e+00 1.00e+00H  1
iter    objective    inf_pr   inf_du lg(mu)  ||d||  lg(rg) alpha_du alpha_pr  ls
 140  1.9545644e+01 4.13e+01 9.95e-04 -11.0 7.46e-02    -  1.00e+00 1.00e+00h  1
 141  2.0025275e+01 3.76e-02 5.65e-03 -11.0 7.28e-02    -  1.00e+00 1.00e+00H  1
 142  1.9533600e+01 3.74e+00 1.84e-03 -11.0 1.13e-01    -  5.43e-01 1.00e+00h  1
 143  2.0248866e+01 2.64e-02 6.77e-03 -11.0 1.66e-01    -  1.00e+00 1.00e+00H  1
 144  1.9527110e+01 2.30e+01 2.54e-03 -11.0 1.65e-01    -  1.00e+00 1.00e+00h  1
 145  1.9500428e+01 2.08e+01 7.24e-04 -11.0 1.09e-01    -  1.00e+00 9.54e-02h  4
 146  1.9494662e+01 2.42e-01 2.13e-04 -11.0 1.81e-02    -  1.00e+00 1.00e+00h  1
 147  1.9494852e+01 7.15e-02 2.96e-04 -11.0 1.20e-02    -  1.00e+00 1.00e+00H  1
 148  1.9491385e+01 9.48e-01 1.11e-04 -11.0 1.27e-02    -  1.00e+00 1.00e+00h  1
 149  1.9490041e+01 2.40e-02 1.70e-04 -11.0 8.24e-03    -  1.00e+00 1.00e+00h  1
iter    objective    inf_pr   inf_du lg(mu)  ||d||  lg(rg) alpha_du alpha_pr  ls
 150  1.9507342e+01 9.94e-04 1.11e-03 -11.0 3.82e-02    -  1.00e+00 1.00e+00H  1
 151  1.9488376e+01 4.45e-01 5.71e-04 -11.0 1.30e-02    -  1.00e+00 1.00e+00h  1
 152  1.9519645e+01 2.08e-02 2.69e-03 -11.0 8.98e-03    -  1.00e+00 1.00e+00H  1
 153  1.9482606e+01 7.34e-01 1.26e-04 -11.0 6.13e-03    -  1.00e+00 1.00e+00h  1
 154  1.9481986e+01 4.89e-03 7.82e-05 -11.0 5.36e-03    -  1.00e+00 1.00e+00h  1
 155  1.9480568e+01 4.11e-01 3.55e-04  -9.0 5.69e-01    -  1.00e+00 4.26e-02h  5
 156  1.9506305e+01 4.50e+00 1.41e-03  -9.1 1.79e-01    -  1.00e+00 1.00e+00h  1
 157  2.1704142e+01 2.28e-01 1.31e-02  -9.1 9.61e-01    -  1.00e+00 1.00e+00H  1
 158  2.1220061e+01 1.24e+00 1.18e-02  -9.1 6.42e-01    -  1.00e+00 6.25e-02h  5
 159  2.1021722e+01 1.33e+00 1.05e-02  -9.1 3.61e+00    -  1.00e+00 2.25e-02h  6
iter    objective    inf_pr   inf_du lg(mu)  ||d||  lg(rg) alpha_du alpha_pr  ls
 160  2.0978273e+01 1.34e+00 1.09e-02  -9.1 5.32e+00    -  1.00e+00 4.13e-03h  6
 161  2.1102249e+01 1.10e+00 1.24e-02  -9.1 1.42e+00    -  3.40e-01 1.00e+00H  1
 162  2.0997012e+01 1.09e+00 1.22e-02  -9.1 1.30e+01    -  1.96e-01 2.30e-03h  7
 163  2.0707055e+01 2.98e+00 1.12e-02  -9.1 2.82e-01    -  1.00e+00 6.25e-02h  5
 164  2.0648060e+01 3.14e+00 1.08e-02  -9.1 3.64e-01    -  9.25e-01 1.56e-02h  7
 165  2.0489794e+01 3.54e+00 1.07e-02  -9.1 1.00e+00    -  1.00e+00 3.13e-02h  6
 166  2.0444217e+01 3.67e+00 1.05e-02  -9.1 3.48e+00    -  6.54e-01 2.42e-03h  8
 167  1.9885657e+01 7.89e+01 6.59e-03  -9.1 6.01e-01    -  3.89e-01 2.50e-01h  3
 168  1.9632524e+01 1.24e+02 3.51e-03  -9.1 2.80e-01    -  1.00e+00 1.00e+00h  1
 169  1.9622239e+01 1.16e+02 3.22e-03  -9.1 9.06e-01    -  1.00e+00 6.25e-02h  5
iter    objective    inf_pr   inf_du lg(mu)  ||d||  lg(rg) alpha_du alpha_pr  ls
 170  1.9555417e+01 3.26e+00 2.00e-03  -9.1 1.00e-01    -  1.00e+00 1.00e+00h  1
 171  1.9662703e+01 5.10e+00 3.81e-03  -9.1 3.20e-01    -  1.00e+00 1.00e+00H  1
 172  2.2373223e+01 2.67e+00 1.29e-02  -9.1 2.93e-01    -  1.00e+00 1.00e+00H  1
 173  1.9526356e+01 2.47e+01 2.35e-03  -9.1 2.23e-01    -  1.00e+00 1.00e+00h  1
 174  1.9653534e+01 3.59e+01 5.45e-03  -9.1 1.52e-01    -  1.00e+00 1.00e+00h  1
 175  1.9718751e+01 1.12e+00 5.56e-03  -9.1 1.52e-01    -  1.00e+00 1.00e+00H  1
 176  2.0349653e+01 1.06e+00 5.05e-03  -9.1 1.62e-01    -  1.00e+00 1.00e+00H  1
 177  2.0130358e+01 2.52e-01 7.41e-03  -9.1 3.65e-01    -  1.00e+00 1.00e+00H  1
 178  1.9975846e+01 2.67e-01 5.88e-03  -9.1 3.06e-01    -  1.00e+00 6.25e-02h  5
 179  1.9601598e+01 5.93e-01 2.83e-03  -9.1 1.38e-01    -  1.00e+00 1.00e+00H  1
iter    objective    inf_pr   inf_du lg(mu)  ||d||  lg(rg) alpha_du alpha_pr  ls
 180  2.3971081e+01 2.71e-01 1.93e-02  -9.1 2.42e-01    -  1.00e+00 1.00e+00H  1
 181  1.9589124e+01 3.20e+01 2.00e-03  -9.1 5.56e-01    -  1.00e+00 1.00e+00H  1
 182  1.9760958e+01 3.74e+00 5.51e-03  -9.1 9.66e-02    -  1.00e+00 1.00e+00h  1
 183  1.9604073e+01 2.56e+00 4.94e-03  -9.1 5.41e-02    -  1.00e+00 1.00e+00H  1
 184  1.9538875e+01 2.26e+01 2.68e-03  -9.1 9.93e-02    -  1.00e+00 1.00e+00h  1
 185  1.9515989e+01 3.21e-01 1.68e-03  -9.1 2.66e-02    -  1.00e+00 1.00e+00h  1
 186  1.9477414e+01 1.90e+00 5.01e-04  -9.1 2.66e-02    -  1.00e+00 1.00e+00h  1
 187  1.9474204e+01 7.76e-02 3.07e-04 -11.0 1.55e-02    -  1.00e+00 1.00e+00h  1
 188  1.9460643e+01 2.03e+00 3.63e-04 -11.0 8.03e-03    -  1.00e+00 1.00e+00h  1
 189  1.9463183e+01 2.27e+00 6.55e-04 -11.0 2.82e-02    -  1.00e+00 1.00e+00h  1
iter    objective    inf_pr   inf_du lg(mu)  ||d||  lg(rg) alpha_du alpha_pr  ls
 190  1.9454829e+01 2.42e+00 2.13e-04 -11.0 7.34e-03    -  1.00e+00 1.00e+00h  1
 191  1.9453482e+01 3.25e-02 1.05e-04 -11.0 9.93e-03    -  1.00e+00 1.00e+00h  1
 192  1.9758396e+01 6.92e-02 7.71e-03 -11.0 2.43e-01    -  1.00e+00 1.00e+00H  1
 193  1.9470081e+01 3.91e+01 1.69e-03 -11.0 1.43e-01    -  1.00e+00 1.00e+00h  1
 194  1.9615782e+01 1.24e+00 4.29e-03 -11.0 1.15e-01    -  1.00e+00 1.00e+00H  1
 195  1.9449107e+01 4.98e+00 2.09e-04 -11.0 7.26e-02    -  1.00e+00 1.00e+00h  1
 196  1.9448874e+01 3.67e-01 4.07e-04 -11.0 2.80e-02    -  1.00e+00 1.00e+00h  1
 197  1.9448426e+01 7.10e-01 3.18e-04 -11.0 2.08e-02    -  1.00e+00 1.00e+00h  1
 198  1.9446144e+01 5.03e-01 1.50e-04 -11.0 6.96e-03    -  1.00e+00 1.00e+00h  1
 199  1.9445559e+01 4.78e-02 2.56e-04 -11.0 5.44e-03    -  1.00e+00 1.00e+00h  1
iter    objective    inf_pr   inf_du lg(mu)  ||d||  lg(rg) alpha_du alpha_pr  ls
 200  1.9444597e+01 1.67e-02 2.79e-04 -11.0 1.17e-02    -  1.00e+00 1.00e+00h  1
 201  1.9445525e+01 2.82e-02 7.23e-04 -11.0 9.55e-02    -  1.00e+00 1.00e+00H  1
 202  1.9444987e+01 2.62e-02 6.58e-04 -11.0 1.31e+00    -  1.00e+00 7.81e-03h  8
 203  1.9455647e+01 1.41e-02 1.06e-03 -11.0 4.32e-02    -  1.00e+00 1.00e+00H  1
 204  1.9753972e+01 2.07e-03 2.62e-03 -11.0 1.04e-01    -  1.00e+00 1.00e+00H  1
 205  1.9438633e+01 3.47e+01 4.39e-04 -11.0 1.13e-01    -  9.68e-01 1.00e+00h  1
 206  1.9445614e+01 1.06e+00 6.19e-04 -11.0 4.39e-02    -  1.00e+00 1.00e+00h  1
 207  1.9473185e+01 3.65e+00 1.04e-03 -11.0 4.77e-02    -  1.00e+00 1.00e+00h  1
 208  1.9432932e+01 1.12e+00 2.86e-04 -11.0 1.67e-02    -  1.00e+00 1.00e+00h  1
 209  1.9432870e+01 3.11e-01 3.96e-04 -11.0 1.08e-02    -  1.00e+00 1.00e+00h  1
iter    objective    inf_pr   inf_du lg(mu)  ||d||  lg(rg) alpha_du alpha_pr  ls
 210  1.9433335e+01 3.23e-02 5.31e-04 -11.0 1.10e-02    -  1.00e+00 1.00e+00h  1
 211  1.9430448e+01 3.02e-01 8.12e-05 -11.0 1.31e-02    -  1.00e+00 1.00e+00h  1
 212  1.9430210e+01 3.10e-01 2.15e-04 -11.0 1.44e-02    -  1.00e+00 1.00e+00h  1
 213  1.9440115e+01 9.63e-01 1.29e-03 -11.0 6.77e-02    -  1.00e+00 1.00e+00h  1
 214  1.9478565e+01 2.34e+00 3.95e-03 -11.0 2.04e-01    -  6.13e-01 1.00e+00H  1
 215  2.0182143e+01 1.59e-01 3.48e-03 -11.0 4.29e-01    -  1.00e+00 1.00e+00H  1
 216  2.0874968e+01 1.29e-01 9.75e-03 -11.0 1.72e-01    -  1.00e+00 1.00e+00H  1
 217  2.0772815e+01 1.60e-01 9.32e-03 -11.0 8.66e-01    -  1.00e+00 3.13e-02h  6
 218  2.0768624e+01 1.61e-01 9.32e-03 -11.0 3.72e+00    -  6.88e-01 3.94e-04h  9
 219  2.0767965e+01 1.61e-01 9.32e-03 -11.0 1.44e+01    -  1.02e-01 7.21e-06h 12
iter    objective    inf_pr   inf_du lg(mu)  ||d||  lg(rg) alpha_du alpha_pr  ls
 220  2.0767797e+01 1.61e-01 9.32e-03 -11.0 1.44e+01    -  1.21e-01 1.84e-06h 14
 221  2.0767717e+01 1.61e-01 9.32e-03 -11.0 8.61e+00    -  1.00e+00 3.46e-06h 15
 222  1.9937249e+01 1.15e+02 5.47e-03 -11.0 8.23e+00    -  1.88e-01 3.43e-02h  3
 223  1.9852490e+01 1.22e+02 4.59e-03 -11.0 1.28e+01    -  1.77e-01 3.13e-03h  5
 224  2.0244299e+01 2.60e+01 5.34e-03 -11.0 9.85e-02    -  7.64e-01 1.00e+00h  1
 225  1.9598925e+01 2.51e+01 2.50e-03 -11.0 3.16e-01    -  8.99e-01 1.00e+00h  1
 226  1.9640855e+01 2.37e+01 2.77e-03 -11.0 1.58e+00    -  1.00e+00 1.10e-01h  1
 227  1.9688075e+01 6.78e+01 4.48e-03 -11.0 2.01e-01    -  5.47e-04 1.00e+00h  1
 228  1.9558875e+01 5.67e+01 3.11e-03 -11.0 5.30e-01    -  1.00e+00 1.68e-01h  1
 229  1.9493709e+01 7.03e+01 3.94e-03 -11.0 2.49e-01    -  3.72e-03 5.00e-01h  2
iter    objective    inf_pr   inf_du lg(mu)  ||d||  lg(rg) alpha_du alpha_pr  ls
 230  1.9487134e+01 6.94e+01 3.78e-03 -11.0 1.65e-01    -  1.00e+00 1.23e-02h  1
 231  1.9441181e+01 1.71e+01 1.37e-03 -11.0 5.83e-02    -  6.55e-02 1.00e+00h  1
 232  1.9440041e+01 1.68e+01 1.34e-03 -11.0 3.15e-02    -  1.00e+00 2.01e-02h  1
 233  1.9406510e+01 2.70e+00 2.85e-04 -11.0 3.21e-02    -  1.00e+00 1.00e+00h  1
 234  1.9443038e+01 1.82e+00 1.49e-03 -11.0 4.65e-02    -  1.00e+00 1.00e+00H  1
 235  1.9429886e+01 6.41e+00 1.68e-03 -11.0 1.77e-02    -  7.38e-01 1.00e+00h  1
 236  1.9428362e+01 6.30e+00 1.63e-03 -11.0 3.25e-02    -  1.00e+00 1.72e-02h  1
 237  1.9399332e+01 1.28e+00 7.68e-04 -11.0 2.15e-02    -  8.12e-01 1.00e+00h  1
 238  1.9421266e+01 2.21e-01 1.89e-03 -11.0 1.78e-02    -  5.99e-01 1.00e+00h  1
 239  1.9395442e+01 5.37e-02 7.63e-05 -11.0 1.30e-02    -  1.00e+00 1.00e+00h  1
iter    objective    inf_pr   inf_du lg(mu)  ||d||  lg(rg) alpha_du alpha_pr  ls
 240  1.9395243e+01 4.77e-04 3.72e-05  -9.5 1.34e-03    -  1.00e+00 1.00e+00h  1
 241  1.9394408e+01 1.75e-01 5.51e-04 -11.0 3.91e-02    -  2.76e-01 1.00e+00h  1
 242  1.9436157e+01 2.05e-02 2.42e-03  -9.4 1.59e-01    -  9.94e-01 1.00e+00H  1
 243  1.9398147e+01 2.46e+00 1.04e-03  -9.5 4.43e-02    -  9.46e-01 1.00e+00h  1
 244  1.9413638e+01 3.59e-02 1.30e-03  -9.5 8.83e-02    -  1.00e+00 1.00e+00H  1
 245  1.9512237e+01 9.27e-03 3.12e-03  -9.5 6.36e-02    -  1.00e+00 1.00e+00H  1
 246  1.9388680e+01 1.19e+00 5.45e-04  -9.5 3.23e-02    -  1.00e+00 1.00e+00h  1
 247  1.9395418e+01 3.03e-01 9.87e-04  -9.5 3.57e-02    -  1.00e+00 1.00e+00h  1
 248  1.9400800e+01 3.26e-01 7.88e-04  -9.5 2.74e-02    -  1.00e+00 1.00e+00h  1
 249  1.9386580e+01 4.55e-01 4.33e-04  -9.5 5.46e-02    -  1.00e+00 1.00e+00h  1
iter    objective    inf_pr   inf_du lg(mu)  ||d||  lg(rg) alpha_du alpha_pr  ls
 250  1.9392674e+01 3.66e-01 4.10e-04  -9.5 2.36e-02    -  1.00e+00 1.00e+00h  1
 251  1.9387485e+01 1.55e-01 4.60e-04 -11.0 1.04e-02    -  1.00e+00 1.00e+00h  1
 252  1.9387224e+01 3.89e-01 5.14e-04 -11.0 4.97e-03    -  1.00e+00 1.00e+00h  1
 253  1.9384420e+01 1.31e-01 9.26e-05 -11.0 3.03e-03    -  1.00e+00 1.00e+00h  1
 254  1.9384290e+01 2.31e-02 2.72e-04 -11.0 3.36e-03    -  1.00e+00 1.00e+00h  1
 255  1.9383926e+01 2.67e-03 2.10e-04 -11.0 6.53e-03    -  1.00e+00 1.00e+00h  1
 256  1.9385714e+01 1.90e-03 5.13e-04 -11.0 2.01e-02    -  1.00e+00 1.00e+00H  1
 257  1.9382235e+01 2.04e-01 2.52e-04 -11.0 1.07e-02    -  1.00e+00 1.00e+00h  1
 258  1.9387924e+01 3.24e-03 7.13e-04 -11.0 7.22e-03    -  1.00e+00 1.00e+00H  1
 259  1.9380659e+01 2.30e-01 6.76e-05 -11.0 4.09e-03    -  1.00e+00 1.00e+00h  1
iter    objective    inf_pr   inf_du lg(mu)  ||d||  lg(rg) alpha_du alpha_pr  ls
 260  1.9380280e+01 3.27e-03 3.91e-05 -11.0 4.75e-03    -  1.00e+00 1.00e+00h  1
 261  1.9379660e+01 6.33e-02 3.05e-04 -10.4 7.18e-01    -  1.00e+00 1.56e-02h  7
 262  1.9391924e+01 1.35e-02 1.82e-03 -11.0 9.05e-02    -  1.00e+00 1.00e+00H  1
 263  1.9389974e+01 4.27e-01 1.85e-03 -11.0 1.58e+00    -  2.05e-01 3.13e-02h  6
 264  1.9703175e+01 1.40e-03 4.00e-03 -11.0 3.15e-01    -  1.00e+00 1.00e+00H  1
 265  1.9688962e+01 4.42e-03 3.94e-03 -11.0 2.77e-01    -  6.00e-01 1.56e-02h  7
 266  1.9681883e+01 5.93e-03 3.89e-03 -11.0 9.61e-02    -  1.00e+00 7.81e-03h  8
 267  1.9680409e+01 6.07e-03 3.88e-03 -11.0 4.90e-01    -  1.00e+00 1.95e-03h 10
 268  1.9679001e+01 6.10e-03 3.87e-03 -11.0 3.15e+00    -  8.56e-02 1.85e-04h 13
 269  1.9452613e+01 1.86e+01 2.29e-03 -11.0 1.89e-01    -  1.00e+00 5.00e-01h  2
iter    objective    inf_pr   inf_du lg(mu)  ||d||  lg(rg) alpha_du alpha_pr  ls
 270  1.9437271e+01 1.95e+01 2.74e-03 -11.0 1.32e-01    -  1.00e+00 2.50e-01h  3
 271  1.9377004e+01 2.94e+00 1.06e-03 -11.0 4.45e-02    -  1.00e+00 1.00e+00h  1
 272  1.9376648e+01 8.64e-01 9.19e-04 -11.0 7.61e-02    -  1.00e+00 1.00e+00h  1
 273  1.9374069e+01 8.91e-01 1.52e-03 -11.0 3.19e-01    -  1.00e+00 1.25e-01h  4
 274  1.9360051e+01 4.47e-01 3.99e-04 -11.0 3.00e-02    -  1.00e+00 1.00e+00h  1
 275  1.9424388e+01 1.23e-02 2.19e-03 -11.0 6.37e-02    -  1.00e+00 1.00e+00H  1
 276  1.9365386e+01 1.79e+00 8.75e-04 -11.0 4.53e-02    -  1.00e+00 1.00e+00h  1
 277  1.9381878e+01 1.45e-01 1.49e-03 -11.0 3.06e-02    -  1.00e+00 1.00e+00H  1
 278  1.9481250e+01 1.86e-03 3.95e-03 -11.0 1.01e-02    -  1.00e+00 1.00e+00H  1
 279  1.9351429e+01 3.92e+00 5.14e-04 -11.0 1.37e-02    -  1.00e+00 1.00e+00h  1
iter    objective    inf_pr   inf_du lg(mu)  ||d||  lg(rg) alpha_du alpha_pr  ls
 280  1.9351090e+01 1.59e-03 7.70e-05 -11.0 2.33e-03    -  1.00e+00 1.00e+00h  1
 281  1.9352294e+01 3.17e-03 4.05e-04 -11.0 7.27e-03    -  1.00e+00 1.00e+00H  1
 282  1.9349828e+01 6.63e-02 1.74e-04 -11.0 3.21e-03    -  1.00e+00 1.00e+00h  1
 283  1.9349399e+01 6.51e-03 9.87e-05 -11.0 2.17e-03    -  1.00e+00 1.00e+00h  1
 284  1.9348642e+01 9.97e-03 1.06e-04 -11.0 3.13e-03    -  1.00e+00 1.00e+00h  1
 285  1.9353982e+01 1.41e-03 5.88e-04 -11.0 4.12e-02    -  1.00e+00 1.00e+00H  1
 286  1.9353014e+01 6.34e-01 4.24e-04  -9.0 6.58e-01    -  1.00e+00 2.53e-02h  4
 287  1.9431523e+01 8.06e-02 2.41e-03  -9.1 1.14e-01    -  1.00e+00 9.74e-01H  1
 288  1.9384368e+01 1.29e-01 8.42e-04  -9.1 4.99e-02    -  2.29e-02 1.00e+00F  1
 289  1.9355125e+01 2.27e+00 8.64e-04  -9.1 4.47e-02    -  1.00e+00 1.00e+00H  1
iter    objective    inf_pr   inf_du lg(mu)  ||d||  lg(rg) alpha_du alpha_pr  ls
 290  1.9779051e+01 4.75e-02 4.72e-03  -9.1 1.08e-01    -  9.15e-01 1.00e+00H  1
 291  1.9344240e+01 1.56e+01 5.32e-04  -9.1 8.88e-02    -  1.00e+00 1.00e+00h  1
 292  1.9347440e+01 7.86e+00 7.00e-04  -9.1 2.50e-02    -  1.00e+00 5.00e-01h  2
 293  1.9340219e+01 7.12e-01 1.89e-04  -9.1 2.08e-02    -  1.00e+00 1.00e+00h  1
 294  1.9417061e+01 2.47e-02 1.94e-03 -10.5 2.60e-02    -  1.00e+00 1.00e+00H  1
 295  1.9339674e+01 1.20e+00 2.10e-04 -10.6 2.41e-02    -  1.00e+00 1.00e+00h  1
 296  1.9340254e+01 2.15e-01 3.84e-04 -10.6 4.55e-03    -  1.00e+00 1.00e+00h  1
 297  1.9338967e+01 1.25e-01 2.51e-05 -11.0 3.67e-03    -  1.00e+00 1.00e+00h  1
 298  1.9338803e+01 6.26e-03 8.57e-05 -11.0 3.29e-03    -  1.00e+00 1.00e+00h  1
 299  1.9343899e+01 8.85e-04 9.55e-04 -11.0 7.96e-02    -  1.00e+00 1.00e+00H  1
iter    objective    inf_pr   inf_du lg(mu)  ||d||  lg(rg) alpha_du alpha_pr  ls
 300  1.9343000e+01 3.58e-02 8.85e-04 -11.0 2.44e-01    -  1.00e+00 6.25e-02h  5
 301  1.9385921e+01 3.97e-03 1.23e-03 -11.0 3.99e-02    -  1.00e+00 1.00e+00H  1
 302  1.9360303e+01 3.69e-03 1.67e-03 -11.0 2.83e-02    -  1.00e+00 1.00e+00H  1
 303  1.9494243e+01 1.74e-03 2.24e-03 -11.0 1.05e-01    -  1.00e+00 1.00e+00H  1
 304  1.9343386e+01 2.44e-02 6.34e-04 -11.0 1.80e-01    -  1.00e+00 1.00e+00H  1
 305  1.9342315e+01 5.81e-01 4.89e-04 -11.0 6.84e-01    -  2.31e-01 1.25e-01h  4
 306  1.9341646e+01 6.08e-01 3.18e-04 -11.0 1.23e-01    -  1.00e+00 6.25e-02h  5
 307  1.9337403e+01 7.99e-01 6.58e-04 -11.0 7.69e-03    -  1.00e+00 1.00e+00h  1
 308  1.9333339e+01 2.04e+00 3.94e-04 -11.0 3.42e-02    -  1.00e+00 1.00e+00h  1
 309  1.9530902e+01 1.77e-01 2.81e-03 -11.0 4.33e-02    -  1.00e+00 1.00e+00H  1
iter    objective    inf_pr   inf_du lg(mu)  ||d||  lg(rg) alpha_du alpha_pr  ls
 310  1.9332632e+01 2.15e+00 1.31e-04 -11.0 4.03e-02    -  1.00e+00 1.00e+00h  1
 311  1.9332764e+01 1.63e-02 1.47e-04 -11.0 1.13e-02    -  1.00e+00 1.00e+00h  1
 312  1.9334460e+01 1.22e-04 3.06e-04 -11.0 1.55e-02    -  1.00e+00 1.00e+00H  1
 313  1.9331897e+01 5.49e-02 1.24e-04 -11.0 6.01e-03    -  1.00e+00 1.00e+00h  1
 314  1.9332983e+01 2.39e-02 2.94e-04 -11.0 6.09e-03    -  1.00e+00 1.00e+00h  1
 315  1.9331607e+01 3.72e-02 1.42e-04 -11.0 4.38e-03    -  1.00e+00 1.00e+00h  1
 316  1.9331610e+01 6.48e-02 2.66e-04 -11.0 3.41e-03    -  1.00e+00 1.00e+00h  1
 317  1.9331198e+01 1.33e-02 9.56e-05 -11.0 2.17e-03    -  1.00e+00 1.00e+00h  1
 318  1.9332841e+01 4.46e-04 2.35e-04 -11.0 4.68e-03    -  1.00e+00 1.00e+00H  1
 319  1.9330750e+01 6.92e-02 7.56e-05 -11.0 3.16e-03    -  1.00e+00 1.00e+00h  1
iter    objective    inf_pr   inf_du lg(mu)  ||d||  lg(rg) alpha_du alpha_pr  ls
 320  1.9330441e+01 1.60e-03 7.32e-05 -11.0 4.14e-03    -  1.00e+00 1.00e+00h  1
 321  1.9330073e+01 8.90e-02 2.29e-04 -10.4 3.45e-01    -  1.00e+00 6.25e-02h  5
 322  1.9415894e+01 2.43e-02 2.49e-03 -10.4 2.21e-01    -  1.00e+00 1.00e+00H  1
 323  2.1730099e+01 1.36e-02 1.16e-02 -10.5 1.36e+00    -  5.14e-01 1.00e+00H  1
 324  2.1715959e+01 1.12e-02 1.15e-02 -10.5 3.27e+00    -  7.61e-01 2.38e-03h  9
 325  2.1662788e+01 1.26e-02 1.14e-02 -10.5 1.56e+00    -  7.74e-01 4.62e-03h  8
 326  2.1637906e+01 1.29e-02 1.13e-02 -10.5 2.45e+00    -  1.00e+00 2.33e-03h  9
 327  2.1632964e+01 1.34e-02 1.13e-02 -10.5 9.18e+00    -  2.05e-01 2.87e-04h 11
 328  2.1626781e+01 1.39e-02 1.13e-02 -10.5 3.80e+01    -  5.40e-02 3.39e-05h 11
 329  2.0751026e+01 8.68e+01 1.19e-02 -10.5 2.33e+02    -  8.88e-03 2.15e-03h  3
iter    objective    inf_pr   inf_du lg(mu)  ||d||  lg(rg) alpha_du alpha_pr  ls
 330  2.0400344e+01 9.59e+01 5.50e-03 -10.5 2.59e+00    -  4.14e-01 3.47e-02h  4
 331  2.0143903e+01 7.87e+01 3.35e-03 -10.5 3.59e-01    -  1.00e+00 1.72e-01h  3
 332  1.9725123e+01 6.22e+01 4.95e-03 -10.5 1.54e-01    -  1.00e+00 1.00e+00h  1
 333  1.9680189e+01 8.77e+00 4.77e-03 -10.5 2.07e-01    -  1.00e+00 1.00e+00h  1
 334  1.9654035e+01 4.00e+01 4.06e-03 -10.5 6.59e-01    -  1.00e+00 5.00e-01h  2
 335  1.9598953e+01 5.02e+01 3.00e-03 -10.5 1.56e+00    -  8.00e-01 5.50e-02h  5
 336  2.1188146e+01 2.43e+00 9.16e-03 -10.5 6.29e-01    -  1.00e+00 1.00e+00H  1
 337  2.0878865e+01 2.50e+00 6.53e-03 -10.5 1.98e+00    -  1.00e+00 7.10e-02h  3
 338  2.2278693e+01 1.94e-03 9.36e-03 -10.5 3.51e-01    -  1.00e+00 1.00e+00H  1
 339  2.0755549e+01 9.65e+00 5.70e-03 -10.5 5.93e-01    -  4.32e-01 2.50e-01h  3
iter    objective    inf_pr   inf_du lg(mu)  ||d||  lg(rg) alpha_du alpha_pr  ls
 340  1.9552828e+01 6.22e+01 2.38e-03 -10.5 3.48e-01    -  1.00e+00 5.00e-01h  2
 341  2.0104116e+01 3.20e+00 5.03e-03 -10.5 6.04e-01    -  1.00e+00 1.00e+00H  1
 342  1.9866543e+01 6.32e+00 3.86e-03 -10.5 8.04e-01    -  2.03e-01 1.25e-01h  4
 343  1.9772100e+01 6.23e+00 3.66e-03 -10.5 3.57e+00    -  3.29e-01 1.83e-02h  6
 344  1.9721725e+01 6.22e+00 3.29e-03 -10.5 1.67e+01    -  5.16e-02 3.04e-03h  6
 345r 1.9721725e+01 6.22e+00 9.99e+02  -1.3 0.00e+00    -  0.00e+00 3.74e-07R 17
 346r 1.9726145e+01 6.06e+00 8.38e+02  -7.5 5.29e+01    -  1.00e+00 9.90e-04f  1
 347  1.9567576e+01 2.16e+02 2.08e-03 -10.5 5.02e+00    -  2.33e-01 4.07e-02h  4
 348  1.9505072e+01 2.16e+02 1.96e-03 -10.5 4.23e+01    -  6.94e-02 3.66e-03h  5
 349  1.9456832e+01 5.86e+01 1.60e-03 -10.5 4.57e+00    -  3.20e-01 2.51e-02h  3
iter    objective    inf_pr   inf_du lg(mu)  ||d||  lg(rg) alpha_du alpha_pr  ls
 350  1.9389898e+01 6.80e+01 2.12e-03 -10.5 1.78e+00    -  1.00e+00 7.02e-02h  2
 351  1.9368954e+01 3.83e+01 1.71e-03 -10.5 1.40e-01    -  1.00e+00 5.00e-01h  2
 352  1.9334064e+01 4.40e+00 7.74e-04 -10.5 6.91e-02    -  1.00e+00 1.00e+00h  1
 353  1.9330294e+01 2.05e+01 9.85e-04 -10.5 2.08e-02    -  1.00e+00 1.00e+00h  1
 354  1.9339077e+01 2.53e+01 2.07e-03 -10.5 3.64e-02    -  1.00e+00 1.00e+00h  1
 355  1.9422724e+01 4.14e+00 2.96e-03 -10.5 1.22e-01    -  1.00e+00 1.00e+00H  1
 356  2.0166948e+01 6.32e-01 5.02e-03 -10.5 4.83e-02    -  1.00e+00 1.00e+00H  1
 357  1.9302878e+01 1.16e+01 1.41e-03 -10.5 1.18e-01    -  1.00e+00 1.00e+00h  1
 358  1.9316104e+01 4.09e+00 1.50e-03 -10.5 1.37e-02    -  1.00e+00 1.00e+00h  1
 359  1.9291932e+01 3.08e+00 2.83e-04 -11.0 1.40e-02    -  1.00e+00 1.00e+00h  1
iter    objective    inf_pr   inf_du lg(mu)  ||d||  lg(rg) alpha_du alpha_pr  ls
 360  1.9289821e+01 4.09e-02 7.66e-05 -11.0 7.85e-03    -  1.00e+00 1.00e+00h  1
 361  1.9286234e+01 4.93e-01 1.63e-04 -11.0 4.44e-02    -  1.00e+00 1.00e+00h  1
 362  1.9502510e+01 3.88e-01 1.96e-03  -9.6 4.55e-01    -  1.00e+00 1.00e+00H  1
 363  1.9384411e+01 7.59e+01 1.42e-03  -9.7 1.83e-01    -  1.74e-01 1.00e+00h  1
 364  1.9684707e+01 3.17e-02 2.54e-03  -9.7 5.18e-01    -  1.00e+00 1.00e+00H  1
 365  1.9637809e+01 3.18e-01 2.50e-03  -9.7 1.84e-01    -  1.00e+00 3.13e-02h  6
 366  1.9336139e+01 5.41e+00 1.41e-03  -9.7 1.79e-01    -  1.00e+00 1.00e+00h  1
 367  1.9349923e+01 5.03e+00 1.75e-03  -9.7 2.48e-01    -  1.00e+00 1.25e-01h  4
 368  1.9316496e+01 4.48e+00 1.64e-03  -9.7 4.54e-02    -  1.00e+00 1.00e+00h  1
 369  1.9332732e+01 6.50e-03 2.02e-03  -9.7 2.25e-02    -  1.00e+00 1.00e+00H  1
iter    objective    inf_pr   inf_du lg(mu)  ||d||  lg(rg) alpha_du alpha_pr  ls
 370  1.9285900e+01 2.15e-01 2.92e-04  -9.7 1.26e-02    -  1.00e+00 1.00e+00h  1
 371  1.9281610e+01 1.32e-01 1.74e-04  -9.7 8.30e-03    -  1.00e+00 1.00e+00h  1
 372  1.9278564e+01 1.82e+00 7.39e-04 -10.5 1.27e-02    -  1.00e+00 1.00e+00h  1
 373  1.9275051e+01 4.96e-02 2.00e-04 -11.0 2.48e-02    -  1.00e+00 1.00e+00h  1
 374  1.9276983e+01 7.00e-04 3.34e-04 -11.0 1.29e-02    -  1.00e+00 1.00e+00H  1
 375  1.9275958e+01 5.46e-02 3.54e-04 -11.0 3.15e-03    -  1.00e+00 1.00e+00h  1
 376  1.9274820e+01 2.63e-01 2.37e-04 -11.0 9.75e-03    -  1.00e+00 1.00e+00h  1
 377  1.9273955e+01 9.42e-02 5.16e-05 -11.0 9.96e-03    -  1.00e+00 1.00e+00h  1
 378  1.9276064e+01 1.56e-03 4.13e-04 -11.0 1.36e-02    -  1.00e+00 1.00e+00H  1
 379  1.9273642e+01 3.16e-02 1.78e-04 -11.0 4.19e-03    -  1.00e+00 1.00e+00h  1
iter    objective    inf_pr   inf_du lg(mu)  ||d||  lg(rg) alpha_du alpha_pr  ls
 380  1.9273182e+01 2.57e-02 3.43e-05 -11.0 1.62e-03    -  1.00e+00 1.00e+00h  1
 381  1.9273032e+01 2.16e-03 5.85e-05 -11.0 3.57e-03    -  1.00e+00 1.00e+00h  1
 382  1.9272766e+01 1.06e-01 1.11e-04 -11.0 1.80e-01    -  1.00e+00 6.25e-02h  5
 383  1.9404111e+01 2.61e-02 1.46e-03 -11.0 2.86e-01    -  1.00e+00 1.00e+00H  1
 384  1.9320488e+01 5.17e+01 1.09e-03 -11.0 1.22e-01    -  1.00e+00 1.00e+00h  1
 385  1.9281361e+01 3.89e+01 5.12e-04 -11.0 6.61e-01    -  1.00e+00 2.50e-01h  3
 386  1.9347013e+01 1.98e+01 1.88e-03 -11.0 3.49e-01    -  1.00e+00 5.00e-01h  2
 387  1.9337665e+01 1.74e+01 1.62e-03 -11.0 7.64e-01    -  1.00e+00 1.25e-01h  4
 388  1.9322236e+01 1.65e+01 7.07e-04 -11.0 3.85e-01    -  1.81e-01 6.25e-02h  5
 389  1.9274646e+01 2.51e+00 7.14e-04 -11.0 1.77e-01    -  1.00e+00 1.00e+00h  1
iter    objective    inf_pr   inf_du lg(mu)  ||d||  lg(rg) alpha_du alpha_pr  ls
 390  1.9273507e+01 3.58e+00 5.94e-04 -11.0 1.07e+00    -  1.00e+00 3.13e-02h  6
 391  1.9306643e+01 1.21e+01 4.48e-04 -11.0 6.09e-02    -  1.00e+00 5.00e-01h  2
 392  1.9270948e+01 2.15e+01 1.55e-04 -11.0 2.86e-02    -  1.00e+00 1.00e+00h  1
 393  1.9270614e+01 1.28e-02 1.49e-04 -11.0 1.15e-02    -  1.00e+00 1.00e+00h  1
 394  1.9270611e+01 8.79e-04 1.64e-04 -11.0 1.23e-02    -  1.00e+00 1.00e+00H  1
 395  1.9278857e+01 1.08e-04 9.34e-04 -11.0 7.61e-02    -  1.00e+00 1.00e+00H  1
 396  1.9277888e+01 9.77e-02 5.50e-04 -11.0 7.87e-02    -  1.00e+00 1.25e-01h  4
 397  1.9273317e+01 6.74e-01 4.95e-04 -11.0 4.79e-02    -  1.00e+00 1.00e+00h  1
 398  1.9272220e+01 1.61e+00 4.18e-04 -11.0 6.15e-01    -  7.55e-01 6.25e-02h  5
 399  1.9394544e+01 4.53e-02 1.33e-03 -11.0 4.04e-02    -  1.00e+00 1.00e+00H  1
iter    objective    inf_pr   inf_du lg(mu)  ||d||  lg(rg) alpha_du alpha_pr  ls
 400  1.9269479e+01 7.24e-01 6.21e-05 -11.0 3.60e-02    -  1.00e+00 1.00e+00h  1
 401  1.9269414e+01 5.66e-03 7.63e-05 -11.0 2.38e-03    -  1.00e+00 1.00e+00h  1
 402  1.9269332e+01 2.23e-03 6.39e-05 -11.0 3.21e-03    -  1.00e+00 1.00e+00h  1
 403  1.9270436e+01 5.24e-04 3.27e-04 -11.0 1.73e-02    -  1.00e+00 1.00e+00H  1
 404  1.9274492e+01 1.30e-04 6.19e-04 -11.0 3.89e-02    -  1.00e+00 1.00e+00H  1
 405  1.9333837e+01 1.17e-06 6.74e-06 -11.0 1.01e-01    -  1.00e+00 1.00e+00H  1
 406  1.9270239e+01 4.15e+00 4.20e-04 -11.0 8.77e-02    -  1.00e+00 1.00e+00h  1
 407  1.9275453e+01 5.14e-01 7.07e-04 -11.0 2.68e-02    -  1.00e+00 1.00e+00h  1
 408  1.9265106e+01 8.91e-01 2.18e-04 -11.0 2.15e-02    -  1.00e+00 1.00e+00h  1
 409  1.9265276e+01 2.57e-02 2.09e-04 -11.0 1.14e-02    -  1.00e+00 1.00e+00h  1
iter    objective    inf_pr   inf_du lg(mu)  ||d||  lg(rg) alpha_du alpha_pr  ls
 410  1.9286950e+01 8.55e-03 6.35e-04 -11.0 8.20e-02    -  1.00e+00 1.00e+00H  1
 411  1.9444273e+01 4.13e-03 4.35e-03 -11.0 6.82e-02    -  1.00e+00 1.00e+00H  1
 412  1.9309655e+01 1.19e-02 1.55e-03 -11.0 1.65e-01    -  1.00e+00 1.00e+00H  1
 413  1.9304270e+01 1.07e-02 1.42e-03 -11.0 4.23e-01    -  1.00e+00 1.03e-02h  6
 414  1.9306124e+01 1.16e-03 9.61e-04 -11.0 5.40e-02    -  9.55e-01 1.00e+00H  1
 415  1.9263732e+01 3.57e+00 3.09e-04 -11.0 3.13e-02    -  1.00e+00 1.00e+00h  1
 416  1.9262760e+01 7.59e-02 1.41e-04 -11.0 7.68e-03    -  1.00e+00 1.00e+00h  1
 417  1.9262909e+01 1.46e-02 9.87e-05 -11.0 1.28e-02    -  1.00e+00 1.00e+00h  1
 418  1.9270646e+01 2.38e-03 1.07e-03 -11.0 4.26e-02    -  1.00e+00 1.00e+00H  1
 419  1.9341711e+01 2.72e-04 1.96e-03 -11.0 6.74e-02    -  1.00e+00 1.00e+00H  1
iter    objective    inf_pr   inf_du lg(mu)  ||d||  lg(rg) alpha_du alpha_pr  ls
 420  1.9264016e+01 1.87e+00 2.61e-04 -11.0 6.55e-02    -  1.00e+00 1.00e+00h  1
 421  1.9269673e+01 1.40e+00 5.02e-04 -11.0 2.98e-02    -  1.00e+00 1.00e+00h  1
 422  1.9272082e+01 1.32e-04 7.56e-04 -11.0 6.03e-02    -  1.00e+00 1.00e+00H  1
 423  1.9266727e+01 2.05e-01 7.03e-04 -11.0 7.39e-02    -  1.00e+00 2.50e-01h  3
 424  1.9287739e+01 9.90e-02 7.32e-04 -11.0 9.98e-02    -  1.00e+00 1.00e+00H  1
 425  1.9283729e+01 1.81e-01 5.27e-04 -11.0 1.84e-01    -  7.60e-01 3.13e-02h  6
 426  1.9260616e+01 4.62e-01 3.94e-04 -11.0 6.90e-02    -  1.00e+00 1.00e+00h  1
 427  1.9987170e+01 9.72e-01 5.31e-03 -11.0 2.39e-01    -  1.00e+00 1.00e+00H  1
 428  1.9271041e+01 4.30e+01 7.66e-04 -11.0 2.24e-01    -  1.00e+00 1.00e+00h  1
 429  1.9771221e+01 1.09e+01 5.07e-03 -11.0 8.81e-02    -  5.66e-01 1.00e+00h  1
iter    objective    inf_pr   inf_du lg(mu)  ||d||  lg(rg) alpha_du alpha_pr  ls
 430  1.9265074e+01 5.25e+00 3.82e-04 -11.0 1.04e-01    -  1.00e+00 1.00e+00h  1
 431  1.9288321e+01 3.05e+00 8.32e-04 -11.0 2.02e-02    -  1.00e+00 1.00e+00h  1
 432  1.9260963e+01 1.10e+00 5.30e-04 -11.0 1.20e-02    -  1.00e+00 1.00e+00h  1
 433  1.9335678e+01 1.06e-01 2.63e-03 -11.0 1.26e-02    -  1.00e+00 1.00e+00H  1
 434  1.9258236e+01 1.97e+00 2.71e-05 -11.0 1.17e-02    -  1.00e+00 1.00e+00h  1
 435  1.9258119e+01 3.79e-04 2.99e-05 -11.0 6.43e-04    -  1.00e+00 1.00e+00h  1
 436  1.9258210e+01 9.27e-06 1.04e-04 -11.0 6.37e-03    -  1.00e+00 1.00e+00H  1
 437  1.9257858e+01 8.23e-03 1.58e-04 -11.0 6.80e-03    -  1.00e+00 1.00e+00h  1
 438  1.9260208e+01 1.34e-03 2.62e-04 -11.0 4.57e-03    -  1.00e+00 1.00e+00H  1
 439  1.9257391e+01 6.57e-02 3.62e-05 -11.0 4.17e-03    -  1.00e+00 1.00e+00h  1
iter    objective    inf_pr   inf_du lg(mu)  ||d||  lg(rg) alpha_du alpha_pr  ls
 440  1.9257267e+01 2.97e-04 2.86e-05 -11.0 2.50e-03    -  1.00e+00 1.00e+00h  1
 441  1.9256789e+01 1.52e-02 3.91e-04 -10.6 1.71e+00    -  1.00e+00 1.56e-02h  7
 442  1.9695869e+01 6.82e-02 4.53e-03 -11.0 6.70e-01    -  1.00e+00 1.00e+00H  1
 443  1.9652907e+01 2.08e+02 3.60e-03 -11.0 1.66e-01    -  6.35e-01 1.00e+00h  1
 444  1.9510031e+01 1.08e+02 2.57e-03 -11.0 3.87e-01    -  1.00e+00 5.00e-01h  2
 445  1.9377056e+01 8.44e+01 2.09e-03 -11.0 1.85e+00    -  1.00e+00 2.50e-01h  3
 446  1.9329929e+01 8.42e+01 1.95e-03 -11.0 1.40e+01    -  6.93e-02 2.25e-02h  6
 447  1.9322218e+01 8.35e+01 1.77e-03 -11.0 5.48e+00    -  1.00e+00 8.60e-03h  6
 448  1.9526429e+01 4.19e+01 5.40e-03 -11.0 1.26e-01    -  1.00e+00 5.00e-01h  2
 449  1.9311261e+01 5.11e+00 3.17e-03 -11.0 3.37e-01    -  1.00e+00 1.00e+00h  1
iter    objective    inf_pr   inf_du lg(mu)  ||d||  lg(rg) alpha_du alpha_pr  ls
 450  1.9282428e+01 5.45e+00 3.45e-03 -11.0 5.12e+00    -  3.62e-02 6.25e-02h  5
 451  1.9274463e+01 5.10e+00 2.25e-03 -11.0 2.14e+00    -  1.00e+00 6.25e-02h  5
 452  1.9272571e+01 5.05e+00 2.13e-03 -11.0 1.90e+00    -  1.00e+00 1.27e-02h  7
 453  1.9275636e+01 1.10e+01 1.09e-03 -11.0 1.65e-01    -  1.00e+00 1.00e+00h  1
 454  1.9318560e+01 7.43e+00 2.24e-03 -11.0 1.21e+00    -  1.00e+00 2.50e-01h  3
 455  1.9313650e+01 7.44e+00 2.39e-03 -11.0 2.87e+00    -  1.00e+00 2.17e-02h  4
 456  1.9314042e+01 6.72e+00 1.15e-03 -11.0 5.72e-01    -  1.00e+00 9.38e-02h  3
 457  1.9275082e+01 3.57e-01 1.86e-03 -11.0 2.97e-01    -  1.00e+00 1.00e+00H  1
 458  1.9269290e+01 2.36e+00 2.31e-03 -11.0 2.41e-01    -  8.66e-02 3.13e-02h  6
 459  1.9236078e+01 1.92e+00 8.67e-04 -11.0 1.14e-01    -  1.00e+00 1.00e+00h  1
iter    objective    inf_pr   inf_du lg(mu)  ||d||  lg(rg) alpha_du alpha_pr  ls
 460  1.9232516e+01 2.60e+00 7.77e-04 -11.0 5.96e-01    -  1.00e+00 6.25e-02h  5
 461  1.9427779e+01 8.68e-01 2.98e-03 -11.0 3.51e-01    -  1.00e+00 1.00e+00H  1
 462  1.9406081e+01 3.46e+01 3.27e-03 -11.0 7.51e-02    -  1.00e+00 1.00e+00h  1
 463  1.9345906e+01 2.65e+01 1.06e-03 -11.0 3.34e-01    -  1.00e+00 2.50e-01h  3
 464  2.0414368e+01 4.08e-01 5.98e-03 -11.0 2.23e-01    -  1.00e+00 1.00e+00H  1
 465  1.9247798e+01 2.94e+01 5.34e-04 -11.0 1.83e-01    -  2.40e-01 1.00e+00h  1
 466  1.9358673e+01 1.83e+01 3.40e-03 -11.0 3.79e-01    -  1.00e+00 5.00e-01h  2
 467  1.9347250e+01 1.50e+01 1.63e-03 -11.0 4.46e-02    -  1.00e+00 5.00e-01h  2
 468  1.9227085e+01 4.32e+01 7.05e-04 -11.0 1.05e-01    -  1.00e+00 1.00e+00h  1
 469  1.9615533e+01 4.97e-01 3.33e-03 -11.0 7.65e-02    -  1.00e+00 1.00e+00H  1
iter    objective    inf_pr   inf_du lg(mu)  ||d||  lg(rg) alpha_du alpha_pr  ls
 470  1.9223134e+01 3.88e+00 1.13e-03 -11.0 8.00e-02    -  1.00e+00 1.00e+00h  1
 471  1.9476063e+01 4.38e+00 5.85e-03 -11.0 3.89e-02    -  1.00e+00 1.00e+00h  1
 472  1.9210907e+01 2.79e+00 7.86e-05 -11.0 3.34e-02    -  1.00e+00 1.00e+00h  1
 473  1.9210582e+01 9.17e-03 2.65e-05 -11.0 1.08e-02    -  1.00e+00 1.00e+00h  1
 474  1.9210244e+01 1.12e-01 3.19e-04 -11.0 1.47e-02    -  1.00e+00 1.00e+00h  1
 475  1.9211320e+01 2.04e-03 5.80e-04 -11.0 2.35e-02    -  1.00e+00 1.00e+00H  1
 476  1.9215804e+01 1.01e-04 6.80e-04 -11.0 2.07e-02    -  1.00e+00 1.00e+00H  1
 477  1.9208638e+01 2.84e-01 1.97e-04 -11.0 2.30e-02    -  1.00e+00 1.00e+00h  1
 478  1.9215166e+01 3.08e-01 4.00e-04 -11.0 7.85e-03    -  1.00e+00 1.00e+00h  1
 479  1.9207932e+01 3.40e-01 2.98e-05 -11.0 6.53e-03    -  1.00e+00 1.00e+00h  1
iter    objective    inf_pr   inf_du lg(mu)  ||d||  lg(rg) alpha_du alpha_pr  ls
 480  1.9208385e+01 9.91e-03 2.63e-04 -11.0 2.01e-03    -  1.00e+00 1.00e+00h  1
 481  1.9207766e+01 5.07e-03 1.45e-05 -11.0 1.66e-03    -  1.00e+00 1.00e+00h  1
 482  1.9207667e+01 3.22e-04 3.70e-05 -11.0 1.94e-03    -  1.00e+00 1.00e+00h  1
 483  1.9212822e+01 8.36e-06 2.65e-06 -11.0 4.55e-02    -  1.00e+00 1.00e+00H  1
 484  1.9217001e+01 3.60e-06 3.39e-06 -11.0 5.71e-02    -  1.00e+00 1.00e+00H  1
 485  1.9212294e+01 1.18e+00 4.40e-04 -11.0 7.78e-02    -  1.00e+00 5.00e-01h  2
 486  1.9210238e+01 6.21e-01 2.82e-04 -11.0 2.27e-02    -  1.00e+00 1.00e+00h  1
 487  1.9206286e+01 7.70e-02 1.63e-04 -11.0 1.65e-02    -  1.00e+00 1.00e+00h  1
 488  1.9205888e+01 6.14e-02 7.99e-05 -11.0 3.21e-03    -  1.00e+00 1.00e+00h  1
 489  1.9206577e+01 1.84e-02 3.28e-04 -11.0 7.34e-03    -  1.00e+00 1.00e+00h  1
iter    objective    inf_pr   inf_du lg(mu)  ||d||  lg(rg) alpha_du alpha_pr  ls
 490  1.9205696e+01 1.66e-02 5.10e-05 -11.0 3.70e-03    -  1.00e+00 1.00e+00h  1
 491  1.9205626e+01 2.57e-03 2.07e-05 -11.0 7.83e-04    -  1.00e+00 1.00e+00h  1
 492  1.9205573e+01 1.44e-03 2.99e-05 -11.0 2.13e-03    -  1.00e+00 1.00e+00h  1
 493  1.9206693e+01 9.90e-05 4.68e-04 -11.0 8.66e-02    -  1.00e+00 1.00e+00H  1
 494  1.9292498e+01 1.46e-04 1.68e-03 -11.0 1.30e-01    -  1.00e+00 1.00e+00H  1
 495  1.9209342e+01 9.55e+00 5.70e-04 -11.0 1.36e-01    -  1.00e+00 1.00e+00h  1
 496  1.9206528e+01 7.54e+00 1.40e-04 -11.0 1.66e-01    -  1.00e+00 2.50e-01h  3
 497  1.9205976e+01 7.27e-01 4.76e-04 -11.0 1.04e-02    -  1.00e+00 1.00e+00h  1
 498  1.9224666e+01 1.35e-01 1.53e-03 -11.0 1.65e-01    -  1.00e+00 1.00e+00H  1
 499  1.9223841e+01 1.38e-01 1.52e-03 -11.0 1.31e+00    -  8.77e-01 7.81e-03h  8
iter    objective    inf_pr   inf_du lg(mu)  ||d||  lg(rg) alpha_du alpha_pr  ls
 500  1.9221895e+01 1.36e-01 1.53e-03 -11.0 8.53e-01    -  1.00e+00 1.56e-02h  7
 501  1.9221133e+01 1.37e-01 1.53e-03 -11.0 4.96e-01    -  1.00e+00 7.81e-03h  8
 502  1.9220082e+01 1.39e-01 1.48e-03 -11.0 8.17e-01    -  6.57e-01 7.81e-03h  8
 503  1.9219183e+01 1.42e-01 1.44e-03 -11.0 2.67e-01    -  1.00e+00 3.91e-03h  9
 504  1.9227437e+01 1.10e-01 1.69e-03 -11.0 5.33e-02    -  1.00e+00 1.00e+00H  1
 505  1.9217644e+01 2.86e+00 1.39e-03 -11.0 3.65e-01    -  1.00e+00 2.50e-01h  3
 506  1.9432431e+01 7.57e-02 2.54e-03 -11.0 4.58e-01    -  1.00e+00 1.00e+00H  1
 507  1.9414748e+01 5.30e-02 2.25e-03 -11.0 5.56e-01    -  7.17e-01 1.56e-02h  7
 508  1.9227488e+01 7.86e-02 1.95e-03 -11.0 3.08e-01    -  1.00e+00 1.00e+00H  1
 509  1.9208304e+01 1.30e+00 1.15e-03 -11.0 2.81e+00    -  1.00e+00 2.81e-02h  6
iter    objective    inf_pr   inf_du lg(mu)  ||d||  lg(rg) alpha_du alpha_pr  ls
 510  1.9207212e+01 2.24e+00 6.33e-04 -11.0 1.34e-01    -  1.00e+00 1.25e-01h  4
 511  1.9200693e+01 7.76e-01 3.14e-04 -11.0 4.72e-02    -  1.00e+00 1.00e+00h  1
 512  1.9213780e+01 3.23e-01 7.62e-04 -11.0 1.00e-01    -  1.00e+00 1.00e+00H  1
 513  1.9254585e+01 2.14e-02 1.41e-03 -11.0 8.81e-02    -  1.00e+00 1.00e+00H  1
 514  1.9248569e+01 6.37e-02 1.73e-03 -11.0 1.04e-01    -  1.00e+00 1.00e+00H  1
 515  1.9374367e+01 1.26e-02 4.26e-03 -11.0 9.04e-02    -  1.00e+00 1.00e+00H  1
 516  1.9361892e+01 4.75e-02 4.12e-03 -11.0 1.12e-01    -  7.24e-01 3.13e-02h  6
 517  1.9352768e+01 6.33e-02 4.00e-03 -11.0 3.43e-01    -  1.00e+00 1.56e-02h  7
 518  1.9345114e+01 6.23e-02 3.87e-03 -11.0 1.66e-01    -  1.00e+00 1.56e-02h  7
 519  1.9330214e+01 1.76e-01 3.70e-03 -11.0 1.62e-01    -  4.57e-01 3.13e-02h  6
iter    objective    inf_pr   inf_du lg(mu)  ||d||  lg(rg) alpha_du alpha_pr  ls
 520  1.9608656e+01 1.64e-04 3.44e-03 -11.0 1.04e-01    -  1.00e+00 1.00e+00H  1
 521  1.9226052e+01 5.00e+00 9.66e-04 -11.0 6.68e-02    -  1.00e+00 1.00e+00h  1
 522  1.9238007e+01 2.54e+00 1.67e-03 -11.0 8.57e-02    -  1.00e+00 5.00e-01h  2
 523  1.9200141e+01 3.37e-01 2.38e-04 -11.0 2.27e-02    -  1.00e+00 1.00e+00h  1
 524  1.9199441e+01 8.24e-03 9.44e-05 -11.0 1.08e-02    -  1.00e+00 1.00e+00h  1
 525  1.9204446e+01 2.55e-02 7.22e-04 -11.0 3.26e-02    -  1.00e+00 1.00e+00H  1
 526  1.9228682e+01 1.15e-02 1.17e-03 -11.0 2.26e-02    -  1.00e+00 1.00e+00H  1
 527  1.9198622e+01 1.67e+00 2.05e-04 -11.0 3.57e-02    -  1.00e+00 1.00e+00h  1
 528  1.9203785e+01 3.50e-02 3.64e-04 -11.0 1.70e-02    -  1.00e+00 1.00e+00h  1
 529  1.9198331e+01 5.21e-02 6.08e-05 -11.0 6.16e-03    -  1.00e+00 1.00e+00h  1
iter    objective    inf_pr   inf_du lg(mu)  ||d||  lg(rg) alpha_du alpha_pr  ls
 530  1.9198154e+01 1.98e-04 2.62e-05 -11.0 1.67e-03    -  1.00e+00 1.00e+00h  1
 531  1.9197972e+01 2.83e-03 1.07e-04 -11.0 5.52e-03    -  1.00e+00 1.00e+00h  1
 532  1.9452774e+01 4.63e-03 4.70e-03 -11.0 1.86e-01    -  1.00e+00 1.00e+00H  1
 533  1.9197880e+01 4.31e+00 2.63e-04 -11.0 1.57e-01    -  1.00e+00 1.00e+00h  1
 534  1.9335566e+01 7.52e-01 3.39e-03 -11.0 2.27e-02    -  1.00e+00 1.00e+00h  1
 535  1.9196624e+01 5.79e-01 4.31e-05 -11.0 3.18e-02    -  1.00e+00 1.00e+00h  1
 536  1.9196454e+01 4.04e-04 1.91e-05 -11.0 4.26e-03    -  1.00e+00 1.00e+00h  1
 537  1.9214038e+01 3.05e-04 7.57e-04 -11.0 1.19e-01    -  1.00e+00 1.00e+00H  1
 538  1.9211364e+01 6.39e-02 7.04e-04 -11.0 4.06e-01    -  1.00e+00 1.25e-01h  4
 539  1.9207822e+01 3.32e-01 1.22e-03 -11.0 8.01e-01    -  1.00e+00 6.25e-02h  5
iter    objective    inf_pr   inf_du lg(mu)  ||d||  lg(rg) alpha_du alpha_pr  ls
 540  1.9205071e+01 1.24e+00 8.55e-04 -11.0 8.41e+00    -  1.00e+00 2.90e-02h  5
 541  1.9199756e+01 1.23e+00 9.90e-04 -11.0 9.85e-01    -  1.00e+00 3.21e-02h  4
 542  1.9195444e+01 1.68e+00 1.64e-03 -11.0 2.18e+00    -  6.34e-01 6.25e-02h  5
 543  1.9193988e+01 1.68e+00 1.75e-03 -11.0 4.19e-01    -  7.52e-01 3.13e-02h  6
 544  1.9175326e+01 3.92e-01 6.81e-04 -11.0 3.96e-01    -  1.00e+00 1.00e+00h  1
 545  1.9175202e+01 3.70e-01 5.32e-04 -10.4 1.53e-02  -4.5 1.00e+00 1.00e+00h  1
 546  1.9172244e+01 4.04e-01 4.29e-04 -11.0 2.26e-01    -  1.00e+00 1.00e+00h  1
 547  2.0634149e+01 5.66e-01 9.77e-03 -11.0 6.74e-02  -5.0 1.00e+00 1.00e+00H  1
 548  1.9166298e+01 3.38e+00 2.81e-04 -11.0 1.43e-01    -  1.00e+00 1.00e+00h  1
 549  1.9164872e+01 1.03e-01 2.70e-04 -11.0 1.67e-01    -  1.00e+00 1.00e+00h  1
iter    objective    inf_pr   inf_du lg(mu)  ||d||  lg(rg) alpha_du alpha_pr  ls
 550  1.9734911e+01 4.96e-02 2.89e-03 -10.4 1.72e-01  -5.4 1.00e+00 1.00e+00H  1
 551  1.9158129e+01 9.12e+00 6.56e-04 -10.5 5.44e-01    -  1.00e+00 1.00e+00h  1
 552  1.9403220e+01 1.02e+01 4.53e-03 -10.5 2.36e-01  -5.9 3.30e-01 2.50e-01h  3
 553  1.9149651e+01 3.10e+00 3.67e-04 -10.5 1.15e-01    -  1.00e+00 1.00e+00h  1
 554  1.9209417e+01 5.38e-02 2.02e-03 -11.0 7.28e-01    -  1.00e+00 1.00e+00H  1
 555  1.9492800e+01 1.46e-01 4.81e-03 -11.0 1.72e-01  -5.5 1.00e+00 1.00e+00H  1
 556  1.9471008e+01 1.05e-01 4.74e-03 -11.0 1.41e+00    -  1.00e+00 2.04e-02h  5
 557  1.9454531e+01 9.08e-02 4.64e-03 -11.0 3.01e+01    -  8.24e-03 1.57e-03h 10
 558  1.9449017e+01 8.88e-02 4.60e-03 -11.0 4.73e+01    -  4.45e-01 2.13e-04h  1
 559  1.9441827e+01 7.15e-02 4.51e-03 -11.0 2.58e+00    -  6.80e-02 3.91e-03h  9
iter    objective    inf_pr   inf_du lg(mu)  ||d||  lg(rg) alpha_du alpha_pr  ls
 560  1.9436308e+01 7.52e-02 4.50e-03 -11.0 9.21e-01    -  2.78e-02 3.91e-03h  9
 561  1.9431215e+01 8.01e-02 4.45e-03 -11.0 5.12e+00    -  7.12e-02 3.58e-04h 10
 562  1.9430007e+01 8.03e-02 4.44e-03 -11.0 2.14e+00  -6.0 2.29e-02 1.03e-04h 12
 563  1.9428828e+01 8.05e-02 4.43e-03 -11.0 7.19e+00  -6.4 2.54e-03 3.16e-05h 12
 564  1.9360971e+01 2.11e+02 3.69e-03 -11.0 3.45e+01  -6.9 1.56e-02 5.95e-04h  1
 565  1.9344267e+01 1.78e+02 2.51e-03 -11.0 1.32e+02    -  1.07e-03 8.87e-04h  4
 566  1.9359253e+01 1.75e+02 2.57e-03 -11.0 1.45e+00    -  4.37e-04 1.95e-02h  6
 567  1.9298888e+01 4.36e+01 1.83e-03 -11.0 1.83e-01    -  1.83e-01 2.50e-01h  3
 568  1.9293825e+01 3.94e+01 1.61e-03 -11.0 2.12e+00    -  1.00e+00 1.13e-01h  4
 569  1.9256717e+01 3.73e+01 8.91e-04 -11.0 7.89e-01    -  8.05e-01 5.66e-02h  1
iter    objective    inf_pr   inf_du lg(mu)  ||d||  lg(rg) alpha_du alpha_pr  ls
 570  1.9246818e+01 3.73e+01 1.04e-03 -11.0 2.61e+00    -  5.16e-04 1.07e-02h  5
 571  1.9246278e+01 3.72e+01 1.04e-03 -11.0 7.99e-01    -  1.00e+00 1.48e-03H  1
 572  1.9239888e+01 1.94e+01 2.25e-03 -11.0 1.46e-01    -  1.00e+00 5.00e-01h  2
 573  1.9197771e+01 1.86e+01 1.21e-03 -11.0 1.94e+00    -  8.14e-01 6.13e-02h  3
 574  1.9186900e+01 1.81e+01 6.82e-04 -11.0 6.24e-01    -  5.14e-01 6.25e-02h  5
 575  1.9164896e+01 7.50e+00 7.42e-04 -11.0 3.38e-02    -  2.91e-02 1.00e+00h  1
 576  1.9158894e+01 1.02e+00 7.82e-04 -11.0 9.07e-02    -  7.91e-01 1.00e+00h  1
 577  1.9194819e+01 5.36e+00 1.91e-03 -11.0 1.02e-01    -  1.00e+00 1.00e+00H  1
 578  1.9179315e+01 1.69e+02 1.35e-03 -11.0 1.32e-01    -  1.00e+00 1.08e-01h  2
 579  1.9415054e+01 3.05e-02 2.68e-03 -11.0 2.31e-01    -  1.09e-01 1.00e+00H  1
iter    objective    inf_pr   inf_du lg(mu)  ||d||  lg(rg) alpha_du alpha_pr  ls
 580  1.9398703e+01 3.89e-01 2.50e-03 -11.0 2.16e-01    -  1.00e+00 2.30e-02h  6
 581  1.9383019e+01 4.67e-01 2.45e-03 -11.0 1.01e+00    -  8.01e-01 3.91e-03h  9
 582  1.9372749e+01 6.38e-01 2.49e-03 -11.0 7.66e-01    -  1.00e+00 7.88e-03h  6
 583  1.9365928e+01 6.68e-01 2.44e-03 -11.0 4.33e+00    -  7.77e-02 3.66e-04h  8
 584  1.9274972e+01 7.15e+01 3.18e-03 -11.0 1.07e+00    -  1.00e+00 1.18e-01h  2
 585  1.9258805e+01 7.20e+01 3.75e-03 -11.0 5.33e-01    -  1.25e-01 2.77e-02h  6
 586  1.9329069e+01 2.44e+02 3.38e-03 -11.0 6.78e-02    -  1.00e+00 1.00e+00h  1
 587  1.9230633e+01 1.50e+02 2.20e-03 -11.0 7.79e-02    -  1.00e+00 5.00e-01h  2
 588  2.0002177e+01 1.18e+00 6.53e-03 -11.0 2.41e-01    -  3.26e-01 1.00e+00H  1
 589  1.9968072e+01 1.16e+00 6.39e-03 -11.0 2.63e-01    -  1.00e+00 1.56e-02h  7
iter    objective    inf_pr   inf_du lg(mu)  ||d||  lg(rg) alpha_du alpha_pr  ls
 590  1.9824424e+01 1.14e+00 5.44e-03 -11.0 1.82e-01    -  1.00e+00 3.13e-02h  6
 591  1.9330805e+01 1.95e+01 3.67e-03 -11.0 1.31e-01    -  1.00e+00 1.00e+00H  1
 592  1.9220407e+01 1.58e+01 2.23e-03 -11.0 3.97e-01    -  1.00e+00 1.94e-01h  3
 593  1.9172407e+01 1.85e+02 1.30e-03 -11.0 1.14e-01    -  7.61e-01 2.50e-01h  3
 594  1.9133040e+01 5.70e+00 9.64e-04 -11.0 2.14e-02    -  1.00e+00 1.00e+00h  1
 595  1.9135686e+01 1.48e+00 7.70e-04 -11.0 1.64e-02    -  1.00e+00 1.00e+00h  1
 596  1.9124151e+01 1.72e+00 2.27e-04 -11.0 1.37e-02    -  1.00e+00 1.00e+00h  1
 597  1.9133043e+01 1.90e+00 6.94e-04 -11.0 2.06e-02    -  1.00e+00 1.00e+00h  1
 598  1.9141097e+01 3.77e-01 1.25e-03 -11.0 6.48e-02    -  1.00e+00 1.00e+00H  1
 599  2.0103994e+01 8.88e-02 5.71e-03 -11.0 1.01e-01    -  1.00e+00 1.00e+00H  1
iter    objective    inf_pr   inf_du lg(mu)  ||d||  lg(rg) alpha_du alpha_pr  ls
 600  1.9178208e+01 5.12e+01 1.45e-03 -11.0 1.04e-01    -  1.00e+00 1.00e+00h  1
 601  1.9384016e+01 2.70e+01 4.76e-03 -11.0 1.23e-01    -  5.26e-01 5.00e-01h  2
 602  1.9135227e+01 3.11e+00 1.29e-03 -11.0 3.22e-02    -  1.00e+00 1.00e+00h  1
 603  1.9138721e+01 5.62e+00 7.28e-04 -11.0 2.62e-02    -  1.00e+00 1.00e+00h  1
 604  1.9181859e+01 3.94e-01 2.40e-03 -11.0 2.65e-02    -  1.00e+00 1.00e+00H  1
 605  1.9124266e+01 2.23e+00 5.25e-04 -11.0 1.69e-02    -  1.00e+00 1.00e+00h  1
 606  1.9121780e+01 2.50e-01 2.42e-04 -11.0 6.39e-03    -  1.00e+00 1.00e+00h  1
 607  1.9120937e+01 8.17e-02 1.34e-04 -11.0 3.42e-03    -  1.00e+00 1.00e+00h  1
 608  1.9120489e+01 3.41e-02 9.12e-05 -11.0 2.62e-03    -  1.00e+00 1.00e+00h  1
 609  1.9120405e+01 5.51e-03 1.40e-04 -11.0 1.45e-03    -  1.00e+00 1.00e+00h  1
iter    objective    inf_pr   inf_du lg(mu)  ||d||  lg(rg) alpha_du alpha_pr  ls
 610  1.9120525e+01 6.44e-04 2.71e-04 -11.0 2.52e-03    -  1.00e+00 1.00e+00H  1
 611  1.9119977e+01 3.76e-02 2.10e-05 -11.0 1.18e-03    -  1.00e+00 1.00e+00h  1
 612  1.9119794e+01 2.68e-03 1.58e-05 -11.0 1.91e-03    -  1.00e+00 1.00e+00h  1
 613  1.9120680e+01 1.04e-03 3.08e-04 -11.0 2.34e-02    -  1.00e+00 1.00e+00H  1
 614  1.9211618e+01 2.35e-05 2.49e-03 -11.0 1.54e-01    -  1.00e+00 1.00e+00H  1
 615  1.9126771e+01 3.15e+02 4.00e-04 -11.0 1.21e-01    -  1.00e+00 1.00e+00h  1
 616  2.0614834e+01 2.77e+02 7.99e-03 -11.0 1.96e-01    -  1.00e+00 1.00e+00H  1
 617  1.9393939e+01 1.29e+02 3.44e-03 -11.0 2.36e-01    -  1.00e+00 1.00e+00h  1
 618  1.9206102e+01 1.14e+02 2.94e-03 -11.0 8.24e-01    -  6.89e-02 6.25e-02h  5
 619  1.9670594e+01 4.56e+01 5.00e-03 -11.0 1.82e-01    -  1.00e+00 1.00e+00h  1
iter    objective    inf_pr   inf_du lg(mu)  ||d||  lg(rg) alpha_du alpha_pr  ls
 620  1.9268123e+01 8.10e+01 2.86e-03 -11.0 2.34e-01    -  1.00e+00 6.50e-01H  1
 621  2.7662422e+01 8.52e+00 2.69e-02 -11.0 5.81e-01    -  7.84e-05 1.00e+00H  1
 622  2.6188226e+01 7.33e+00 2.45e-02 -11.0 6.66e-01    -  1.00e+00 6.25e-02h  5
 623  2.6103018e+01 7.30e+00 2.42e-02 -11.0 3.62e-01    -  1.00e+00 4.58e-03h  6
 624  2.1230231e+01 2.64e+01 1.03e-02 -11.0 2.11e-01    -  1.85e-01 1.00e+00H  1
 625  2.1937137e+01 3.89e+00 1.85e-02 -11.0 1.23e-01    -  5.48e-01 1.00e+00H  1
 626  1.9252345e+01 7.67e+00 1.35e-03 -11.0 9.08e-02    -  1.00e+00 1.00e+00h  1
 627  1.9180607e+01 8.46e+00 2.18e-03 -11.0 3.42e-02    -  1.00e+00 1.00e+00h  1
 628  1.9148375e+01 1.77e+00 1.50e-03 -11.0 1.55e-02    -  1.00e+00 1.00e+00h  1
 629  1.9129532e+01 2.43e-01 4.96e-04 -11.0 5.00e-03    -  1.00e+00 1.00e+00h  1
iter    objective    inf_pr   inf_du lg(mu)  ||d||  lg(rg) alpha_du alpha_pr  ls
 630  1.9123687e+01 4.43e-01 1.40e-04 -11.0 4.09e-03    -  1.00e+00 1.00e+00h  1
 631  1.9119541e+01 4.58e-01 2.41e-04 -11.0 7.22e-03    -  1.00e+00 1.00e+00h  1
 632  1.9120278e+01 1.61e-02 6.22e-04 -11.0 1.77e-02    -  1.00e+00 1.00e+00H  1
 633  1.9173727e+01 7.27e-03 2.31e-03 -11.0 4.41e-02    -  1.00e+00 1.00e+00H  1
 634  1.9121654e+01 8.88e-04 6.59e-04 -11.0 4.32e-02    -  1.00e+00 1.00e+00H  1
 635  1.9428901e+01 1.09e-03 4.84e-03 -11.0 4.86e-02    -  9.07e-01 1.00e+00H  1
 636  1.9117189e+01 8.52e+00 3.93e-04 -11.0 4.62e-02    -  1.00e+00 1.00e+00h  1
 637  1.9116927e+01 4.28e+00 1.46e-04 -11.0 6.35e-03    -  1.00e+00 5.00e-01h  2
 638  1.9116233e+01 4.36e-02 9.43e-05 -11.0 3.33e-03    -  1.00e+00 1.00e+00h  1
 639  1.9116052e+01 4.70e-03 6.47e-05 -11.0 1.08e-03    -  1.00e+00 1.00e+00h  1
iter    objective    inf_pr   inf_du lg(mu)  ||d||  lg(rg) alpha_du alpha_pr  ls
 640  1.9116381e+01 2.29e-04 2.19e-04 -11.0 6.85e-03    -  1.00e+00 1.00e+00H  1
 641  1.9115470e+01 3.26e-01 2.79e-04 -11.0 6.70e-03    -  1.00e+00 1.00e+00h  1
 642  1.9117364e+01 9.13e-01 3.85e-04 -11.0 1.14e-02    -  1.00e+00 1.00e+00h  1
 643  1.9115356e+01 2.32e-01 9.85e-05 -11.0 3.40e-03    -  1.00e+00 1.00e+00h  1
 644  1.9114888e+01 1.88e-02 5.74e-05 -11.0 4.51e-03    -  1.00e+00 1.00e+00h  1
 645  1.9125519e+01 2.85e-03 7.90e-04 -11.0 1.98e-02    -  1.00e+00 1.00e+00H  1
 646  1.9115240e+01 1.19e+00 1.52e-04 -11.0 1.50e-02    -  1.00e+00 1.00e+00h  1
 647  1.9120669e+01 1.37e+00 6.03e-04 -11.0 1.61e-02    -  1.00e+00 1.00e+00h  1
 648  1.9115472e+01 1.31e+00 2.32e-04 -11.0 1.58e-02    -  1.00e+00 1.00e+00h  1
 649  1.9118350e+01 9.26e-01 4.45e-04 -11.0 1.91e-02    -  1.00e+00 5.00e-01h  2
iter    objective    inf_pr   inf_du lg(mu)  ||d||  lg(rg) alpha_du alpha_pr  ls
 650  1.9114804e+01 2.31e-01 1.24e-04 -11.0 8.02e-03    -  1.00e+00 1.00e+00h  1
 651  1.9122289e+01 1.98e-02 6.79e-04 -11.0 1.02e-02    -  1.00e+00 1.00e+00H  1
 652  1.9114585e+01 1.06e+00 1.87e-05 -11.0 7.87e-03    -  1.00e+00 1.00e+00h  1
 653  1.9114539e+01 6.92e-04 1.30e-05 -11.0 8.36e-04    -  1.00e+00 1.00e+00h  1
 654  1.9114510e+01 1.66e-02 1.19e-04  -9.4 1.12e-01    -  1.00e+00 3.13e-02h  6
 655  1.9114336e+01 1.94e-01 1.16e-04  -9.5 1.27e-02    -  1.00e+00 1.00e+00h  1
 656  1.9240896e+01 2.91e-03 2.86e-03  -9.5 1.41e-01    -  1.00e+00 1.00e+00H  1
 657  1.9127817e+01 1.44e-02 4.05e-04  -9.5 8.27e-02    -  1.00e+00 1.00e+00H  1
 658  1.9460590e+01 1.66e-03 3.29e-03  -9.5 1.30e-01    -  1.00e+00 1.00e+00H  1
 659  1.9149835e+01 2.19e-03 1.40e-03  -9.5 8.31e-02    -  1.00e+00 1.00e+00H  1
iter    objective    inf_pr   inf_du lg(mu)  ||d||  lg(rg) alpha_du alpha_pr  ls
 660  1.9147241e+01 4.12e-03 1.37e-03  -9.5 2.12e-01    -  2.48e-01 7.81e-03h  8
 661  1.9241735e+01 3.39e-04 2.31e-03  -9.5 5.97e-02    -  1.00e+00 1.00e+00H  1
 662  1.9236753e+01 3.54e-03 2.25e-03  -9.5 8.85e-02    -  1.00e+00 1.56e-02h  7
 663  1.9293690e+01 6.16e-04 2.59e-03  -9.5 1.93e-01    -  1.00e+00 1.00e+00H  1
 664  1.9144072e+01 1.61e-03 2.19e-03  -9.5 1.21e-01    -  1.00e+00 1.00e+00H  1
 665  1.9142404e+01 6.86e-03 2.12e-03  -9.5 9.11e-02    -  1.00e+00 7.81e-03h  8
 666  1.9114918e+01 7.69e-03 2.49e-04  -9.5 1.22e-02    -  1.00e+00 1.00e+00H  1
 667  1.9113275e+01 2.47e-01 1.84e-04  -9.5 7.06e-03    -  1.00e+00 1.00e+00h  1
 668  1.9120098e+01 1.18e-03 7.99e-04 -11.0 9.21e-03    -  1.00e+00 1.00e+00H  1
 669  1.9112853e+01 6.80e-02 1.98e-05 -11.0 7.45e-03    -  1.00e+00 1.00e+00h  1
iter    objective    inf_pr   inf_du lg(mu)  ||d||  lg(rg) alpha_du alpha_pr  ls
 670  1.9112820e+01 1.74e-03 3.15e-05 -11.0 2.27e-03    -  1.00e+00 1.00e+00h  1
 671  1.9112555e+01 3.03e-01 1.28e-04 -11.0 1.83e-02    -  1.00e+00 1.00e+00h  1
 672  1.9191466e+01 7.78e-01 2.58e-03 -11.0 2.89e-01    -  1.00e+00 1.00e+00H  1
 673  1.9769603e+01 7.46e-01 4.37e-03 -11.0 6.70e-01    -  1.00e+00 1.00e+00H  1
 674  1.9767687e+01 7.46e-01 4.35e-03 -11.0 1.13e+00    -  9.75e-01 9.36e-04h 10
 675  1.9697217e+01 7.42e-01 4.18e-03 -11.0 9.38e-01    -  1.00e+00 3.13e-02h  6
 676  1.9689555e+01 7.41e-01 4.16e-03 -11.0 8.31e+00    -  1.00e-01 4.77e-04h 11
 677  1.9688770e+01 7.41e-01 4.15e-03 -11.0 2.51e+00    -  4.15e-01 1.37e-04h 13
 678  1.9688087e+01 7.41e-01 4.15e-03 -11.0 1.69e+00    -  3.16e-01 7.76e-05h 13
 679  1.9456507e+01 4.38e+01 1.92e-03 -11.0 7.46e+00  -6.5 5.08e-02 9.41e-03h  4
iter    objective    inf_pr   inf_du lg(mu)  ||d||  lg(rg) alpha_du alpha_pr  ls
 680  1.9540940e+01 4.15e+01 2.15e-03 -11.0 4.37e+00    -  5.11e-01 5.42e-02h  5
 681  1.9488117e+01 4.10e+01 1.80e-03 -11.0 2.12e+00    -  3.90e-01 2.39e-02h  6
 682  1.9492567e+01 1.78e+02 3.75e-03 -11.0 6.53e-01    -  1.00e+00 5.00e-01h  2
 683  1.9596594e+01 1.56e+02 4.16e-03 -11.0 5.44e-01    -  2.66e-01 1.25e-01h  4
 684  1.9428412e+01 2.03e+01 2.95e-03 -11.0 3.64e-01    -  1.00e+00 1.00e+00h  1
 685  1.9289892e+01 1.25e+02 5.77e-03 -11.0 8.73e-01    -  4.27e-01 8.37e-02h  3
 686  1.9266389e+01 9.82e+01 2.43e-03 -11.0 1.72e-01    -  4.97e-01 2.50e-01h  3
 687  1.9179665e+01 2.05e+02 1.40e-03 -11.0 1.15e-01    -  1.00e+00 1.00e+00h  1
 688  1.9866124e+01 2.92e-01 5.03e-03 -11.0 2.06e-01    -  1.00e+00 1.00e+00H  1
 689  1.9178894e+01 1.45e+01 6.68e-04 -11.0 1.31e-01    -  1.00e+00 1.00e+00H  1
iter    objective    inf_pr   inf_du lg(mu)  ||d||  lg(rg) alpha_du alpha_pr  ls
 690  1.9341559e+01 4.40e+00 4.01e-03 -11.0 7.37e-02    -  1.00e+00 1.00e+00H  1
 691  1.9216610e+01 5.55e+00 2.34e-03 -11.0 5.53e-02    -  1.00e+00 1.00e+00H  1
 692  1.9174740e+01 8.81e+00 7.63e-04 -11.0 1.64e-01    -  1.00e+00 1.25e-01h  4
 693  1.9128997e+01 6.12e+00 7.54e-04 -11.0 6.32e-02    -  1.00e+00 1.00e+00h  1
 694  1.9243679e+01 4.25e+00 1.96e-03 -11.0 4.49e-02    -  1.00e+00 1.00e+00H  1
 695  1.9121040e+01 2.02e+01 3.09e-04 -11.0 3.98e-02    -  1.00e+00 1.00e+00h  1
 696  1.9151082e+01 9.92e-01 1.45e-03 -11.0 1.73e-02    -  1.00e+00 1.00e+00h  1
 697  1.9117254e+01 2.11e-01 2.75e-04 -11.0 1.44e-02    -  1.00e+00 1.00e+00h  1
 698  1.9117612e+01 3.16e-01 3.01e-04 -11.0 7.86e-03    -  1.00e+00 1.00e+00h  1
 699  1.9116769e+01 1.30e-01 3.60e-04 -11.0 1.05e-02    -  1.00e+00 1.00e+00h  1
iter    objective    inf_pr   inf_du lg(mu)  ||d||  lg(rg) alpha_du alpha_pr  ls
 700  1.9145245e+01 3.17e-02 5.81e-04 -11.0 1.73e-02    -  1.00e+00 1.00e+00H  1
 701  1.9115033e+01 3.55e+00 1.28e-04 -11.0 1.56e-02    -  1.00e+00 1.00e+00h  1
 702  1.9114627e+01 3.80e-02 4.76e-05 -11.0 4.81e-03    -  1.00e+00 1.00e+00h  1
 703  1.9434644e+01 6.42e-03 5.38e-03 -11.0 1.53e-01    -  1.00e+00 1.00e+00H  1
 704  1.9125395e+01 1.99e-03 8.35e-04 -11.0 8.71e-02    -  1.00e+00 1.00e+00H  1
 705  1.9249780e+01 1.39e-03 2.74e-03 -11.0 1.53e-01    -  1.00e+00 1.00e+00H  1
 706  1.9462933e+01 1.68e-04 5.46e-03 -11.0 2.03e-01    -  1.00e+00 1.00e+00H  1
 707  1.9460706e+01 1.70e-04 5.44e-03 -11.0 3.92e-01    -  1.00e+00 9.77e-04h 11
 708  1.9459049e+01 3.45e-04 5.43e-03 -11.0 1.25e-01    -  1.00e+00 1.95e-03h 10
 709  1.9458425e+01 4.06e-04 5.42e-03 -11.0 2.09e-01    -  1.00e+00 4.88e-04h 12
iter    objective    inf_pr   inf_du lg(mu)  ||d||  lg(rg) alpha_du alpha_pr  ls
 710  1.9457781e+01 5.55e-04 5.42e-03 -11.0 2.33e+00    -  5.03e-02 5.06e-05h 13
 711  1.9457741e+01 5.55e-04 5.42e-03 -11.0 2.33e+00    -  9.60e-02 3.16e-06h 17
 712  1.9211824e+01 4.24e+01 1.76e-03 -11.0 2.33e+00    -  8.94e-02 2.59e-02h  4
 713  1.9225958e+01 1.44e-01 1.47e-02 -11.0 1.47e-02    -  1.00e+00 1.00e+00h  1
 714  1.9201154e+01 2.18e-02 3.08e-03 -11.0 1.97e-03    -  1.00e+00 1.00e+00h  1
 715  1.9150047e+01 3.86e-01 5.80e-04 -11.0 7.75e-03    -  1.00e+00 1.00e+00h  1
 716  1.9145536e+01 2.22e-02 2.08e-04 -11.0 1.74e-03    -  1.00e+00 1.00e+00h  1
 717  1.9131844e+01 7.03e-01 6.02e-04 -11.0 8.98e-03    -  1.00e+00 1.00e+00h  1
 718  1.9124749e+01 8.05e-01 6.06e-04 -11.0 1.55e-02    -  1.00e+00 1.00e+00h  1
 719  1.9113844e+01 3.81e+00 8.10e-04 -11.0 2.68e-02    -  1.00e+00 1.00e+00h  1
iter    objective    inf_pr   inf_du lg(mu)  ||d||  lg(rg) alpha_du alpha_pr  ls
 720  1.9119631e+01 1.42e-01 4.39e-04 -11.0 2.59e-02    -  1.00e+00 1.00e+00H  1
 721  1.9109932e+01 2.80e+00 7.29e-04 -11.0 1.48e-02    -  1.00e+00 1.00e+00h  1
 722  1.9111111e+01 1.52e+00 5.84e-04 -11.0 1.09e-02    -  1.00e+00 5.00e-01h  2
 723  1.9107464e+01 4.70e-02 9.29e-05 -11.0 5.53e-03    -  1.00e+00 1.00e+00h  1
 724  1.9107139e+01 3.77e-03 4.88e-05 -11.0 1.96e-03    -  1.00e+00 1.00e+00h  1
 725  1.9107011e+01 2.45e-02 1.58e-04 -11.0 2.52e-03    -  1.00e+00 1.00e+00h  1
 726  1.9107317e+01 3.38e-04 2.46e-04 -11.0 5.81e-03    -  1.00e+00 1.00e+00H  1
 727  1.9106667e+01 5.66e-02 1.33e-04 -11.0 2.89e-03    -  1.00e+00 1.00e+00h  1
 728  1.9106415e+01 5.23e-03 3.19e-05 -11.0 1.21e-03    -  1.00e+00 1.00e+00h  1
 729  1.9106264e+01 4.21e-03 2.34e-05 -11.0 2.44e-03    -  1.00e+00 1.00e+00h  1
iter    objective    inf_pr   inf_du lg(mu)  ||d||  lg(rg) alpha_du alpha_pr  ls
 730  1.9148256e+01 5.73e-03 2.05e-03 -11.0 8.88e-02    -  1.00e+00 1.00e+00H  1
 731  1.9149171e+01 2.08e-03 1.18e-03 -11.0 2.70e-02    -  1.00e+00 1.00e+00H  1
 732  1.9175900e+01 7.80e-04 1.08e-03 -11.0 1.34e-01    -  1.00e+00 1.00e+00H  1
 733  1.9151158e+01 9.81e+00 1.73e-03 -11.0 7.80e-02    -  1.00e+00 2.50e-01h  3
 734  1.9157415e+01 1.77e+00 2.15e-03 -11.0 1.10e-01    -  1.00e+00 1.00e+00h  1
 735  1.9482942e+01 1.08e+00 1.99e-03 -11.0 4.93e-02    -  1.00e+00 1.00e+00H  1
 736  1.9106790e+01 8.71e+00 2.23e-04 -11.0 8.42e-02    -  1.00e+00 1.00e+00h  1
 737  1.9105262e+01 2.43e-01 1.74e-04 -11.0 2.82e-02    -  1.00e+00 1.00e+00h  1
 738  1.9127664e+01 4.39e-02 1.62e-03 -11.0 7.27e-02    -  1.00e+00 1.00e+00H  1
 739  1.9120433e+01 3.75e-01 1.00e-03 -11.0 4.76e-02    -  1.00e+00 1.00e+00h  1
iter    objective    inf_pr   inf_du lg(mu)  ||d||  lg(rg) alpha_du alpha_pr  ls
 740  1.9182232e+01 4.21e-02 2.05e-03 -11.0 1.68e-01    -  1.00e+00 1.00e+00H  1
 741  1.9111201e+01 1.48e+00 2.43e-04 -11.0 1.24e-01    -  1.00e+00 1.00e+00h  1
 742  1.9112636e+01 2.57e+00 1.92e-04 -11.0 6.96e-02    -  1.00e+00 5.00e-01h  2
 743  1.9107637e+01 4.55e-01 5.19e-04 -11.0 1.63e-02    -  1.00e+00 1.00e+00h  1
 744  1.9139324e+01 6.33e-02 1.59e-03 -11.0 2.27e-02    -  1.00e+00 1.00e+00H  1
 745  1.9104516e+01 7.86e-01 3.89e-05 -11.0 1.76e-02    -  1.00e+00 1.00e+00h  1
 746  1.9104634e+01 7.67e-03 1.79e-04 -11.0 1.24e-03    -  1.00e+00 1.00e+00h  1
 747  1.9104332e+01 4.08e-03 5.92e-05 -11.0 6.58e-04    -  1.00e+00 1.00e+00h  1
 748  1.9104310e+01 3.19e-04 1.38e-05 -11.0 3.52e-04    -  1.00e+00 1.00e+00h  1
 749  1.9104263e+01 3.18e-04 2.23e-05 -11.0 1.35e-03    -  1.00e+00 1.00e+00h  1
iter    objective    inf_pr   inf_du lg(mu)  ||d||  lg(rg) alpha_du alpha_pr  ls
 750  1.9104296e+01 3.95e-05 3.02e-07 -11.0 7.19e-03    -  1.00e+00 1.00e+00H  1

Number of Iterations....: 750

                                   (scaled)                 (unscaled)
Objective...............:   6.7778467661780385e-04    1.9104295926913782e+01
Dual infeasibility......:   3.0237055679662563e-07    8.5227311798401449e-03
Constraint violation....:   2.3248607572466495e-08    3.9514369802873255e-05
Complementarity.........:   1.0000000000000001e-11    2.8186379223333354e-07
Overall NLP error.......:   3.0237055679662563e-07    8.5227311798401449e-03


Number of objective function evaluations             = 2535
Number of objective gradient evaluations             = 751
Number of equality constraint evaluations            = 2535
Number of inequality constraint evaluations          = 0
Number of equality constraint Jacobian evaluations   = 752
Number of inequality constraint Jacobian evaluations = 0
Number of Lagrangian Hessian evaluations             = 0
Total CPU secs in IPOPT (w/o function evaluations)   =    244.161
Total CPU secs in NLP function evaluations           =   2086.598

EXIT: Optimal Solution Found.
               t_proc [s]   t_wall [s]    n_eval
callback_fun        0.262         0.25       752
         nlp     2.33e+03     2.33e+03         1
       nlp_f         80.9         80.9      2535
       nlp_g         47.9         47.9      2535
  nlp_grad_f          871          871       752
   nlp_jac_g     1.09e+03     1.09e+03       753

Breakdown of objective (including weights):
  state_tracking: 0.411244
  control_effort: 0.0204096
  contact: 18.6726
-------------------------------------------------------------------------------
Elapsed real time: 2334 second(s) (38 minute(s), 54 second(s)).
Tue Sep 15 16:51:12 2020
MocoCasADiSolver succeeded!
===============================================================================
Adding reserve actuators with an optimal force of 1000...
Added 9 reserve actuator(s), for each of the following coordinates:
  /jointset/walker_knee_r/knee_angle_r
  /jointset/ankle_r/ankle_angle_r
  /jointset/walker_knee_l/knee_angle_l
  /jointset/ankle_l/ankle_angle_l
  /jointset/hip_r/hip_flexion_r
  /jointset/hip_l/hip_flexion_l
  /jointset/ground_pelvis/pelvis_tilt
  /jointset/ground_pelvis/pelvis_tx
  /jointset/ground_pelvis/pelvis_ty
