[2021-03-15 16:22:42.941] [info] Processing subject ...
[2021-03-15 16:22:42.941] [info] Step 1: Loading generic model
[2021-03-15 16:22:43.007] [info] Loaded model genericModel_LaiArnold from file genericModel_LaiArnold.osim
[2021-03-15 16:22:43.159] [info] Step 2: Scaling generic model
[2021-03-15 16:22:43.278] [info] Loaded marker file ..\Data\staticVirtualMarkers.trc (58 markers, 483 frames)
[2021-03-15 16:22:43.280] [info] Measurement 'torso_height'
[2021-03-15 16:22:43.282] [info] 	pair 0 (MTOR, MPEL): model = 0.468396, experimental = 0.466528
[2021-03-15 16:22:43.283] [info] 	overall scale factor = 0.996011
[2021-03-15 16:22:43.283] [info] Measurement 'torso_breadth'
[2021-03-15 16:22:43.284] [info] 	pair 0 (C7, CLAV): model = 0.146032, experimental = 0.146906
[2021-03-15 16:22:43.293] [info] 	pair 1 (T10, STRN): model = 0.222121, experimental = 0.241562
[2021-03-15 16:22:43.293] [info] 	overall scale factor = 1.04675
[2021-03-15 16:22:43.294] [info] Measurement 'torso_width'
[2021-03-15 16:22:43.294] [info] 	pair 0 (RACR, LACR): model = 0.283321, experimental = 0.345905
[2021-03-15 16:22:43.295] [info] 	overall scale factor = 1.22089
[2021-03-15 16:22:43.297] [info] Measurement 'pelvis_w'
[2021-03-15 16:22:43.297] [info] 	pair 0 (RASI, LASI): model = 0.25789, experimental = 0.216053
[2021-03-15 16:22:43.298] [info] 	pair 1 (RPSI, LPSI): model = 0.092731, experimental = 0.0960037
[2021-03-15 16:22:43.298] [info] 	overall scale factor = 0.936532
[2021-03-15 16:22:43.299] [info] Measurement 'pelvis_d'
[2021-03-15 16:22:43.300] [info] 	pair 0 (RASI, RPSI): model = 0.201128, experimental = 0.188603
[2021-03-15 16:22:43.300] [info] 	pair 1 (LASI, LPSI): model = 0.192488, experimental = 0.188085
[2021-03-15 16:22:43.300] [info] 	overall scale factor = 0.957426
[2021-03-15 16:22:43.301] [info] Measurement 'pelvis_h'
[2021-03-15 16:22:43.301] [info] 	pair 0 (MPEL, RHJC): model = 0.131542, experimental = 0.105614
[2021-03-15 16:22:43.302] [info] 	pair 1 (MPEL, LHJC): model = 0.131025, experimental = 0.108303
[2021-03-15 16:22:43.302] [info] 	overall scale factor = 0.814735
[2021-03-15 16:22:43.303] [info] Measurement 'r_thigh_length'
[2021-03-15 16:22:43.303] [info] 	pair 0 (RHJC, RKJC): model = 0.390494, experimental = 0.46219
[2021-03-15 16:22:43.304] [info] 	overall scale factor = 1.1836
[2021-03-15 16:22:43.304] [info] Measurement 'r_thigh_breadth'
[2021-03-15 16:22:43.304] [info] 	pair 0 (RLFC, RMFC): model = 0.108539, experimental = 0.125179
[2021-03-15 16:22:43.305] [info] 	overall scale factor = 1.1533
[2021-03-15 16:22:43.306] [info] Measurement 'r_tibia_length'
[2021-03-15 16:22:43.306] [info] 	pair 0 (RKJC, RAJC): model = 0.391627, experimental = 0.437658
[2021-03-15 16:22:43.306] [info] 	overall scale factor = 1.11754
[2021-03-15 16:22:43.307] [info] Measurement 'r_tibia_breadth'
[2021-03-15 16:22:43.307] [info] 	pair 0 (RLMAL, RMMAL): model = 0.093372, experimental = 0.0955162
[2021-03-15 16:22:43.307] [info] 	overall scale factor = 1.02296
[2021-03-15 16:22:43.307] [info] Measurement 'r_foot_length'
[2021-03-15 16:22:43.308] [info] 	pair 0 (fRCAL, fRAJC): model = 0.0941763, experimental = 0.0694764
[2021-03-15 16:22:43.309] [info] 	pair 1 (fRAJC, fRMT3): model = 0.129502, experimental = 0.148666
[2021-03-15 16:22:43.310] [info] 	overall scale factor = 0.942854
[2021-03-15 16:22:43.310] [info] Measurement 'r_foot_height'
[2021-03-15 16:22:43.310] [info] 	pair 0 (RAJC, fRAJC): model = 0.0696915, experimental = 0.100821
[2021-03-15 16:22:43.311] [info] 	overall scale factor = 1.44667
[2021-03-15 16:22:43.311] [info] Measurement 'r_foot_width'
[2021-03-15 16:22:43.311] [info] 	pair 0 (fRMT1, fRMT5): model = 0.0759802, experimental = 0.109619
[2021-03-15 16:22:43.312] [info] 	overall scale factor = 1.44273
[2021-03-15 16:22:43.312] [info] Measurement 'l_thigh_length'
[2021-03-15 16:22:43.312] [info] 	pair 0 (LHJC, LKJC): model = 0.390494, experimental = 0.474762
[2021-03-15 16:22:43.312] [info] 	overall scale factor = 1.2158
[2021-03-15 16:22:43.313] [info] Measurement 'l_thigh_breadth'
[2021-03-15 16:22:43.313] [info] 	pair 0 (LLFC, LMFC): model = 0.108539, experimental = 0.125672
[2021-03-15 16:22:43.313] [info] 	overall scale factor = 1.15785
[2021-03-15 16:22:43.313] [info] Measurement 'l_tibia_length'
[2021-03-15 16:22:43.313] [info] 	pair 0 (LKJC, LAJC): model = 0.391627, experimental = 0.433973
[2021-03-15 16:22:43.314] [info] 	overall scale factor = 1.10813
[2021-03-15 16:22:43.314] [info] Measurement 'l_tibia_breadth'
[2021-03-15 16:22:43.314] [info] 	pair 0 (LLMAL, LMMAL): model = 0.093372, experimental = 0.0950852
[2021-03-15 16:22:43.314] [info] 	overall scale factor = 1.01835
[2021-03-15 16:22:43.315] [info] Measurement 'l_foot_length'
[2021-03-15 16:22:43.315] [info] 	pair 0 (fLCAL, fLAJC): model = 0.0954936, experimental = 0.068191
[2021-03-15 16:22:43.316] [info] 	pair 1 (fLAJC, fLMT3): model = 0.129723, experimental = 0.153377
[2021-03-15 16:22:43.316] [info] 	overall scale factor = 0.948218
[2021-03-15 16:22:43.316] [info] Measurement 'l_foot_height'
[2021-03-15 16:22:43.316] [info] 	pair 0 (LAJC, fLAJC): model = 0.0696334, experimental = 0.101405
[2021-03-15 16:22:43.317] [info] 	overall scale factor = 1.45627
[2021-03-15 16:22:43.317] [info] Measurement 'l_foot_width'
[2021-03-15 16:22:43.318] [info] 	pair 0 (fLMT1, fLMT5): model = 0.0759802, experimental = 0.110420
[2021-03-15 16:22:43.319] [info] 	overall scale factor = 1.45327
[2021-03-15 16:22:43.600] [info] Wrote model file 'scaledModel.osim' from model.
[2021-03-15 16:22:43.604] [info] Wrote scale file 'scaleSet.xml' for model model.
[2021-03-15 16:22:43.604] [info] Step 3: Placing markers on model
[2021-03-15 16:22:43.720] [info] Loaded marker file ..\Data\staticVirtualMarkers.trc (58 markers, 483 frames)
[2021-03-15 16:22:43.721] [info] Averaged frames from time 0.5 to 1.5 in ..\Data\staticVirtualMarkers.trc (frames 126 to 376)
[2021-03-15 16:22:43.721] [info] Deleted 0 unused markers from model model.
[2021-03-15 16:22:43.857] [info] Frame at (t = 0.5):	 total squared error = 0.0573014, marker error: RMS = 0.0322776, max = 0.0574159 (LTH2)
[2021-03-15 16:22:43.858] [info] Moved markers in model model to match locations in marker file '..\Data\staticVirtualMarkers.trc'.
[2021-03-15 16:22:43.909] [info] Wrote model file 'scaledModelAdjusted.osim' from model model.
[2021-03-15 16:22:44.027] [info] Loaded model model from file scaledModelAdjusted.osim
[2021-03-15 16:22:44.219] [info] Loaded model genericModel_LaiArnold from file genericModel_LaiArnold.osim
[2021-03-15 16:22:44.377] [info] Loaded model scaledModel from file scaledModelAdjusted.osim
[2021-03-15 16:22:44.632] [info] Loaded model scaledModel from file scaledModelMuscle.osim
[2021-03-15 16:22:44.719] [info] Processing subject ...
[2021-03-15 16:22:44.719] [info] Step 1: Loading generic model
[2021-03-15 16:22:44.739] [info] Loaded model gait9dof18musc_Ong_et_al from file gait9dof18musc_Ong_et_al_Moco.osim
[2021-03-15 16:22:44.754] [info] Step 2: Scaling generic model
[2021-03-15 16:22:44.815] [info] Loaded marker file ..\Data\staticVirtualMarkers.trc (58 markers, 483 frames)
[2021-03-15 16:22:44.816] [info] Measurement 'torso_height'
[2021-03-15 16:22:44.816] [info] 	pair 0 (MTOR, MPEL): model = 0.465351, experimental = 0.466528
[2021-03-15 16:22:44.817] [info] 	overall scale factor = 1.00253
[2021-03-15 16:22:44.817] [info] Measurement 'torso_breadth'
[2021-03-15 16:22:44.818] [info] 	pair 0 (C7, CLAV): model = 0.146032, experimental = 0.146906
[2021-03-15 16:22:44.818] [info] 	pair 1 (T10, STRN): model = 0.222121, experimental = 0.241562
[2021-03-15 16:22:44.818] [info] 	overall scale factor = 1.04675
[2021-03-15 16:22:44.819] [info] Measurement 'torso_width'
[2021-03-15 16:22:44.819] [info] 	pair 0 (RACR, LACR): model = 0.283321, experimental = 0.345905
[2021-03-15 16:22:44.820] [info] 	overall scale factor = 1.22089
[2021-03-15 16:22:44.820] [info] Measurement 'pelvis_w'
[2021-03-15 16:22:44.820] [info] 	pair 0 (RASI, LASI): model = 0.25789, experimental = 0.216053
[2021-03-15 16:22:44.821] [info] 	pair 1 (RPSI, LPSI): model = 0.092731, experimental = 0.0960037
[2021-03-15 16:22:44.821] [info] 	overall scale factor = 0.936532
[2021-03-15 16:22:44.821] [info] Measurement 'pelvis_d'
[2021-03-15 16:22:44.822] [info] 	pair 0 (RASI, RPSI): model = 0.201128, experimental = 0.188603
[2021-03-15 16:22:44.822] [info] 	pair 1 (LASI, LPSI): model = 0.192488, experimental = 0.188085
[2021-03-15 16:22:44.822] [info] 	overall scale factor = 0.957426
[2021-03-15 16:22:44.823] [info] Measurement 'pelvis_h'
[2021-03-15 16:22:44.823] [info] 	pair 0 (MPEL, RHJC): model = 0.12213, experimental = 0.105614
[2021-03-15 16:22:44.823] [info] 	pair 1 (MPEL, LHJC): model = 0.121537, experimental = 0.108303
[2021-03-15 16:22:44.824] [info] 	overall scale factor = 0.877939
[2021-03-15 16:22:44.824] [info] Measurement 'r_thigh_length'
[2021-03-15 16:22:44.824] [info] 	pair 0 (RHJC, RKJC): model = 0.390494, experimental = 0.46219
[2021-03-15 16:22:44.826] [info] 	overall scale factor = 1.1836
[2021-03-15 16:22:44.827] [info] Measurement 'r_thigh_breadth'
[2021-03-15 16:22:44.827] [info] 	pair 0 (RLFC, RMFC): model = 0.108539, experimental = 0.125179
[2021-03-15 16:22:44.828] [info] 	overall scale factor = 1.1533
[2021-03-15 16:22:44.828] [info] Measurement 'r_tibia_length'
[2021-03-15 16:22:44.828] [info] 	pair 0 (RKJC, RAJC): model = 0.38269, experimental = 0.437658
[2021-03-15 16:22:44.829] [info] 	overall scale factor = 1.14364
[2021-03-15 16:22:44.829] [info] Measurement 'r_tibia_breadth'
[2021-03-15 16:22:44.829] [info] 	pair 0 (RLMAL, RMMAL): model = 0.093372, experimental = 0.0955162
[2021-03-15 16:22:44.830] [info] 	overall scale factor = 1.02296
[2021-03-15 16:22:44.830] [info] Measurement 'r_foot_length'
[2021-03-15 16:22:44.830] [info] 	pair 0 (fRCAL, fRAJC): model = 0.0810480, experimental = 0.0694764
[2021-03-15 16:22:44.831] [info] 	pair 1 (fRAJC, fRMT3): model = 0.128814, experimental = 0.148666
[2021-03-15 16:22:44.831] [info] 	overall scale factor = 1.00567
[2021-03-15 16:22:44.831] [info] Measurement 'r_foot_height'
[2021-03-15 16:22:44.831] [info] 	pair 0 (RAJC, fRAJC): model = 0.0696915, experimental = 0.100821
[2021-03-15 16:22:44.832] [info] 	overall scale factor = 1.44667
[2021-03-15 16:22:44.832] [info] Measurement 'r_foot_width'
[2021-03-15 16:22:44.832] [info] 	pair 0 (fRMT1, fRMT5): model = 0.0759802, experimental = 0.109619
[2021-03-15 16:22:44.833] [info] 	overall scale factor = 1.44273
[2021-03-15 16:22:44.833] [info] Measurement 'l_thigh_length'
[2021-03-15 16:22:44.833] [info] 	pair 0 (LHJC, LKJC): model = 0.390494, experimental = 0.474762
[2021-03-15 16:22:44.834] [info] 	overall scale factor = 1.2158
[2021-03-15 16:22:44.834] [info] Measurement 'l_thigh_breadth'
[2021-03-15 16:22:44.835] [info] 	pair 0 (LLFC, LMFC): model = 0.108539, experimental = 0.125672
[2021-03-15 16:22:44.837] [info] 	overall scale factor = 1.15785
[2021-03-15 16:22:44.837] [info] Measurement 'l_tibia_length'
[2021-03-15 16:22:44.837] [info] 	pair 0 (LKJC, LAJC): model = 0.38269, experimental = 0.433973
[2021-03-15 16:22:44.838] [info] 	overall scale factor = 1.13401
[2021-03-15 16:22:44.838] [info] Measurement 'l_tibia_breadth'
[2021-03-15 16:22:44.838] [info] 	pair 0 (LLMAL, LMMAL): model = 0.093372, experimental = 0.0950852
[2021-03-15 16:22:44.838] [info] 	overall scale factor = 1.01835
[2021-03-15 16:22:44.839] [info] Measurement 'l_foot_length'
[2021-03-15 16:22:44.839] [info] 	pair 0 (fLCAL, fLAJC): model = 0.0822059, experimental = 0.068191
[2021-03-15 16:22:44.839] [info] 	pair 1 (fLAJC, fLMT3): model = 0.129019, experimental = 0.153377
[2021-03-15 16:22:44.840] [info] 	overall scale factor = 1.00915
[2021-03-15 16:22:44.840] [info] Measurement 'l_foot_height'
[2021-03-15 16:22:44.840] [info] 	pair 0 (LAJC, fLAJC): model = 0.0696334, experimental = 0.101405
[2021-03-15 16:22:44.841] [info] 	overall scale factor = 1.45627
[2021-03-15 16:22:44.842] [info] Measurement 'l_foot_width'
[2021-03-15 16:22:44.842] [info] 	pair 0 (fLMT1, fLMT5): model = 0.0759802, experimental = 0.110420
[2021-03-15 16:22:44.842] [info] 	overall scale factor = 1.45327
[2021-03-15 16:22:44.880] [info] Wrote model file 'scaledModel2D.osim' from model.
[2021-03-15 16:22:44.885] [info] Wrote scale file 'scaleSet2D.xml' for model model.
[2021-03-15 16:22:44.885] [info] Step 3: Placing markers on model
[2021-03-15 16:22:44.987] [info] Loaded marker file ..\Data\staticVirtualMarkers.trc (58 markers, 483 frames)
[2021-03-15 16:22:44.988] [info] Averaged frames from time 0.5 to 1.5 in ..\Data\staticVirtualMarkers.trc (frames 126 to 376)
[2021-03-15 16:22:44.988] [info] Deleted 0 unused markers from model model.
[2021-03-15 16:22:44.999] [info] Frame at (t = 0.5):	 total squared error = 5.34968, marker error: RMS = 0.311876, max = 0.402405 (RMT5)
[2021-03-15 16:22:45.000] [info] Moved markers in model model to match locations in marker file '..\Data\staticVirtualMarkers.trc'.
[2021-03-15 16:22:45.018] [info] Wrote model file 'scaledModelAdjusted2D.osim' from model model.
[2021-03-15 16:22:45.058] [info] Loaded model model from file scaledModelAdjusted2D.osim
[2021-03-15 16:23:34.894] [info] Processing subject ...
[2021-03-15 16:23:34.895] [info] Step 1: Loading generic model
[2021-03-15 16:23:34.963] [info] Loaded model genericModel_LaiArnold from file genericModel_LaiArnold.osim
[2021-03-15 16:23:35.104] [info] Step 2: Scaling generic model
[2021-03-15 16:23:35.225] [info] Loaded marker file ..\Data\staticVirtualMarkers.trc (58 markers, 483 frames)
[2021-03-15 16:23:35.226] [info] Measurement 'torso_height'
[2021-03-15 16:23:35.227] [info] 	pair 0 (MTOR, MPEL): model = 0.468396, experimental = 0.466528
[2021-03-15 16:23:35.227] [info] 	overall scale factor = 0.996011
[2021-03-15 16:23:35.228] [info] Measurement 'torso_breadth'
[2021-03-15 16:23:35.228] [info] 	pair 0 (C7, CLAV): model = 0.146032, experimental = 0.146906
[2021-03-15 16:23:35.229] [info] 	pair 1 (T10, STRN): model = 0.222121, experimental = 0.241562
[2021-03-15 16:23:35.229] [info] 	overall scale factor = 1.04675
[2021-03-15 16:23:35.230] [info] Measurement 'torso_width'
[2021-03-15 16:23:35.231] [info] 	pair 0 (RACR, LACR): model = 0.283321, experimental = 0.345905
[2021-03-15 16:23:35.231] [info] 	overall scale factor = 1.22089
[2021-03-15 16:23:35.232] [info] Measurement 'pelvis_w'
[2021-03-15 16:23:35.232] [info] 	pair 0 (RASI, LASI): model = 0.25789, experimental = 0.216053
[2021-03-15 16:23:35.233] [info] 	pair 1 (RPSI, LPSI): model = 0.092731, experimental = 0.0960037
[2021-03-15 16:23:35.233] [info] 	overall scale factor = 0.936532
[2021-03-15 16:23:35.234] [info] Measurement 'pelvis_d'
[2021-03-15 16:23:35.234] [info] 	pair 0 (RASI, RPSI): model = 0.201128, experimental = 0.188603
[2021-03-15 16:23:35.234] [info] 	pair 1 (LASI, LPSI): model = 0.192488, experimental = 0.188085
[2021-03-15 16:23:35.235] [info] 	overall scale factor = 0.957426
[2021-03-15 16:23:35.235] [info] Measurement 'pelvis_h'
[2021-03-15 16:23:35.237] [info] 	pair 0 (MPEL, RHJC): model = 0.131542, experimental = 0.105614
[2021-03-15 16:23:35.238] [info] 	pair 1 (MPEL, LHJC): model = 0.131025, experimental = 0.108303
[2021-03-15 16:23:35.238] [info] 	overall scale factor = 0.814735
[2021-03-15 16:23:35.239] [info] Measurement 'r_thigh_length'
[2021-03-15 16:23:35.239] [info] 	pair 0 (RHJC, RKJC): model = 0.390494, experimental = 0.46219
[2021-03-15 16:23:35.239] [info] 	overall scale factor = 1.1836
[2021-03-15 16:23:35.239] [info] Measurement 'r_thigh_breadth'
[2021-03-15 16:23:35.240] [info] 	pair 0 (RLFC, RMFC): model = 0.108539, experimental = 0.125179
[2021-03-15 16:23:35.240] [info] 	overall scale factor = 1.1533
[2021-03-15 16:23:35.240] [info] Measurement 'r_tibia_length'
[2021-03-15 16:23:35.241] [info] 	pair 0 (RKJC, RAJC): model = 0.391627, experimental = 0.437658
[2021-03-15 16:23:35.241] [info] 	overall scale factor = 1.11754
[2021-03-15 16:23:35.241] [info] Measurement 'r_tibia_breadth'
[2021-03-15 16:23:35.242] [info] 	pair 0 (RLMAL, RMMAL): model = 0.093372, experimental = 0.0955162
[2021-03-15 16:23:35.242] [info] 	overall scale factor = 1.02296
[2021-03-15 16:23:35.242] [info] Measurement 'r_foot_length'
[2021-03-15 16:23:35.243] [info] 	pair 0 (fRCAL, fRAJC): model = 0.0941763, experimental = 0.0694764
[2021-03-15 16:23:35.243] [info] 	pair 1 (fRAJC, fRMT3): model = 0.129502, experimental = 0.148666
[2021-03-15 16:23:35.243] [info] 	overall scale factor = 0.942854
[2021-03-15 16:23:35.243] [info] Measurement 'r_foot_height'
[2021-03-15 16:23:35.244] [info] 	pair 0 (RAJC, fRAJC): model = 0.0696915, experimental = 0.100821
[2021-03-15 16:23:35.244] [info] 	overall scale factor = 1.44667
[2021-03-15 16:23:35.244] [info] Measurement 'r_foot_width'
[2021-03-15 16:23:35.245] [info] 	pair 0 (fRMT1, fRMT5): model = 0.0759802, experimental = 0.109619
[2021-03-15 16:23:35.245] [info] 	overall scale factor = 1.44273
[2021-03-15 16:23:35.245] [info] Measurement 'l_thigh_length'
[2021-03-15 16:23:35.248] [info] 	pair 0 (LHJC, LKJC): model = 0.390494, experimental = 0.474762
[2021-03-15 16:23:35.248] [info] 	overall scale factor = 1.2158
[2021-03-15 16:23:35.249] [info] Measurement 'l_thigh_breadth'
[2021-03-15 16:23:35.249] [info] 	pair 0 (LLFC, LMFC): model = 0.108539, experimental = 0.125672
[2021-03-15 16:23:35.249] [info] 	overall scale factor = 1.15785
[2021-03-15 16:23:35.250] [info] Measurement 'l_tibia_length'
[2021-03-15 16:23:35.250] [info] 	pair 0 (LKJC, LAJC): model = 0.391627, experimental = 0.433973
[2021-03-15 16:23:35.250] [info] 	overall scale factor = 1.10813
[2021-03-15 16:23:35.250] [info] Measurement 'l_tibia_breadth'
[2021-03-15 16:23:35.251] [info] 	pair 0 (LLMAL, LMMAL): model = 0.093372, experimental = 0.0950852
[2021-03-15 16:23:35.251] [info] 	overall scale factor = 1.01835
[2021-03-15 16:23:35.251] [info] Measurement 'l_foot_length'
[2021-03-15 16:23:35.251] [info] 	pair 0 (fLCAL, fLAJC): model = 0.0954936, experimental = 0.068191
[2021-03-15 16:23:35.252] [info] 	pair 1 (fLAJC, fLMT3): model = 0.129723, experimental = 0.153377
[2021-03-15 16:23:35.252] [info] 	overall scale factor = 0.948218
[2021-03-15 16:23:35.252] [info] Measurement 'l_foot_height'
[2021-03-15 16:23:35.253] [info] 	pair 0 (LAJC, fLAJC): model = 0.0696334, experimental = 0.101405
[2021-03-15 16:23:35.253] [info] 	overall scale factor = 1.45627
[2021-03-15 16:23:35.253] [info] Measurement 'l_foot_width'
[2021-03-15 16:23:35.253] [info] 	pair 0 (fLMT1, fLMT5): model = 0.0759802, experimental = 0.110420
[2021-03-15 16:23:35.254] [info] 	overall scale factor = 1.45327
[2021-03-15 16:23:35.505] [info] Wrote model file 'scaledModel.osim' from model.
[2021-03-15 16:23:35.510] [info] Wrote scale file 'scaleSet.xml' for model model.
[2021-03-15 16:23:35.510] [info] Step 3: Placing markers on model
[2021-03-15 16:23:35.634] [info] Loaded marker file ..\Data\staticVirtualMarkers.trc (58 markers, 483 frames)
[2021-03-15 16:23:35.634] [info] Averaged frames from time 0.5 to 1.5 in ..\Data\staticVirtualMarkers.trc (frames 126 to 376)
[2021-03-15 16:23:35.635] [info] Deleted 0 unused markers from model model.
[2021-03-15 16:23:35.786] [info] Frame at (t = 0.5):	 total squared error = 0.0573014, marker error: RMS = 0.0322776, max = 0.0574159 (LTH2)
[2021-03-15 16:23:35.787] [info] Moved markers in model model to match locations in marker file '..\Data\staticVirtualMarkers.trc'.
[2021-03-15 16:23:35.845] [info] Wrote model file 'scaledModelAdjusted.osim' from model model.
[2021-03-15 16:23:35.954] [info] Loaded model model from file scaledModelAdjusted.osim
[2021-03-15 16:23:36.158] [info] Loaded model genericModel_LaiArnold from file genericModel_LaiArnold.osim
[2021-03-15 16:23:36.306] [info] Loaded model scaledModel from file scaledModelAdjusted.osim
[2021-03-15 16:23:36.579] [info] Loaded model scaledModel from file scaledModelMuscle.osim
[2021-03-15 16:23:36.673] [info] Processing subject ...
[2021-03-15 16:23:36.673] [info] Step 1: Loading generic model
[2021-03-15 16:23:36.694] [info] Loaded model gait9dof18musc_Ong_et_al from file gait9dof18musc_Ong_et_al_Moco.osim
[2021-03-15 16:23:36.707] [info] Step 2: Scaling generic model
[2021-03-15 16:23:36.763] [info] Loaded marker file ..\Data\staticVirtualMarkers.trc (58 markers, 483 frames)
[2021-03-15 16:23:36.764] [info] Measurement 'torso_height'
[2021-03-15 16:23:36.765] [info] 	pair 0 (MTOR, MPEL): model = 0.465351, experimental = 0.466528
[2021-03-15 16:23:36.766] [info] 	overall scale factor = 1.00253
[2021-03-15 16:23:36.766] [info] Measurement 'torso_breadth'
[2021-03-15 16:23:36.767] [info] 	pair 0 (C7, CLAV): model = 0.146032, experimental = 0.146906
[2021-03-15 16:23:36.767] [info] 	pair 1 (T10, STRN): model = 0.222121, experimental = 0.241562
[2021-03-15 16:23:36.768] [info] 	overall scale factor = 1.04675
[2021-03-15 16:23:36.768] [info] Measurement 'torso_width'
[2021-03-15 16:23:36.768] [info] 	pair 0 (RACR, LACR): model = 0.283321, experimental = 0.345905
[2021-03-15 16:23:36.769] [info] 	overall scale factor = 1.22089
[2021-03-15 16:23:36.769] [info] Measurement 'pelvis_w'
[2021-03-15 16:23:36.769] [info] 	pair 0 (RASI, LASI): model = 0.25789, experimental = 0.216053
[2021-03-15 16:23:36.770] [info] 	pair 1 (RPSI, LPSI): model = 0.092731, experimental = 0.0960037
[2021-03-15 16:23:36.770] [info] 	overall scale factor = 0.936532
[2021-03-15 16:23:36.770] [info] Measurement 'pelvis_d'
[2021-03-15 16:23:36.772] [info] 	pair 0 (RASI, RPSI): model = 0.201128, experimental = 0.188603
[2021-03-15 16:23:36.772] [info] 	pair 1 (LASI, LPSI): model = 0.192488, experimental = 0.188085
[2021-03-15 16:23:36.773] [info] 	overall scale factor = 0.957426
[2021-03-15 16:23:36.773] [info] Measurement 'pelvis_h'
[2021-03-15 16:23:36.775] [info] 	pair 0 (MPEL, RHJC): model = 0.12213, experimental = 0.105614
[2021-03-15 16:23:36.775] [info] 	pair 1 (MPEL, LHJC): model = 0.121537, experimental = 0.108303
[2021-03-15 16:23:36.775] [info] 	overall scale factor = 0.877939
[2021-03-15 16:23:36.776] [info] Measurement 'r_thigh_length'
[2021-03-15 16:23:36.776] [info] 	pair 0 (RHJC, RKJC): model = 0.390494, experimental = 0.46219
[2021-03-15 16:23:36.776] [info] 	overall scale factor = 1.1836
[2021-03-15 16:23:36.776] [info] Measurement 'r_thigh_breadth'
[2021-03-15 16:23:36.777] [info] 	pair 0 (RLFC, RMFC): model = 0.108539, experimental = 0.125179
[2021-03-15 16:23:36.777] [info] 	overall scale factor = 1.1533
[2021-03-15 16:23:36.777] [info] Measurement 'r_tibia_length'
[2021-03-15 16:23:36.778] [info] 	pair 0 (RKJC, RAJC): model = 0.38269, experimental = 0.437658
[2021-03-15 16:23:36.778] [info] 	overall scale factor = 1.14364
[2021-03-15 16:23:36.778] [info] Measurement 'r_tibia_breadth'
[2021-03-15 16:23:36.778] [info] 	pair 0 (RLMAL, RMMAL): model = 0.093372, experimental = 0.0955162
[2021-03-15 16:23:36.779] [info] 	overall scale factor = 1.02296
[2021-03-15 16:23:36.779] [info] Measurement 'r_foot_length'
[2021-03-15 16:23:36.780] [info] 	pair 0 (fRCAL, fRAJC): model = 0.0810480, experimental = 0.0694764
[2021-03-15 16:23:36.781] [info] 	pair 1 (fRAJC, fRMT3): model = 0.128814, experimental = 0.148666
[2021-03-15 16:23:36.781] [info] 	overall scale factor = 1.00567
[2021-03-15 16:23:36.782] [info] Measurement 'r_foot_height'
[2021-03-15 16:23:36.782] [info] 	pair 0 (RAJC, fRAJC): model = 0.0696915, experimental = 0.100821
[2021-03-15 16:23:36.782] [info] 	overall scale factor = 1.44667
[2021-03-15 16:23:36.783] [info] Measurement 'r_foot_width'
[2021-03-15 16:23:36.783] [info] 	pair 0 (fRMT1, fRMT5): model = 0.0759802, experimental = 0.109619
[2021-03-15 16:23:36.785] [info] 	overall scale factor = 1.44273
[2021-03-15 16:23:36.785] [info] Measurement 'l_thigh_length'
[2021-03-15 16:23:36.785] [info] 	pair 0 (LHJC, LKJC): model = 0.390494, experimental = 0.474762
[2021-03-15 16:23:36.786] [info] 	overall scale factor = 1.2158
[2021-03-15 16:23:36.787] [info] Measurement 'l_thigh_breadth'
[2021-03-15 16:23:36.788] [info] 	pair 0 (LLFC, LMFC): model = 0.108539, experimental = 0.125672
[2021-03-15 16:23:36.788] [info] 	overall scale factor = 1.15785
[2021-03-15 16:23:36.789] [info] Measurement 'l_tibia_length'
[2021-03-15 16:23:36.790] [info] 	pair 0 (LKJC, LAJC): model = 0.38269, experimental = 0.433973
[2021-03-15 16:23:36.791] [info] 	overall scale factor = 1.13401
[2021-03-15 16:23:36.792] [info] Measurement 'l_tibia_breadth'
[2021-03-15 16:23:36.792] [info] 	pair 0 (LLMAL, LMMAL): model = 0.093372, experimental = 0.0950852
[2021-03-15 16:23:36.793] [info] 	overall scale factor = 1.01835
[2021-03-15 16:23:36.793] [info] Measurement 'l_foot_length'
[2021-03-15 16:23:36.793] [info] 	pair 0 (fLCAL, fLAJC): model = 0.0822059, experimental = 0.068191
[2021-03-15 16:23:36.793] [info] 	pair 1 (fLAJC, fLMT3): model = 0.129019, experimental = 0.153377
[2021-03-15 16:23:36.795] [info] 	overall scale factor = 1.00915
[2021-03-15 16:23:36.795] [info] Measurement 'l_foot_height'
[2021-03-15 16:23:36.795] [info] 	pair 0 (LAJC, fLAJC): model = 0.0696334, experimental = 0.101405
[2021-03-15 16:23:36.796] [info] 	overall scale factor = 1.45627
[2021-03-15 16:23:36.796] [info] Measurement 'l_foot_width'
[2021-03-15 16:23:36.796] [info] 	pair 0 (fLMT1, fLMT5): model = 0.0759802, experimental = 0.110420
[2021-03-15 16:23:36.797] [info] 	overall scale factor = 1.45327
[2021-03-15 16:23:36.840] [info] Wrote model file 'scaledModel2D.osim' from model.
[2021-03-15 16:23:36.844] [info] Wrote scale file 'scaleSet2D.xml' for model model.
[2021-03-15 16:23:36.845] [info] Step 3: Placing markers on model
[2021-03-15 16:23:36.954] [info] Loaded marker file ..\Data\staticVirtualMarkers.trc (58 markers, 483 frames)
[2021-03-15 16:23:36.955] [info] Averaged frames from time 0.5 to 1.5 in ..\Data\staticVirtualMarkers.trc (frames 126 to 376)
[2021-03-15 16:23:36.956] [info] Deleted 0 unused markers from model model.
[2021-03-15 16:23:36.966] [info] Frame at (t = 0.5):	 total squared error = 5.34968, marker error: RMS = 0.311876, max = 0.402405 (RMT5)
[2021-03-15 16:23:36.967] [info] Moved markers in model model to match locations in marker file '..\Data\staticVirtualMarkers.trc'.
[2021-03-15 16:23:36.987] [info] Wrote model file 'scaledModelAdjusted2D.osim' from model model.
[2021-03-15 16:23:37.025] [info] Loaded model model from file scaledModelAdjusted2D.osim
[2021-03-15 16:29:59.884] [info] Loaded model gait9dof18musc_Ong_et_al from file gait9dof18musc_Ong_et_al_Moco.osim
[2021-03-15 16:29:59.907] [info] Loaded model scaledModel2D from file scaledModelAdjusted2D.osim
[2021-03-15 16:30:02.177] [info] Loaded model scaledModel2D from file scaledModelMuscle2D.osim
[2021-03-15 16:31:05.261] [info] Loaded model scaledModel from file scaledModelMuscle.osim
[2021-03-15 16:31:42.932] [info] Storage: read data file = C:\+GitRepos+\flash-running\ExpData\RRA\rra1\rra1_Kinematics_q.sto (nr=325 nc=26)
[2021-03-15 16:31:42.939] [info] Storage: read data file = C:\+GitRepos+\flash-running\ExpData\RRA\rra1\rra1_Kinematics_q.sto (nr=325 nc=26)
[2021-03-15 16:31:43.019] [info] Loaded model scaledModel from file C:\+GitRepos+\flash-running\ExpData\RRA\rra1\rraAdjustedModel_1.osim
[2021-03-15 16:31:43.020] [warning] Couldn't find file 'r_pelvis.vtp'.
[2021-03-15 16:31:43.021] [warning] Couldn't find file 'l_pelvis.vtp'.
[2021-03-15 16:31:43.021] [warning] Couldn't find file 'sacrum.vtp'.
[2021-03-15 16:31:43.022] [warning] Couldn't find file 'r_femur.vtp'.
[2021-03-15 16:31:43.022] [warning] Couldn't find file 'r_tibia.vtp'.
[2021-03-15 16:31:43.022] [warning] Couldn't find file 'r_fibula.vtp'.
[2021-03-15 16:31:43.023] [warning] Couldn't find file 'r_patella.vtp'.
[2021-03-15 16:31:43.024] [warning] Couldn't find file 'r_talus.vtp'.
[2021-03-15 16:31:43.024] [warning] Couldn't find file 'r_foot.vtp'.
[2021-03-15 16:31:43.024] [warning] Couldn't find file 'r_bofoot.vtp'.
[2021-03-15 16:31:43.025] [warning] Couldn't find file 'l_femur.vtp'.
[2021-03-15 16:31:43.025] [warning] Couldn't find file 'l_tibia.vtp'.
[2021-03-15 16:31:43.025] [warning] Couldn't find file 'l_fibula.vtp'.
[2021-03-15 16:31:43.026] [warning] Couldn't find file 'l_patella.vtp'.
[2021-03-15 16:31:43.026] [warning] Couldn't find file 'l_talus.vtp'.
[2021-03-15 16:31:43.026] [warning] Couldn't find file 'l_foot.vtp'.
[2021-03-15 16:31:43.027] [warning] Couldn't find file 'l_bofoot.vtp'.
[2021-03-15 16:31:43.027] [warning] Couldn't find file 'hat_spine.vtp'.
[2021-03-15 16:31:43.027] [warning] Couldn't find file 'hat_jaw.vtp'.
[2021-03-15 16:31:43.028] [warning] Couldn't find file 'hat_skull.vtp'.
[2021-03-15 16:31:43.028] [warning] Couldn't find file 'hat_ribs_scap.vtp'.
[2021-03-15 16:31:53.093] [info] Loaded model scaledModel from file C:\+GitRepos+\flash-running\ExpData\RRA\rra1\rraAdjustedModel_1.osim
[2021-03-15 16:31:53.095] [warning] Couldn't find file 'r_pelvis.vtp'.
[2021-03-15 16:31:53.095] [warning] Couldn't find file 'l_pelvis.vtp'.
[2021-03-15 16:31:53.096] [warning] Couldn't find file 'sacrum.vtp'.
[2021-03-15 16:31:53.096] [warning] Couldn't find file 'r_femur.vtp'.
[2021-03-15 16:31:53.096] [warning] Couldn't find file 'r_tibia.vtp'.
[2021-03-15 16:31:53.097] [warning] Couldn't find file 'r_fibula.vtp'.
[2021-03-15 16:31:53.098] [warning] Couldn't find file 'r_patella.vtp'.
[2021-03-15 16:31:53.101] [warning] Couldn't find file 'r_talus.vtp'.
[2021-03-15 16:31:53.101] [warning] Couldn't find file 'r_foot.vtp'.
[2021-03-15 16:31:53.102] [warning] Couldn't find file 'r_bofoot.vtp'.
[2021-03-15 16:31:53.102] [warning] Couldn't find file 'l_femur.vtp'.
[2021-03-15 16:31:53.102] [warning] Couldn't find file 'l_tibia.vtp'.
[2021-03-15 16:31:53.103] [warning] Couldn't find file 'l_fibula.vtp'.
[2021-03-15 16:31:53.103] [warning] Couldn't find file 'l_patella.vtp'.
[2021-03-15 16:31:53.104] [warning] Couldn't find file 'l_talus.vtp'.
[2021-03-15 16:31:53.104] [warning] Couldn't find file 'l_foot.vtp'.
[2021-03-15 16:31:53.105] [warning] Couldn't find file 'l_bofoot.vtp'.
[2021-03-15 16:31:53.105] [warning] Couldn't find file 'hat_spine.vtp'.
[2021-03-15 16:31:53.106] [warning] Couldn't find file 'hat_jaw.vtp'.
[2021-03-15 16:31:53.107] [warning] Couldn't find file 'hat_skull.vtp'.
[2021-03-15 16:31:53.107] [warning] Couldn't find file 'hat_ribs_scap.vtp'.
[2021-03-15 16:33:19.206] [info] Storage: read data file = refQ_2D.sto (nr=70 nc=11)
[2021-03-15 16:33:19.207] [info] Storage: read data file = refQ_2D.sto (nr=70 nc=11)
[2021-03-15 16:33:59.363] [info] Loaded model scaledModel2D from file gaitModel2D.osim
[2021-03-15 16:35:31.060] [info] Storage: read data file = refQ_2D.sto (nr=70 nc=11)
[2021-03-15 16:37:33.113] [info] ========================================================================
[2021-03-15 16:37:33.114] [info] MocoCasADiSolver starting.
[2021-03-15 16:37:33.115] [info] Mon Mar 15 16:37:33 2021
[2021-03-15 16:37:33.116] [info] ------------------------------------------------------------------------
[2021-03-15 16:37:33.116] [cout] [info] Costs: (total: 3)
[2021-03-15 16:37:33.117] [cout] [info]   state_tracking. MocoStateTrackingGoal, enabled: true, mode: cost, weight: 10.0
[2021-03-15 16:37:33.117] [cout] [info]         state: /jointset/ground_pelvis/pelvis_tilt/value, weight: 0.1
[2021-03-15 16:37:33.118] [cout] [info]         state: /jointset/ground_pelvis/pelvis_tx/value, weight: 1.0
[2021-03-15 16:37:33.118] [cout] [info]         state: /jointset/ground_pelvis/pelvis_ty/value, weight: 0.0
[2021-03-15 16:37:33.118] [cout] [info]         state: /jointset/hip_r/hip_flexion_r/value, weight: 1.0
[2021-03-15 16:37:33.119] [cout] [info]         state: /jointset/knee_r/knee_angle_r/value, weight: 1.0
[2021-03-15 16:37:33.119] [cout] [info]         state: /jointset/ankle_r/ankle_angle_r/value, weight: 1.0
[2021-03-15 16:37:33.119] [cout] [info]         state: /jointset/hip_l/hip_flexion_l/value, weight: 1.0
[2021-03-15 16:37:33.119] [cout] [info]         state: /jointset/knee_l/knee_angle_l/value, weight: 1.0
[2021-03-15 16:37:33.120] [cout] [info]         state: /jointset/ankle_l/ankle_angle_l/value, weight: 1.0
[2021-03-15 16:37:33.120] [cout] [info]         state: /jointset/back/lumbar_extension/value, weight: 1.0
[2021-03-15 16:37:33.120] [cout] [info]         state: /jointset/ground_pelvis/pelvis_tilt/speed, weight: 0.1
[2021-03-15 16:37:33.121] [cout] [info]         state: /jointset/ground_pelvis/pelvis_tx/speed, weight: 1.0
[2021-03-15 16:37:33.121] [cout] [info]         state: /jointset/ground_pelvis/pelvis_ty/speed, weight: 0.0
[2021-03-15 16:37:33.121] [cout] [info]         state: /jointset/hip_l/hip_flexion_l/speed, weight: 1.0
[2021-03-15 16:37:33.121] [cout] [info]         state: /jointset/hip_r/hip_flexion_r/speed, weight: 1.0
[2021-03-15 16:37:33.122] [cout] [info]         state: /jointset/knee_l/knee_angle_l/speed, weight: 1.0
[2021-03-15 16:37:33.122] [cout] [info]         state: /jointset/knee_r/knee_angle_r/speed, weight: 1.0
[2021-03-15 16:37:33.122] [cout] [info]         state: /jointset/ankle_l/ankle_angle_l/speed, weight: 1.0
[2021-03-15 16:37:33.123] [cout] [info]         state: /jointset/ankle_r/ankle_angle_r/speed, weight: 1.0
[2021-03-15 16:37:33.123] [cout] [info]         state: /jointset/back/lumbar_extension/speed, weight: 1.0
[2021-03-15 16:37:33.125] [cout] [info]   control_effort. MocoControlGoal, enabled: true, mode: cost, weight: 0.1
[2021-03-15 16:37:33.126] [cout] [info]         control: /forceset/lumbarAct, weight: 0.00100000
[2021-03-15 16:37:33.126] [cout] [info]         control: /forceset/residual_pelvis_tilt, weight: 1.0
[2021-03-15 16:37:33.126] [cout] [info]         control: /forceset/reserve_hip_flexion_l, weight: 1.0
[2021-03-15 16:37:33.127] [cout] [info]         control: /forceset/reserve_hip_flexion_r, weight: 1.0
[2021-03-15 16:37:33.127] [cout] [info]         control: /forceset/reserve_knee_angle_l, weight: 1.0
[2021-03-15 16:37:33.127] [cout] [info]         control: /forceset/reserve_knee_angle_r, weight: 1.0
[2021-03-15 16:37:33.128] [cout] [info]         control: /forceset/reserve_ankle_angle_l, weight: 1.0
[2021-03-15 16:37:33.128] [cout] [info]         control: /forceset/reserve_ankle_angle_r, weight: 1.0
[2021-03-15 16:37:33.128] [cout] [info]   contactGoal. MocoContactTrackingGoal, enabled: true, mode: cost, weight: 1.0
[2021-03-15 16:37:33.129] [cout] [info]         projection type: plane
[2021-03-15 16:37:33.129] [cout] [info]         projection vector: ~[0,0,1]
[2021-03-15 16:37:33.129] [cout] [info]         group 0: ExternalForce: RightGRF
[2021-03-15 16:37:33.129] [cout] [info]             forces:
[2021-03-15 16:37:33.130] [cout] [info]                 forceset/contactHeel_r
[2021-03-15 16:37:33.130] [cout] [info]                 forceset/contactMH1_r
[2021-03-15 16:37:33.130] [cout] [info]                 forceset/contactMH3_r
[2021-03-15 16:37:33.130] [cout] [info]                 forceset/contactMH5_r
[2021-03-15 16:37:33.131] [cout] [info]                 forceset/contactToe1_r
[2021-03-15 16:37:33.131] [cout] [info]                 forceset/contactToe2_r
[2021-03-15 16:37:33.131] [cout] [info]         group 1: ExternalForce: LeftGRF
[2021-03-15 16:37:33.132] [cout] [info]             forces:
[2021-03-15 16:37:33.132] [cout] [info]                 forceset/contactHeel_l
[2021-03-15 16:37:33.132] [cout] [info]                 forceset/contactMH1_l
[2021-03-15 16:37:33.133] [cout] [info]                 forceset/contactMH3_l
[2021-03-15 16:37:33.133] [cout] [info]                 forceset/contactMH5_l
[2021-03-15 16:37:33.133] [cout] [info]                 forceset/contactToe1_l
[2021-03-15 16:37:33.135] [cout] [info]                 forceset/contactToe2_l
[2021-03-15 16:37:33.136] [cout] [info] Endpoint constraints: (total: 2)
[2021-03-15 16:37:33.136] [cout] [info]   speed. MocoAverageSpeedGoal, enabled: true, mode: endpoint_constraint
[2021-03-15 16:37:33.136] [cout] [info]   symmetryGoal. MocoPeriodicityGoal, enabled: true, mode: endpoint_constraint
[2021-03-15 16:37:33.136] [cout] [info]         state periodicity pairs:
[2021-03-15 16:37:33.137] [cout] [info]                 initial: /jointset/ground_pelvis/pelvis_tilt/value, final: /jointset/ground_pelvis/pelvis_tilt/value
[2021-03-15 16:37:33.137] [cout] [info]                 initial: /jointset/ground_pelvis/pelvis_tilt/speed, final: /jointset/ground_pelvis/pelvis_tilt/speed
[2021-03-15 16:37:33.137] [cout] [info]                 initial: /jointset/ground_pelvis/pelvis_ty/value, final: /jointset/ground_pelvis/pelvis_ty/value
[2021-03-15 16:37:33.137] [cout] [info]                 initial: /jointset/ground_pelvis/pelvis_ty/speed, final: /jointset/ground_pelvis/pelvis_ty/speed
[2021-03-15 16:37:33.138] [cout] [info]                 initial: /jointset/hip_l/hip_flexion_l/value, final: /jointset/hip_r/hip_flexion_r/value
[2021-03-15 16:37:33.138] [cout] [info]                 initial: /jointset/hip_l/hip_flexion_l/speed, final: /jointset/hip_r/hip_flexion_r/speed
[2021-03-15 16:37:33.138] [cout] [info]                 initial: /jointset/hip_r/hip_flexion_r/value, final: /jointset/hip_l/hip_flexion_l/value
[2021-03-15 16:37:33.139] [cout] [info]                 initial: /jointset/hip_r/hip_flexion_r/speed, final: /jointset/hip_l/hip_flexion_l/speed
[2021-03-15 16:37:33.139] [cout] [info]                 initial: /jointset/knee_l/knee_angle_l/value, final: /jointset/knee_r/knee_angle_r/value
[2021-03-15 16:37:33.139] [cout] [info]                 initial: /jointset/knee_l/knee_angle_l/speed, final: /jointset/knee_r/knee_angle_r/speed
[2021-03-15 16:37:33.140] [cout] [info]                 initial: /jointset/knee_r/knee_angle_r/value, final: /jointset/knee_l/knee_angle_l/value
[2021-03-15 16:37:33.140] [cout] [info]                 initial: /jointset/knee_r/knee_angle_r/speed, final: /jointset/knee_l/knee_angle_l/speed
[2021-03-15 16:37:33.140] [cout] [info]                 initial: /jointset/ankle_l/ankle_angle_l/value, final: /jointset/ankle_r/ankle_angle_r/value
[2021-03-15 16:37:33.141] [cout] [info]                 initial: /jointset/ankle_l/ankle_angle_l/speed, final: /jointset/ankle_r/ankle_angle_r/speed
[2021-03-15 16:37:33.141] [cout] [info]                 initial: /jointset/ankle_r/ankle_angle_r/value, final: /jointset/ankle_l/ankle_angle_l/value
[2021-03-15 16:37:33.141] [cout] [info]                 initial: /jointset/ankle_r/ankle_angle_r/speed, final: /jointset/ankle_l/ankle_angle_l/speed
[2021-03-15 16:37:33.141] [cout] [info]                 initial: /jointset/back/lumbar_extension/value, final: /jointset/back/lumbar_extension/value
[2021-03-15 16:37:33.142] [cout] [info]                 initial: /jointset/back/lumbar_extension/speed, final: /jointset/back/lumbar_extension/speed
[2021-03-15 16:37:33.142] [cout] [info]                 initial: /jointset/ground_pelvis/pelvis_tx/speed, final: /jointset/ground_pelvis/pelvis_tx/speed
[2021-03-15 16:37:33.143] [cout] [info]         control periodicity pairs:
[2021-03-15 16:37:33.143] [cout] [info] Kinematic constraints: none
[2021-03-15 16:37:33.144] [cout] [info] Path constraints: none
[2021-03-15 16:37:33.144] [cout] [info] States: (total: 27)
[2021-03-15 16:37:33.144] [cout] [info]   /jointset/knee_l/knee_angle_l/value. bounds: [-2.44346, 0]
[2021-03-15 16:37:33.146] [cout] [info]   /jointset/back/lumbar_extension/value. bounds: [-0.523599, 0] initial: [-0.174533, 0]
[2021-03-15 16:37:33.146] [cout] [info]   /forceset/reserve_knee_angle_r/activation. bounds: [-inf, inf]
[2021-03-15 16:37:33.147] [cout] [info]   /jointset/ground_pelvis/pelvis_tilt/value. bounds: [-0.174533, 0] initial: [-0.0872665, 0]
[2021-03-15 16:37:33.147] [cout] [info]   /jointset/ground_pelvis/pelvis_tx/value. bounds: [0, 3]
[2021-03-15 16:37:33.147] [cout] [info]   /jointset/knee_r/knee_angle_r/speed. bounds: [-50, 50]
[2021-03-15 16:37:33.147] [cout] [info]   /jointset/ankle_l/ankle_angle_l/value. bounds: [-0.349066, 0.523599]
[2021-03-15 16:37:33.148] [cout] [info]   /jointset/ground_pelvis/pelvis_ty/value. bounds: [0.8, 1.25]
[2021-03-15 16:37:33.148] [cout] [info]   /jointset/back/lumbar_extension/speed. bounds: [-50, 50]
[2021-03-15 16:37:33.148] [cout] [info]   /jointset/knee_l/knee_angle_l/speed. bounds: [-50, 50]
[2021-03-15 16:37:33.149] [cout] [info]   /jointset/hip_l/hip_flexion_l/value. bounds: [-0.436332, 1.309]
[2021-03-15 16:37:33.149] [cout] [info]   /jointset/ankle_r/ankle_angle_r/value. bounds: [-0.349066, 0.523599]
[2021-03-15 16:37:33.150] [cout] [info]   /jointset/hip_r/hip_flexion_r/value. bounds: [-0.436332, 1.309]
[2021-03-15 16:37:33.150] [cout] [info]   /jointset/knee_r/knee_angle_r/value. bounds: [-2.44346, 0]
[2021-03-15 16:37:33.150] [cout] [info]   /forceset/residual_pelvis_tilt/activation. bounds: [-inf, inf]
[2021-03-15 16:37:33.150] [cout] [info]   /forceset/reserve_ankle_angle_r/activation. bounds: [-inf, inf]
[2021-03-15 16:37:33.151] [cout] [info]   /forceset/reserve_hip_flexion_l/activation. bounds: [-inf, inf]
[2021-03-15 16:37:33.151] [cout] [info]   /forceset/reserve_ankle_angle_l/activation. bounds: [-inf, inf]
[2021-03-15 16:37:33.151] [cout] [info]   /forceset/reserve_hip_flexion_r/activation. bounds: [-inf, inf]
[2021-03-15 16:37:33.152] [cout] [info]   /forceset/reserve_knee_angle_l/activation. bounds: [-inf, inf]
[2021-03-15 16:37:33.152] [cout] [info]   /jointset/ground_pelvis/pelvis_tilt/speed. bounds: [-50, 50]
[2021-03-15 16:37:33.152] [cout] [info]   /jointset/ground_pelvis/pelvis_tx/speed. bounds: [-50, 50]
[2021-03-15 16:37:33.153] [cout] [info]   /jointset/ankle_l/ankle_angle_l/speed. bounds: [-50, 50]
[2021-03-15 16:37:33.153] [cout] [info]   /jointset/ground_pelvis/pelvis_ty/speed. bounds: [-50, 50]
[2021-03-15 16:37:33.153] [cout] [info]   /jointset/hip_l/hip_flexion_l/speed. bounds: [-50, 50]
[2021-03-15 16:37:33.153] [cout] [info]   /jointset/ankle_r/ankle_angle_r/speed. bounds: [-50, 50]
[2021-03-15 16:37:33.154] [cout] [info]   /jointset/hip_r/hip_flexion_r/speed. bounds: [-50, 50]
[2021-03-15 16:37:33.155] [cout] [info] Controls: (total: 8)
[2021-03-15 16:37:33.156] [cout] [info]   /forceset/reserve_ankle_angle_r. bounds: [-inf, inf]
[2021-03-15 16:37:33.157] [cout] [info]   /forceset/reserve_hip_flexion_l. bounds: [-inf, inf]
[2021-03-15 16:37:33.157] [cout] [info]   /forceset/lumbarAct. bounds: [-inf, inf]
[2021-03-15 16:37:33.158] [cout] [info]   /forceset/reserve_knee_angle_l. bounds: [-inf, inf]
[2021-03-15 16:37:33.158] [cout] [info]   /forceset/residual_pelvis_tilt. bounds: [-inf, inf]
[2021-03-15 16:37:33.158] [cout] [info]   /forceset/reserve_ankle_angle_l. bounds: [-inf, inf]
[2021-03-15 16:37:33.158] [cout] [info]   /forceset/reserve_hip_flexion_r. bounds: [-inf, inf]
[2021-03-15 16:37:33.159] [cout] [info]   /forceset/reserve_knee_angle_r. bounds: [-inf, inf]
[2021-03-15 16:37:33.159] [cout] [info] Parameters: none
[2021-03-15 16:37:33.575] [info] Number of threads: 8
[2021-03-15 16:45:43.631] [info] Set log level to Info.
[2021-03-15 16:45:43.637] [info] ------------------------------------------------------------------------
[2021-03-15 16:45:43.637] [info] Elapsed real time: 491 second(s) (8 minute(s), 11 second(s)).
[2021-03-15 16:45:43.638] [info] Mon Mar 15 16:45:43 2021
[2021-03-15 16:45:43.638] [info] MocoCasADiSolver succeeded!
[2021-03-15 16:45:43.638] [info] ========================================================================
[2021-03-15 16:48:39.372] [info] Exiting visualization.
[2021-03-15 16:54:05.112] [info] Storage: read data file = refQ_2D.sto (nr=70 nc=11)
[2021-03-15 16:56:02.670] [info] ========================================================================
[2021-03-15 16:56:02.670] [info] MocoCasADiSolver starting.
[2021-03-15 16:56:02.672] [info] Mon Mar 15 16:56:02 2021
[2021-03-15 16:56:02.672] [info] ------------------------------------------------------------------------
[2021-03-15 16:56:02.672] [cout] [info] Costs: (total: 3)
[2021-03-15 16:56:02.675] [cout] [info]   state_tracking. MocoStateTrackingGoal, enabled: true, mode: cost, weight: 10.0
[2021-03-15 16:56:02.676] [cout] [info]         state: /jointset/ground_pelvis/pelvis_tilt/value, weight: 1.0
[2021-03-15 16:56:02.677] [cout] [info]         state: /jointset/ground_pelvis/pelvis_tx/value, weight: 1.0
[2021-03-15 16:56:02.678] [cout] [info]         state: /jointset/ground_pelvis/pelvis_ty/value, weight: 1.0
[2021-03-15 16:56:02.678] [cout] [info]         state: /jointset/hip_l/hip_flexion_l/value, weight: 1.0
[2021-03-15 16:56:02.679] [cout] [info]         state: /jointset/hip_r/hip_flexion_r/value, weight: 1.0
[2021-03-15 16:56:02.679] [cout] [info]         state: /jointset/back/lumbar_extension/value, weight: 1.0
[2021-03-15 16:56:02.679] [cout] [info]         state: /jointset/knee_l/knee_angle_l/value, weight: 1.0
[2021-03-15 16:56:02.680] [cout] [info]         state: /jointset/knee_r/knee_angle_r/value, weight: 1.0
[2021-03-15 16:56:02.681] [cout] [info]         state: /jointset/ankle_l/ankle_angle_l/value, weight: 1.0
[2021-03-15 16:56:02.681] [cout] [info]         state: /jointset/ankle_r/ankle_angle_r/value, weight: 1.0
[2021-03-15 16:56:02.681] [cout] [info]         state: /jointset/ground_pelvis/pelvis_tilt/speed, weight: 1.0
[2021-03-15 16:56:02.682] [cout] [info]         state: /jointset/ground_pelvis/pelvis_tx/speed, weight: 1.0
[2021-03-15 16:56:02.682] [cout] [info]         state: /jointset/ground_pelvis/pelvis_ty/speed, weight: 1.0
[2021-03-15 16:56:02.682] [cout] [info]         state: /jointset/hip_l/hip_flexion_l/speed, weight: 1.0
[2021-03-15 16:56:02.683] [cout] [info]         state: /jointset/hip_r/hip_flexion_r/speed, weight: 1.0
[2021-03-15 16:56:02.683] [cout] [info]         state: /jointset/back/lumbar_extension/speed, weight: 1.0
[2021-03-15 16:56:02.683] [cout] [info]         state: /jointset/knee_l/knee_angle_l/speed, weight: 1.0
[2021-03-15 16:56:02.684] [cout] [info]         state: /jointset/knee_r/knee_angle_r/speed, weight: 1.0
[2021-03-15 16:56:02.684] [cout] [info]         state: /jointset/ankle_l/ankle_angle_l/speed, weight: 1.0
[2021-03-15 16:56:02.684] [cout] [info]         state: /jointset/ankle_r/ankle_angle_r/speed, weight: 1.0
[2021-03-15 16:56:02.685] [cout] [info]   control_effort. MocoControlGoal, enabled: true, mode: cost, weight: 0.1
[2021-03-15 16:56:02.685] [cout] [info]         control: /forceset/lumbarAct, weight: 0.00100000
[2021-03-15 16:56:02.685] [cout] [info]         control: /forceset/hamstrings_r, weight: 1.0
[2021-03-15 16:56:02.686] [cout] [info]         control: /forceset/bifemsh_r, weight: 1.0
[2021-03-15 16:56:02.686] [cout] [info]         control: /forceset/glut_max_r, weight: 1.0
[2021-03-15 16:56:02.686] [cout] [info]         control: /forceset/iliopsoas_r, weight: 1.0
[2021-03-15 16:56:02.687] [cout] [info]         control: /forceset/rect_fem_r, weight: 1.0
[2021-03-15 16:56:02.687] [cout] [info]         control: /forceset/vasti_r, weight: 1.0
[2021-03-15 16:56:02.687] [cout] [info]         control: /forceset/gastroc_r, weight: 1.0
[2021-03-15 16:56:02.688] [cout] [info]         control: /forceset/soleus_r, weight: 1.0
[2021-03-15 16:56:02.688] [cout] [info]         control: /forceset/tib_ant_r, weight: 1.0
[2021-03-15 16:56:02.688] [cout] [info]         control: /forceset/hamstrings_l, weight: 1.0
[2021-03-15 16:56:02.688] [cout] [info]         control: /forceset/bifemsh_l, weight: 1.0
[2021-03-15 16:56:02.689] [cout] [info]         control: /forceset/glut_max_l, weight: 1.0
[2021-03-15 16:56:02.689] [cout] [info]         control: /forceset/iliopsoas_l, weight: 1.0
[2021-03-15 16:56:02.689] [cout] [info]         control: /forceset/rect_fem_l, weight: 1.0
[2021-03-15 16:56:02.689] [cout] [info]         control: /forceset/vasti_l, weight: 1.0
[2021-03-15 16:56:02.690] [cout] [info]         control: /forceset/gastroc_l, weight: 1.0
[2021-03-15 16:56:02.691] [cout] [info]         control: /forceset/soleus_l, weight: 1.0
[2021-03-15 16:56:02.692] [cout] [info]         control: /forceset/tib_ant_l, weight: 1.0
[2021-03-15 16:56:02.692] [cout] [info]   contactGoal. MocoContactTrackingGoal, enabled: true, mode: cost, weight: 1.0
[2021-03-15 16:56:02.692] [cout] [info]         projection type: plane
[2021-03-15 16:56:02.692] [cout] [info]         projection vector: ~[0,0,1]
[2021-03-15 16:56:02.693] [cout] [info]         group 0: ExternalForce: RightGRF
[2021-03-15 16:56:02.693] [cout] [info]             forces:
[2021-03-15 16:56:02.693] [cout] [info]                 forceset/contactHeel_r
[2021-03-15 16:56:02.693] [cout] [info]                 forceset/contactMH1_r
[2021-03-15 16:56:02.694] [cout] [info]                 forceset/contactMH3_r
[2021-03-15 16:56:02.694] [cout] [info]                 forceset/contactMH5_r
[2021-03-15 16:56:02.694] [cout] [info]                 forceset/contactToe1_r
[2021-03-15 16:56:02.694] [cout] [info]                 forceset/contactToe2_r
[2021-03-15 16:56:02.694] [cout] [info]         group 1: ExternalForce: LeftGRF
[2021-03-15 16:56:02.695] [cout] [info]             forces:
[2021-03-15 16:56:02.695] [cout] [info]                 forceset/contactHeel_l
[2021-03-15 16:56:02.695] [cout] [info]                 forceset/contactMH1_l
[2021-03-15 16:56:02.695] [cout] [info]                 forceset/contactMH3_l
[2021-03-15 16:56:02.695] [cout] [info]                 forceset/contactMH5_l
[2021-03-15 16:56:02.696] [cout] [info]                 forceset/contactToe1_l
[2021-03-15 16:56:02.696] [cout] [info]                 forceset/contactToe2_l
[2021-03-15 16:56:02.696] [cout] [info] Endpoint constraints: (total: 2)
[2021-03-15 16:56:02.696] [cout] [info]   speed. MocoAverageSpeedGoal, enabled: true, mode: endpoint_constraint
[2021-03-15 16:56:02.697] [cout] [info]   symmetryGoal. MocoPeriodicityGoal, enabled: true, mode: endpoint_constraint
[2021-03-15 16:56:02.697] [cout] [info]         state periodicity pairs:
[2021-03-15 16:56:02.697] [cout] [info]                 initial: /jointset/ground_pelvis/pelvis_tilt/value, final: /jointset/ground_pelvis/pelvis_tilt/value
[2021-03-15 16:56:02.698] [cout] [info]                 initial: /jointset/ground_pelvis/pelvis_tilt/speed, final: /jointset/ground_pelvis/pelvis_tilt/speed
[2021-03-15 16:56:02.698] [cout] [info]                 initial: /jointset/ground_pelvis/pelvis_ty/value, final: /jointset/ground_pelvis/pelvis_ty/value
[2021-03-15 16:56:02.698] [cout] [info]                 initial: /jointset/ground_pelvis/pelvis_ty/speed, final: /jointset/ground_pelvis/pelvis_ty/speed
[2021-03-15 16:56:02.698] [cout] [info]                 initial: /jointset/hip_l/hip_flexion_l/value, final: /jointset/hip_r/hip_flexion_r/value
[2021-03-15 16:56:02.699] [cout] [info]                 initial: /jointset/hip_l/hip_flexion_l/speed, final: /jointset/hip_r/hip_flexion_r/speed
[2021-03-15 16:56:02.699] [cout] [info]                 initial: /jointset/hip_r/hip_flexion_r/value, final: /jointset/hip_l/hip_flexion_l/value
[2021-03-15 16:56:02.699] [cout] [info]                 initial: /jointset/hip_r/hip_flexion_r/speed, final: /jointset/hip_l/hip_flexion_l/speed
[2021-03-15 16:56:02.699] [cout] [info]                 initial: /jointset/knee_l/knee_angle_l/value, final: /jointset/knee_r/knee_angle_r/value
[2021-03-15 16:56:02.699] [cout] [info]                 initial: /jointset/knee_l/knee_angle_l/speed, final: /jointset/knee_r/knee_angle_r/speed
[2021-03-15 16:56:02.700] [cout] [info]                 initial: /jointset/knee_r/knee_angle_r/value, final: /jointset/knee_l/knee_angle_l/value
[2021-03-15 16:56:02.702] [cout] [info]                 initial: /jointset/knee_r/knee_angle_r/speed, final: /jointset/knee_l/knee_angle_l/speed
[2021-03-15 16:56:02.702] [cout] [info]                 initial: /jointset/ankle_l/ankle_angle_l/value, final: /jointset/ankle_r/ankle_angle_r/value
[2021-03-15 16:56:02.702] [cout] [info]                 initial: /jointset/ankle_l/ankle_angle_l/speed, final: /jointset/ankle_r/ankle_angle_r/speed
[2021-03-15 16:56:02.702] [cout] [info]                 initial: /jointset/ankle_r/ankle_angle_r/value, final: /jointset/ankle_l/ankle_angle_l/value
[2021-03-15 16:56:02.702] [cout] [info]                 initial: /jointset/ankle_r/ankle_angle_r/speed, final: /jointset/ankle_l/ankle_angle_l/speed
[2021-03-15 16:56:02.703] [cout] [info]                 initial: /jointset/back/lumbar_extension/value, final: /jointset/back/lumbar_extension/value
[2021-03-15 16:56:02.703] [cout] [info]                 initial: /jointset/back/lumbar_extension/speed, final: /jointset/back/lumbar_extension/speed
[2021-03-15 16:56:02.703] [cout] [info]                 initial: /jointset/ground_pelvis/pelvis_tx/speed, final: /jointset/ground_pelvis/pelvis_tx/speed
[2021-03-15 16:56:02.703] [cout] [info]                 initial: /forceset/hamstrings_r/activation, final: /forceset/hamstrings_l/activation
[2021-03-15 16:56:02.704] [cout] [info]                 initial: /forceset/bifemsh_r/activation, final: /forceset/bifemsh_l/activation
[2021-03-15 16:56:02.704] [cout] [info]                 initial: /forceset/glut_max_r/activation, final: /forceset/glut_max_l/activation
[2021-03-15 16:56:02.704] [cout] [info]                 initial: /forceset/iliopsoas_r/activation, final: /forceset/iliopsoas_l/activation
[2021-03-15 16:56:02.704] [cout] [info]                 initial: /forceset/rect_fem_r/activation, final: /forceset/rect_fem_l/activation
[2021-03-15 16:56:02.705] [cout] [info]                 initial: /forceset/vasti_r/activation, final: /forceset/vasti_l/activation
[2021-03-15 16:56:02.705] [cout] [info]                 initial: /forceset/gastroc_r/activation, final: /forceset/gastroc_l/activation
[2021-03-15 16:56:02.705] [cout] [info]                 initial: /forceset/soleus_r/activation, final: /forceset/soleus_l/activation
[2021-03-15 16:56:02.705] [cout] [info]                 initial: /forceset/tib_ant_r/activation, final: /forceset/tib_ant_l/activation
[2021-03-15 16:56:02.705] [cout] [info]                 initial: /forceset/hamstrings_l/activation, final: /forceset/hamstrings_r/activation
[2021-03-15 16:56:02.706] [cout] [info]                 initial: /forceset/bifemsh_l/activation, final: /forceset/bifemsh_r/activation
[2021-03-15 16:56:02.706] [cout] [info]                 initial: /forceset/glut_max_l/activation, final: /forceset/glut_max_r/activation
[2021-03-15 16:56:02.706] [cout] [info]                 initial: /forceset/iliopsoas_l/activation, final: /forceset/iliopsoas_r/activation
[2021-03-15 16:56:02.706] [cout] [info]                 initial: /forceset/rect_fem_l/activation, final: /forceset/rect_fem_r/activation
[2021-03-15 16:56:02.707] [cout] [info]                 initial: /forceset/vasti_l/activation, final: /forceset/vasti_r/activation
[2021-03-15 16:56:02.707] [cout] [info]                 initial: /forceset/gastroc_l/activation, final: /forceset/gastroc_r/activation
[2021-03-15 16:56:02.708] [cout] [info]                 initial: /forceset/soleus_l/activation, final: /forceset/soleus_r/activation
[2021-03-15 16:56:02.708] [cout] [info]                 initial: /forceset/tib_ant_l/activation, final: /forceset/tib_ant_r/activation
[2021-03-15 16:56:02.708] [cout] [info]         control periodicity pairs:
[2021-03-15 16:56:02.708] [cout] [info] Kinematic constraints: none
[2021-03-15 16:56:02.708] [cout] [info] Path constraints: none
[2021-03-15 16:56:02.709] [cout] [info] States: (total: 42)
[2021-03-15 16:56:02.709] [cout] [info]   /forceset/rect_fem_r/activation. bounds: [0.01, 1]
[2021-03-15 16:56:02.709] [cout] [info]   /forceset/gastroc_r/normalized_tendon_force. bounds: [0, 1.8]
[2021-03-15 16:56:02.709] [cout] [info]   /forceset/soleus_r/normalized_tendon_force. bounds: [0, 1.8]
[2021-03-15 16:56:02.709] [cout] [info]   /forceset/rect_fem_l/activation. bounds: [0.01, 1]
[2021-03-15 16:56:02.710] [cout] [info]   /forceset/gastroc_l/normalized_tendon_force. bounds: [0, 1.8]
[2021-03-15 16:56:02.711] [cout] [info]   /forceset/soleus_l/normalized_tendon_force. bounds: [0, 1.8]
[2021-03-15 16:56:02.711] [cout] [info]   /forceset/bifemsh_r/activation. bounds: [0.01, 1]
[2021-03-15 16:56:02.712] [cout] [info]   /jointset/knee_l/knee_angle_l/value. bounds: [-2.44346, 0]
[2021-03-15 16:56:02.712] [cout] [info]   /jointset/back/lumbar_extension/value. bounds: [-0.523599, 0] initial: [-0.174533, 0]
[2021-03-15 16:56:02.712] [cout] [info]   /forceset/hamstrings_l/activation. bounds: [0.01, 1]
[2021-03-15 16:56:02.712] [cout] [info]   /jointset/ground_pelvis/pelvis_tilt/value. bounds: [-0.174533, 0] initial: [-0.0872665, 0]
[2021-03-15 16:56:02.712] [cout] [info]   /jointset/ground_pelvis/pelvis_tx/value. bounds: [0, 3]
[2021-03-15 16:56:02.713] [cout] [info]   /jointset/knee_r/knee_angle_r/speed. bounds: [-50, 50]
[2021-03-15 16:56:02.713] [cout] [info]   /jointset/ankle_l/ankle_angle_l/value. bounds: [-0.349066, 0.523599]
[2021-03-15 16:56:02.713] [cout] [info]   /jointset/ground_pelvis/pelvis_ty/value. bounds: [0.8, 1.25] initial: [0.95, 1.05]
[2021-03-15 16:56:02.713] [cout] [info]   /jointset/back/lumbar_extension/speed. bounds: [-50, 50]
[2021-03-15 16:56:02.713] [cout] [info]   /jointset/knee_l/knee_angle_l/speed. bounds: [-50, 50]
[2021-03-15 16:56:02.714] [cout] [info]   /jointset/hip_l/hip_flexion_l/value. bounds: [-0.436332, 1.309]
[2021-03-15 16:56:02.714] [cout] [info]   /jointset/ankle_r/ankle_angle_r/value. bounds: [-0.349066, 0.523599]
[2021-03-15 16:56:02.714] [cout] [info]   /jointset/hip_r/hip_flexion_r/value. bounds: [-0.436332, 1.309]
[2021-03-15 16:56:02.714] [cout] [info]   /jointset/knee_r/knee_angle_r/value. bounds: [-2.44346, 0]
[2021-03-15 16:56:02.715] [cout] [info]   /jointset/ground_pelvis/pelvis_tilt/speed. bounds: [-50, 50]
[2021-03-15 16:56:02.715] [cout] [info]   /forceset/glut_max_l/activation. bounds: [0.01, 1]
[2021-03-15 16:56:02.715] [cout] [info]   /jointset/ground_pelvis/pelvis_tx/speed. bounds: [-50, 50]
[2021-03-15 16:56:02.715] [cout] [info]   /jointset/ankle_l/ankle_angle_l/speed. bounds: [-50, 50]
[2021-03-15 16:56:02.715] [cout] [info]   /jointset/ground_pelvis/pelvis_ty/speed. bounds: [-50, 50]
[2021-03-15 16:56:02.716] [cout] [info]   /jointset/hip_l/hip_flexion_l/speed. bounds: [-50, 50]
[2021-03-15 16:56:02.716] [cout] [info]   /jointset/ankle_r/ankle_angle_r/speed. bounds: [-50, 50]
[2021-03-15 16:56:02.716] [cout] [info]   /jointset/hip_r/hip_flexion_r/speed. bounds: [-50, 50]
[2021-03-15 16:56:02.716] [cout] [info]   /forceset/hamstrings_r/activation. bounds: [0.01, 1]
[2021-03-15 16:56:02.717] [cout] [info]   /forceset/glut_max_r/activation. bounds: [0.01, 1]
[2021-03-15 16:56:02.717] [cout] [info]   /forceset/iliopsoas_r/activation. bounds: [0.01, 1]
[2021-03-15 16:56:02.717] [cout] [info]   /forceset/gastroc_r/activation. bounds: [0.01, 1]
[2021-03-15 16:56:02.717] [cout] [info]   /forceset/vasti_r/activation. bounds: [0.01, 1]
[2021-03-15 16:56:02.718] [cout] [info]   /forceset/soleus_r/activation. bounds: [0.01, 1]
[2021-03-15 16:56:02.718] [cout] [info]   /forceset/tib_ant_r/activation. bounds: [0.01, 1]
[2021-03-15 16:56:02.718] [cout] [info]   /forceset/bifemsh_l/activation. bounds: [0.01, 1]
[2021-03-15 16:56:02.718] [cout] [info]   /forceset/iliopsoas_l/activation. bounds: [0.01, 1]
[2021-03-15 16:56:02.718] [cout] [info]   /forceset/gastroc_l/activation. bounds: [0.01, 1]
[2021-03-15 16:56:02.719] [cout] [info]   /forceset/vasti_l/activation. bounds: [0.01, 1]
[2021-03-15 16:56:02.719] [cout] [info]   /forceset/soleus_l/activation. bounds: [0.01, 1]
[2021-03-15 16:56:02.719] [cout] [info]   /forceset/tib_ant_l/activation. bounds: [0.01, 1]
[2021-03-15 16:56:02.719] [cout] [info] Controls: (total: 19)
[2021-03-15 16:56:02.719] [cout] [info]   /forceset/lumbarAct. bounds: [-inf, inf]
[2021-03-15 16:56:02.721] [cout] [info]   /forceset/hamstrings_r. bounds: [0.01, 1]
[2021-03-15 16:56:02.721] [cout] [info]   /forceset/bifemsh_r. bounds: [0.01, 1]
[2021-03-15 16:56:02.721] [cout] [info]   /forceset/glut_max_r. bounds: [0.01, 1]
[2021-03-15 16:56:02.722] [cout] [info]   /forceset/iliopsoas_r. bounds: [0.01, 1]
[2021-03-15 16:56:02.722] [cout] [info]   /forceset/rect_fem_r. bounds: [0.01, 1]
[2021-03-15 16:56:02.722] [cout] [info]   /forceset/gastroc_r. bounds: [0.01, 1]
[2021-03-15 16:56:02.722] [cout] [info]   /forceset/vasti_r. bounds: [0.01, 1]
[2021-03-15 16:56:02.723] [cout] [info]   /forceset/soleus_r. bounds: [0.01, 1]
[2021-03-15 16:56:02.723] [cout] [info]   /forceset/tib_ant_r. bounds: [0.01, 1]
[2021-03-15 16:56:02.723] [cout] [info]   /forceset/hamstrings_l. bounds: [0.01, 1]
[2021-03-15 16:56:02.723] [cout] [info]   /forceset/bifemsh_l. bounds: [0.01, 1]
[2021-03-15 16:56:02.723] [cout] [info]   /forceset/glut_max_l. bounds: [0.01, 1]
[2021-03-15 16:56:02.724] [cout] [info]   /forceset/iliopsoas_l. bounds: [0.01, 1]
[2021-03-15 16:56:02.724] [cout] [info]   /forceset/rect_fem_l. bounds: [0.01, 1]
[2021-03-15 16:56:02.724] [cout] [info]   /forceset/gastroc_l. bounds: [0.01, 1]
[2021-03-15 16:56:02.724] [cout] [info]   /forceset/vasti_l. bounds: [0.01, 1]
[2021-03-15 16:56:02.725] [cout] [info]   /forceset/soleus_l. bounds: [0.01, 1]
[2021-03-15 16:56:02.725] [cout] [info]   /forceset/tib_ant_l. bounds: [0.01, 1]
[2021-03-15 16:56:02.725] [cout] [info] Parameters: none
[2021-03-15 16:56:03.434] [info] Number of threads: 8
[2021-03-15 18:02:32.271] [info] Set log level to Info.
[2021-03-15 18:02:32.290] [info] ------------------------------------------------------------------------
[2021-03-15 18:02:32.291] [info] Elapsed real time: 3990 second(s) (1 hour(s), 6 minute(s), 30 second(s)).
[2021-03-15 18:02:32.292] [info] Mon Mar 15 18:02:32 2021
[2021-03-15 18:02:32.292] [warning] MocoCasADiSolver did NOT succeed:
[2021-03-15 18:02:32.293] [warning]   User_Requested_Stop
[2021-03-15 18:02:32.293] [info] ========================================================================
[2021-03-15 18:03:08.865] [info] Exiting visualization.
