[2021-11-04 20:03:41.327] [info] Loaded model base3DModel from file models\\base3DModel.osim
[2021-11-04 20:03:48.768] [cout] [info] 
               MODEL: base3DModel
         coordinates: 37
              forces: 6
           actuators: 0
             muscles: 0
            analyses: 0
              probes: 0
              bodies: 20
              joints: 20
         constraints: 0
             markers: 60
         controllers: 0
  contact geometries: 7
misc modelcomponents: 0
[2021-11-04 20:03:48.768] [info] Running tool sprint.
[2021-11-04 20:03:48.845] [info] Frame 90 (t = 0.36):	 total squared error = 0.0131876, marker error: RMS = 0.0169318, max = 0.042222 (LLEPI)
[2021-11-04 20:03:48.860] [info] Frame 91 (t = 0.364):	 total squared error = 0.0129734, marker error: RMS = 0.0167937, max = 0.0399721 (LLEPI)
[2021-11-04 20:03:48.867] [info] Frame 92 (t = 0.368):	 total squared error = 0.0137261, marker error: RMS = 0.0172741, max = 0.039981 (LLEPI)
[2021-11-04 20:03:48.874] [info] Frame 93 (t = 0.372):	 total squared error = 0.0145642, marker error: RMS = 0.0177936, max = 0.0398426 (LLEPI)
[2021-11-04 20:03:48.877] [info] Frame 94 (t = 0.376):	 total squared error = 0.0154406, marker error: RMS = 0.0183212, max = 0.0395706 (LLEPI)
[2021-11-04 20:03:48.924] [info] Frame 95 (t = 0.38):	 total squared error = 0.0137415, marker error: RMS = 0.0172837, max = 0.0409827 (LLEPI)
[2021-11-04 20:03:48.931] [info] Frame 96 (t = 0.384):	 total squared error = 0.0139332, marker error: RMS = 0.0174039, max = 0.0411907 (LLEPI)
[2021-11-04 20:03:48.938] [info] Frame 97 (t = 0.388):	 total squared error = 0.0141915, marker error: RMS = 0.0175645, max = 0.0414417 (LLEPI)
[2021-11-04 20:03:48.945] [info] Frame 98 (t = 0.392):	 total squared error = 0.0140427, marker error: RMS = 0.0174721, max = 0.041772 (LLEPI)
[2021-11-04 20:03:48.951] [info] Frame 99 (t = 0.396):	 total squared error = 0.0140858, marker error: RMS = 0.017499, max = 0.0426436 (LLEPI)
[2021-11-04 20:03:48.955] [info] Frame 100 (t = 0.4):	 total squared error = 0.0134724, marker error: RMS = 0.0171137, max = 0.0425564 (LLEPI)
[2021-11-04 20:03:48.964] [info] Frame 101 (t = 0.404000):	 total squared error = 0.0134417, marker error: RMS = 0.0170942, max = 0.0441093 (LLEPI)
[2021-11-04 20:03:48.973] [info] Frame 102 (t = 0.408000):	 total squared error = 0.0124995, marker error: RMS = 0.0164842, max = 0.0438785 (LLEPI)
[2021-11-04 20:03:48.976] [info] Frame 103 (t = 0.412):	 total squared error = 0.0118541, marker error: RMS = 0.0160530, max = 0.0440965 (LLEPI)
[2021-11-04 20:03:48.988] [info] Frame 104 (t = 0.416):	 total squared error = 0.0116501, marker error: RMS = 0.0159142, max = 0.0454752 (LLEPI)
[2021-11-04 20:03:48.993] [info] Frame 105 (t = 0.42):	 total squared error = 0.0110736, marker error: RMS = 0.0155155, max = 0.0460138 (LLEPI)
[2021-11-04 20:03:49.002] [info] Frame 106 (t = 0.424):	 total squared error = 0.0109569, marker error: RMS = 0.0154335, max = 0.0464329 (LLEPI)
[2021-11-04 20:03:49.012] [info] Frame 107 (t = 0.428):	 total squared error = 0.0102808, marker error: RMS = 0.0149497, max = 0.0464724 (LLEPI)
[2021-11-04 20:03:49.021] [info] Frame 108 (t = 0.432):	 total squared error = 0.0101331, marker error: RMS = 0.014842, max = 0.0457322 (LLEPI)
[2021-11-04 20:03:49.028] [info] Frame 109 (t = 0.436):	 total squared error = 0.00986666, marker error: RMS = 0.0146456, max = 0.0455198 (LLEPI)
[2021-11-04 20:03:49.036] [info] Frame 110 (t = 0.44):	 total squared error = 0.00983527, marker error: RMS = 0.0146223, max = 0.0456029 (LLEPI)
[2021-11-04 20:03:49.046] [info] Frame 111 (t = 0.444):	 total squared error = 0.0102332, marker error: RMS = 0.0149151, max = 0.0447567 (LLEPI)
[2021-11-04 20:03:49.056] [info] Frame 112 (t = 0.448):	 total squared error = 0.0100617, marker error: RMS = 0.0147896, max = 0.0436366 (LLEPI)
[2021-11-04 20:03:49.066] [info] Frame 113 (t = 0.452):	 total squared error = 0.0105294, marker error: RMS = 0.0151294, max = 0.0424953 (LLEPI)
[2021-11-04 20:03:49.074] [info] Frame 114 (t = 0.456):	 total squared error = 0.0113363, marker error: RMS = 0.0156985, max = 0.0417163 (LLEPI)
[2021-11-04 20:03:49.081] [info] Frame 115 (t = 0.46):	 total squared error = 0.0122307, marker error: RMS = 0.0163060, max = 0.0405959 (LLEPI)
[2021-11-04 20:03:49.088] [info] Frame 116 (t = 0.464):	 total squared error = 0.0133975, marker error: RMS = 0.0170661, max = 0.0400429 (LSH)
[2021-11-04 20:03:49.097] [info] Frame 117 (t = 0.468):	 total squared error = 0.0138731, marker error: RMS = 0.0173663, max = 0.0417819 (LSH)
[2021-11-04 20:03:49.103] [info] Frame 118 (t = 0.472):	 total squared error = 0.0149080, marker error: RMS = 0.0180024, max = 0.0430074 (LSH)
[2021-11-04 20:03:49.114] [info] Frame 119 (t = 0.476):	 total squared error = 0.0164285, marker error: RMS = 0.0188982, max = 0.0432712 (LSH)
[2021-11-04 20:03:49.126] [info] Frame 120 (t = 0.48):	 total squared error = 0.0168561, marker error: RMS = 0.0191425, max = 0.0438507 (LSH)
[2021-11-04 20:03:49.130] [info] Frame 121 (t = 0.484):	 total squared error = 0.0160855, marker error: RMS = 0.0186998, max = 0.0440585 (LSH)
[2021-11-04 20:03:49.155] [info] Frame 122 (t = 0.488):	 total squared error = 0.0156591, marker error: RMS = 0.0184504, max = 0.0438543 (LSH)
[2021-11-04 20:03:49.165] [info] Frame 123 (t = 0.492):	 total squared error = 0.0149062, marker error: RMS = 0.0180013, max = 0.0430555 (LSH)
[2021-11-04 20:03:49.173] [info] Frame 124 (t = 0.496):	 total squared error = 0.0143179, marker error: RMS = 0.0176425, max = 0.0424822 (LSH)
[2021-11-04 20:03:49.181] [info] Frame 125 (t = 0.5):	 total squared error = 0.0140350, marker error: RMS = 0.0174674, max = 0.0421315 (LSH)
[2021-11-04 20:03:49.191] [info] Frame 126 (t = 0.504000):	 total squared error = 0.0141656, marker error: RMS = 0.0175484, max = 0.0408562 (LSH)
[2021-11-04 20:03:49.199] [info] Frame 127 (t = 0.508000):	 total squared error = 0.0139551, marker error: RMS = 0.0174176, max = 0.0411395 (LSH)
[2021-11-04 20:03:49.206] [info] Frame 128 (t = 0.512):	 total squared error = 0.0132729, marker error: RMS = 0.0169865, max = 0.0409951 (LSH)
[2021-11-04 20:03:49.224] [info] Frame 129 (t = 0.516):	 total squared error = 0.0124722, marker error: RMS = 0.0164662, max = 0.0399059 (LSH)
[2021-11-04 20:03:49.230] [info] Frame 130 (t = 0.52):	 total squared error = 0.0118945, marker error: RMS = 0.0160803, max = 0.0405439 (LSH)
[2021-11-04 20:03:49.236] [info] Frame 131 (t = 0.524):	 total squared error = 0.0113082, marker error: RMS = 0.0156789, max = 0.0399491 (LSH)
[2021-11-04 20:03:49.244] [info] Frame 132 (t = 0.528):	 total squared error = 0.0110708, marker error: RMS = 0.0155135, max = 0.0398161 (LSH)
[2021-11-04 20:03:49.252] [info] Frame 133 (t = 0.532):	 total squared error = 0.0109330, marker error: RMS = 0.0154167, max = 0.0395841 (LSH)
[2021-11-04 20:03:49.256] [info] Frame 134 (t = 0.536):	 total squared error = 0.0109282, marker error: RMS = 0.0154133, max = 0.0386479 (LSH)
[2021-11-04 20:03:49.263] [info] Frame 135 (t = 0.54):	 total squared error = 0.0108598, marker error: RMS = 0.015365, max = 0.0366198 (LSH)
[2021-11-04 20:03:49.271] [info] Frame 136 (t = 0.544):	 total squared error = 0.0111304, marker error: RMS = 0.0155552, max = 0.0363488 (LSH)
[2021-11-04 20:03:49.275] [info] Frame 137 (t = 0.548):	 total squared error = 0.0117242, marker error: RMS = 0.0159648, max = 0.0368273 (LSH)
[2021-11-04 20:03:49.281] [info] Frame 138 (t = 0.552):	 total squared error = 0.0120911, marker error: RMS = 0.0162126, max = 0.0369123 (LSH)
[2021-11-04 20:03:49.287] [info] Frame 139 (t = 0.556):	 total squared error = 0.0124899, marker error: RMS = 0.0164779, max = 0.0365475 (LSH)
[2021-11-04 20:03:49.293] [info] Frame 140 (t = 0.56):	 total squared error = 0.0127709, marker error: RMS = 0.0166622, max = 0.0363116 (LSH)
[2021-11-04 20:03:49.298] [info] Frame 141 (t = 0.564):	 total squared error = 0.0127988, marker error: RMS = 0.0166804, max = 0.0365496 (LSH)
[2021-11-04 20:03:49.304] [info] Frame 142 (t = 0.568):	 total squared error = 0.0130660, marker error: RMS = 0.0168536, max = 0.0362033 (LSH)
[2021-11-04 20:03:49.308] [info] Frame 143 (t = 0.572):	 total squared error = 0.012867, marker error: RMS = 0.0167248, max = 0.0362685 (LSH)
[2021-11-04 20:03:49.313] [info] Frame 144 (t = 0.576):	 total squared error = 0.0126429, marker error: RMS = 0.0165784, max = 0.0360685 (LSH)
[2021-11-04 20:03:49.318] [info] Frame 145 (t = 0.58):	 total squared error = 0.012481, marker error: RMS = 0.016472, max = 0.0360248 (RLEPI)
[2021-11-04 20:03:49.323] [info] Frame 146 (t = 0.584):	 total squared error = 0.0119391, marker error: RMS = 0.0161104, max = 0.0364427 (RLEPI)
[2021-11-04 20:03:49.329] [info] Frame 147 (t = 0.588):	 total squared error = 0.0113169, marker error: RMS = 0.015685, max = 0.0363212 (RLEPI)
[2021-11-04 20:03:49.343] [info] InverseKinematicsTool completed 58 frames in 498 millisecond(s).
[2021-11-04 20:07:19.415] [warning] Already logging to file 'ik\\output_log.log'; log file not added. Call removeFileSink() first.
