[2021-03-17 16:09:24.661] [info] Processing subject ...
[2021-03-17 16:09:24.662] [info] Step 1: Loading generic model
[2021-03-17 16:09:24.721] [info] Loaded model genericModel_LaiArnold from file genericModel_LaiArnold.osim
[2021-03-17 16:09:24.866] [info] Step 2: Scaling generic model
[2021-03-17 16:09:24.978] [info] Loaded marker file ..\Data\staticVirtualMarkers.trc (58 markers, 483 frames)
[2021-03-17 16:09:24.979] [info] Measurement 'torso_height'
[2021-03-17 16:09:24.979] [info] 	pair 0 (MTOR, MPEL): model = 0.468396, experimental = 0.466528
[2021-03-17 16:09:24.980] [info] 	overall scale factor = 0.996011
[2021-03-17 16:09:24.980] [info] Measurement 'torso_breadth'
[2021-03-17 16:09:24.980] [info] 	pair 0 (C7, CLAV): model = 0.146032, experimental = 0.146906
[2021-03-17 16:09:24.983] [info] 	pair 1 (T10, STRN): model = 0.222121, experimental = 0.241562
[2021-03-17 16:09:24.983] [info] 	overall scale factor = 1.04675
[2021-03-17 16:09:24.984] [info] Measurement 'torso_width'
[2021-03-17 16:09:24.984] [info] 	pair 0 (RACR, LACR): model = 0.283321, experimental = 0.345905
[2021-03-17 16:09:24.984] [info] 	overall scale factor = 1.22089
[2021-03-17 16:09:24.984] [info] Measurement 'pelvis_w'
[2021-03-17 16:09:24.985] [info] 	pair 0 (RASI, LASI): model = 0.25789, experimental = 0.216053
[2021-03-17 16:09:24.985] [info] 	pair 1 (RPSI, LPSI): model = 0.092731, experimental = 0.0960037
[2021-03-17 16:09:24.985] [info] 	overall scale factor = 0.936532
[2021-03-17 16:09:24.985] [info] Measurement 'pelvis_d'
[2021-03-17 16:09:24.986] [info] 	pair 0 (RASI, RPSI): model = 0.201128, experimental = 0.188603
[2021-03-17 16:09:24.986] [info] 	pair 1 (LASI, LPSI): model = 0.192488, experimental = 0.188085
[2021-03-17 16:09:24.986] [info] 	overall scale factor = 0.957426
[2021-03-17 16:09:24.986] [info] Measurement 'pelvis_h'
[2021-03-17 16:09:24.987] [info] 	pair 0 (MPEL, RHJC): model = 0.131542, experimental = 0.105614
[2021-03-17 16:09:24.987] [info] 	pair 1 (MPEL, LHJC): model = 0.131025, experimental = 0.108303
[2021-03-17 16:09:24.987] [info] 	overall scale factor = 0.814735
[2021-03-17 16:09:24.987] [info] Measurement 'r_thigh_length'
[2021-03-17 16:09:24.988] [info] 	pair 0 (RHJC, RKJC): model = 0.390494, experimental = 0.46219
[2021-03-17 16:09:24.988] [info] 	overall scale factor = 1.1836
[2021-03-17 16:09:24.989] [info] Measurement 'r_thigh_breadth'
[2021-03-17 16:09:24.989] [info] 	pair 0 (RLFC, RMFC): model = 0.108539, experimental = 0.125179
[2021-03-17 16:09:24.990] [info] 	overall scale factor = 1.1533
[2021-03-17 16:09:24.990] [info] Measurement 'r_tibia_length'
[2021-03-17 16:09:24.990] [info] 	pair 0 (RKJC, RAJC): model = 0.391627, experimental = 0.437658
[2021-03-17 16:09:24.990] [info] 	overall scale factor = 1.11754
[2021-03-17 16:09:24.991] [info] Measurement 'r_tibia_breadth'
[2021-03-17 16:09:24.991] [info] 	pair 0 (RLMAL, RMMAL): model = 0.093372, experimental = 0.0955162
[2021-03-17 16:09:24.991] [info] 	overall scale factor = 1.02296
[2021-03-17 16:09:24.991] [info] Measurement 'r_foot_length'
[2021-03-17 16:09:24.992] [info] 	pair 0 (fRCAL, fRAJC): model = 0.0941763, experimental = 0.0694764
[2021-03-17 16:09:24.992] [info] 	pair 1 (fRAJC, fRMT3): model = 0.129502, experimental = 0.148666
[2021-03-17 16:09:24.992] [info] 	overall scale factor = 0.942854
[2021-03-17 16:09:24.992] [info] Measurement 'r_foot_height'
[2021-03-17 16:09:24.993] [info] 	pair 0 (RAJC, fRAJC): model = 0.0696915, experimental = 0.100821
[2021-03-17 16:09:24.993] [info] 	overall scale factor = 1.44667
[2021-03-17 16:09:24.993] [info] Measurement 'r_foot_width'
[2021-03-17 16:09:24.993] [info] 	pair 0 (fRMT1, fRMT5): model = 0.0759802, experimental = 0.109619
[2021-03-17 16:09:24.994] [info] 	overall scale factor = 1.44273
[2021-03-17 16:09:24.994] [info] Measurement 'l_thigh_length'
[2021-03-17 16:09:24.994] [info] 	pair 0 (LHJC, LKJC): model = 0.390494, experimental = 0.474762
[2021-03-17 16:09:24.994] [info] 	overall scale factor = 1.2158
[2021-03-17 16:09:24.995] [info] Measurement 'l_thigh_breadth'
[2021-03-17 16:09:24.995] [info] 	pair 0 (LLFC, LMFC): model = 0.108539, experimental = 0.125672
[2021-03-17 16:09:24.995] [info] 	overall scale factor = 1.15785
[2021-03-17 16:09:24.995] [info] Measurement 'l_tibia_length'
[2021-03-17 16:09:24.995] [info] 	pair 0 (LKJC, LAJC): model = 0.391627, experimental = 0.433973
[2021-03-17 16:09:24.996] [info] 	overall scale factor = 1.10813
[2021-03-17 16:09:24.996] [info] Measurement 'l_tibia_breadth'
[2021-03-17 16:09:24.996] [info] 	pair 0 (LLMAL, LMMAL): model = 0.093372, experimental = 0.0950852
[2021-03-17 16:09:24.996] [info] 	overall scale factor = 1.01835
[2021-03-17 16:09:24.997] [info] Measurement 'l_foot_length'
[2021-03-17 16:09:24.997] [info] 	pair 0 (fLCAL, fLAJC): model = 0.0954936, experimental = 0.068191
[2021-03-17 16:09:24.997] [info] 	pair 1 (fLAJC, fLMT3): model = 0.129723, experimental = 0.153377
[2021-03-17 16:09:24.997] [info] 	overall scale factor = 0.948218
[2021-03-17 16:09:24.998] [info] Measurement 'l_foot_height'
[2021-03-17 16:09:24.998] [info] 	pair 0 (LAJC, fLAJC): model = 0.0696334, experimental = 0.101405
[2021-03-17 16:09:25.000] [info] 	overall scale factor = 1.45627
[2021-03-17 16:09:25.000] [info] Measurement 'l_foot_width'
[2021-03-17 16:09:25.000] [info] 	pair 0 (fLMT1, fLMT5): model = 0.0759802, experimental = 0.110420
[2021-03-17 16:09:25.001] [info] 	overall scale factor = 1.45327
[2021-03-17 16:09:25.242] [info] Wrote model file 'scaledModel.osim' from model.
[2021-03-17 16:09:25.246] [info] Wrote scale file 'scaleSet.xml' for model model.
[2021-03-17 16:09:25.246] [info] Step 3: Placing markers on model
[2021-03-17 16:09:25.342] [info] Loaded marker file ..\Data\staticVirtualMarkers.trc (58 markers, 483 frames)
[2021-03-17 16:09:25.343] [info] Averaged frames from time 0.5 to 1.5 in ..\Data\staticVirtualMarkers.trc (frames 126 to 376)
[2021-03-17 16:09:25.343] [info] Deleted 0 unused markers from model model.
[2021-03-17 16:09:25.470] [info] Frame at (t = 0.5):	 total squared error = 0.0573014, marker error: RMS = 0.0322776, max = 0.0574159 (LTH2)
[2021-03-17 16:09:25.471] [info] Moved markers in model model to match locations in marker file '..\Data\staticVirtualMarkers.trc'.
[2021-03-17 16:09:25.524] [info] Wrote model file 'scaledModelAdjusted.osim' from model model.
[2021-03-17 16:09:25.619] [info] Loaded model model from file scaledModelAdjusted.osim
[2021-03-17 16:09:25.791] [info] Loaded model genericModel_LaiArnold from file genericModel_LaiArnold.osim
[2021-03-17 16:09:25.920] [info] Loaded model scaledModel from file scaledModelAdjusted.osim
[2021-03-17 16:09:26.156] [info] Loaded model scaledModel from file scaledModelMuscle.osim
[2021-03-17 16:09:37.787] [info] Processing subject ...
[2021-03-17 16:09:37.787] [info] Step 1: Loading generic model
[2021-03-17 16:09:37.814] [info] Loaded model gait9dof18musc_Ong_et_al from file gait9dof18musc_Ong_et_al_Moco.osim
[2021-03-17 16:09:37.825] [info] Step 2: Scaling generic model
[2021-03-17 16:09:37.874] [info] Loaded marker file ..\Data\staticVirtualMarkers.trc (58 markers, 483 frames)
[2021-03-17 16:09:37.874] [info] Measurement 'torso_height'
[2021-03-17 16:09:37.875] [info] 	pair 0 (MTOR, MPEL): model = 0.465351, experimental = 0.466528
[2021-03-17 16:09:37.875] [info] 	overall scale factor = 1.00253
[2021-03-17 16:09:37.876] [info] Measurement 'torso_breadth'
[2021-03-17 16:09:37.876] [info] 	pair 0 (C7, CLAV): model = 0.146032, experimental = 0.146906
[2021-03-17 16:09:37.877] [info] 	pair 1 (T10, STRN): model = 0.222121, experimental = 0.241562
[2021-03-17 16:09:37.877] [info] 	overall scale factor = 1.04675
[2021-03-17 16:09:37.878] [info] Measurement 'torso_width'
[2021-03-17 16:09:37.878] [info] 	pair 0 (RACR, LACR): model = 0.283321, experimental = 0.345905
[2021-03-17 16:09:37.878] [info] 	overall scale factor = 1.22089
[2021-03-17 16:09:37.879] [info] Measurement 'pelvis_w'
[2021-03-17 16:09:37.879] [info] 	pair 0 (RASI, LASI): model = 0.25789, experimental = 0.216053
[2021-03-17 16:09:37.880] [info] 	pair 1 (RPSI, LPSI): model = 0.092731, experimental = 0.0960037
[2021-03-17 16:09:37.880] [info] 	overall scale factor = 0.936532
[2021-03-17 16:09:37.880] [info] Measurement 'pelvis_d'
[2021-03-17 16:09:37.881] [info] 	pair 0 (RASI, RPSI): model = 0.201128, experimental = 0.188603
[2021-03-17 16:09:37.881] [info] 	pair 1 (LASI, LPSI): model = 0.192488, experimental = 0.188085
[2021-03-17 16:09:37.881] [info] 	overall scale factor = 0.957426
[2021-03-17 16:09:37.882] [info] Measurement 'pelvis_h'
[2021-03-17 16:09:37.882] [info] 	pair 0 (MPEL, RHJC): model = 0.12213, experimental = 0.105614
[2021-03-17 16:09:37.882] [info] 	pair 1 (MPEL, LHJC): model = 0.121537, experimental = 0.108303
[2021-03-17 16:09:37.883] [info] 	overall scale factor = 0.877939
[2021-03-17 16:09:37.883] [info] Measurement 'r_thigh_length'
[2021-03-17 16:09:37.884] [info] 	pair 0 (RHJC, RKJC): model = 0.390494, experimental = 0.46219
[2021-03-17 16:09:37.885] [info] 	overall scale factor = 1.1836
[2021-03-17 16:09:37.885] [info] Measurement 'r_thigh_breadth'
[2021-03-17 16:09:37.885] [info] 	pair 0 (RLFC, RMFC): model = 0.108539, experimental = 0.125179
[2021-03-17 16:09:37.885] [info] 	overall scale factor = 1.1533
[2021-03-17 16:09:37.886] [info] Measurement 'r_tibia_length'
[2021-03-17 16:09:37.886] [info] 	pair 0 (RKJC, RAJC): model = 0.38269, experimental = 0.437658
[2021-03-17 16:09:37.886] [info] 	overall scale factor = 1.14364
[2021-03-17 16:09:37.887] [info] Measurement 'r_tibia_breadth'
[2021-03-17 16:09:37.887] [info] 	pair 0 (RLMAL, RMMAL): model = 0.093372, experimental = 0.0955162
[2021-03-17 16:09:37.887] [info] 	overall scale factor = 1.02296
[2021-03-17 16:09:37.887] [info] Measurement 'r_foot_length'
[2021-03-17 16:09:37.888] [info] 	pair 0 (fRCAL, fRAJC): model = 0.0810480, experimental = 0.0694764
[2021-03-17 16:09:37.888] [info] 	pair 1 (fRAJC, fRMT3): model = 0.128814, experimental = 0.148666
[2021-03-17 16:09:37.888] [info] 	overall scale factor = 1.00567
[2021-03-17 16:09:37.888] [info] Measurement 'r_foot_height'
[2021-03-17 16:09:37.888] [info] 	pair 0 (RAJC, fRAJC): model = 0.0696915, experimental = 0.100821
[2021-03-17 16:09:37.889] [info] 	overall scale factor = 1.44667
[2021-03-17 16:09:37.889] [info] Measurement 'r_foot_width'
[2021-03-17 16:09:37.889] [info] 	pair 0 (fRMT1, fRMT5): model = 0.0759802, experimental = 0.109619
[2021-03-17 16:09:37.889] [info] 	overall scale factor = 1.44273
[2021-03-17 16:09:37.890] [info] Measurement 'l_thigh_length'
[2021-03-17 16:09:37.890] [info] 	pair 0 (LHJC, LKJC): model = 0.390494, experimental = 0.474762
[2021-03-17 16:09:37.890] [info] 	overall scale factor = 1.2158
[2021-03-17 16:09:37.890] [info] Measurement 'l_thigh_breadth'
[2021-03-17 16:09:37.891] [info] 	pair 0 (LLFC, LMFC): model = 0.108539, experimental = 0.125672
[2021-03-17 16:09:37.891] [info] 	overall scale factor = 1.15785
[2021-03-17 16:09:37.892] [info] Measurement 'l_tibia_length'
[2021-03-17 16:09:37.892] [info] 	pair 0 (LKJC, LAJC): model = 0.38269, experimental = 0.433973
[2021-03-17 16:09:37.892] [info] 	overall scale factor = 1.13401
[2021-03-17 16:09:37.892] [info] Measurement 'l_tibia_breadth'
[2021-03-17 16:09:37.892] [info] 	pair 0 (LLMAL, LMMAL): model = 0.093372, experimental = 0.0950852
[2021-03-17 16:09:37.893] [info] 	overall scale factor = 1.01835
[2021-03-17 16:09:37.893] [info] Measurement 'l_foot_length'
[2021-03-17 16:09:37.895] [info] 	pair 0 (fLCAL, fLAJC): model = 0.0822059, experimental = 0.068191
[2021-03-17 16:09:37.895] [info] 	pair 1 (fLAJC, fLMT3): model = 0.129019, experimental = 0.153377
[2021-03-17 16:09:37.896] [info] 	overall scale factor = 1.00915
[2021-03-17 16:09:37.896] [info] Measurement 'l_foot_height'
[2021-03-17 16:09:37.896] [info] 	pair 0 (LAJC, fLAJC): model = 0.0696334, experimental = 0.101405
[2021-03-17 16:09:37.896] [info] 	overall scale factor = 1.45627
[2021-03-17 16:09:37.897] [info] Measurement 'l_foot_width'
[2021-03-17 16:09:37.897] [info] 	pair 0 (fLMT1, fLMT5): model = 0.0759802, experimental = 0.110420
[2021-03-17 16:09:37.897] [info] 	overall scale factor = 1.45327
[2021-03-17 16:09:37.929] [info] Wrote model file 'scaledModel2D.osim' from model.
[2021-03-17 16:09:37.933] [info] Wrote scale file 'scaleSet2D.xml' for model model.
[2021-03-17 16:09:37.933] [info] Step 3: Placing markers on model
[2021-03-17 16:09:38.027] [info] Loaded marker file ..\Data\staticVirtualMarkers.trc (58 markers, 483 frames)
[2021-03-17 16:09:38.027] [info] Averaged frames from time 0.5 to 1.5 in ..\Data\staticVirtualMarkers.trc (frames 126 to 376)
[2021-03-17 16:09:38.028] [info] Deleted 0 unused markers from model model.
[2021-03-17 16:09:38.037] [info] Frame at (t = 0.5):	 total squared error = 5.34968, marker error: RMS = 0.311876, max = 0.402405 (RMT5)
[2021-03-17 16:09:38.037] [info] Moved markers in model model to match locations in marker file '..\Data\staticVirtualMarkers.trc'.
[2021-03-17 16:09:38.052] [info] Wrote model file 'scaledModelAdjusted2D.osim' from model model.
[2021-03-17 16:09:38.086] [info] Loaded model model from file scaledModelAdjusted2D.osim
[2021-03-17 16:09:38.123] [info] Loaded model gait9dof18musc_Ong_et_al from file gait9dof18musc_Ong_et_al_Moco.osim
[2021-03-17 16:09:38.146] [info] Loaded model scaledModel2D from file scaledModelAdjusted2D.osim
[2021-03-17 16:09:38.188] [info] Loaded model scaledModel2D from file scaledModelMuscle2D.osim
[2021-03-17 16:09:38.245] [info] Loaded model scaledModel from file scaledModelMuscle.osim
[2021-03-17 16:10:06.996] [info] Storage: read data file = C:\+GitRepos+\flash-running\ExpData\RRA\rra1\rra1_Kinematics_q.sto (nr=325 nc=26)
[2021-03-17 16:10:07.004] [info] Storage: read data file = C:\+GitRepos+\flash-running\ExpData\RRA\rra1\rra1_Kinematics_q.sto (nr=325 nc=26)
[2021-03-17 16:10:07.081] [info] Loaded model scaledModel from file C:\+GitRepos+\flash-running\ExpData\RRA\rra1\rraAdjustedModel_1.osim
[2021-03-17 16:10:07.082] [warning] Couldn't find file 'r_pelvis.vtp'.
[2021-03-17 16:10:07.083] [warning] Couldn't find file 'l_pelvis.vtp'.
[2021-03-17 16:10:07.083] [warning] Couldn't find file 'sacrum.vtp'.
[2021-03-17 16:10:07.085] [warning] Couldn't find file 'r_femur.vtp'.
[2021-03-17 16:10:07.085] [warning] Couldn't find file 'r_tibia.vtp'.
[2021-03-17 16:10:07.085] [warning] Couldn't find file 'r_fibula.vtp'.
[2021-03-17 16:10:07.086] [warning] Couldn't find file 'r_patella.vtp'.
[2021-03-17 16:10:07.086] [warning] Couldn't find file 'r_talus.vtp'.
[2021-03-17 16:10:07.087] [warning] Couldn't find file 'r_foot.vtp'.
[2021-03-17 16:10:07.087] [warning] Couldn't find file 'r_bofoot.vtp'.
[2021-03-17 16:10:07.087] [warning] Couldn't find file 'l_femur.vtp'.
[2021-03-17 16:10:07.088] [warning] Couldn't find file 'l_tibia.vtp'.
[2021-03-17 16:10:07.088] [warning] Couldn't find file 'l_fibula.vtp'.
[2021-03-17 16:10:07.088] [warning] Couldn't find file 'l_patella.vtp'.
[2021-03-17 16:10:07.089] [warning] Couldn't find file 'l_talus.vtp'.
[2021-03-17 16:10:07.089] [warning] Couldn't find file 'l_foot.vtp'.
[2021-03-17 16:10:07.089] [warning] Couldn't find file 'l_bofoot.vtp'.
[2021-03-17 16:10:07.090] [warning] Couldn't find file 'hat_spine.vtp'.
[2021-03-17 16:10:07.090] [warning] Couldn't find file 'hat_jaw.vtp'.
[2021-03-17 16:10:07.090] [warning] Couldn't find file 'hat_skull.vtp'.
[2021-03-17 16:10:07.091] [warning] Couldn't find file 'hat_ribs_scap.vtp'.
[2021-03-17 16:10:07.368] [info] Loaded model scaledModel from file C:\+GitRepos+\flash-running\ExpData\RRA\rra1\rraAdjustedModel_1.osim
[2021-03-17 16:10:07.369] [warning] Couldn't find file 'r_pelvis.vtp'.
[2021-03-17 16:10:07.369] [warning] Couldn't find file 'l_pelvis.vtp'.
[2021-03-17 16:10:07.369] [warning] Couldn't find file 'sacrum.vtp'.
[2021-03-17 16:10:07.370] [warning] Couldn't find file 'r_femur.vtp'.
[2021-03-17 16:10:07.370] [warning] Couldn't find file 'r_tibia.vtp'.
[2021-03-17 16:10:07.370] [warning] Couldn't find file 'r_fibula.vtp'.
[2021-03-17 16:10:07.371] [warning] Couldn't find file 'r_patella.vtp'.
[2021-03-17 16:10:07.371] [warning] Couldn't find file 'r_talus.vtp'.
[2021-03-17 16:10:07.371] [warning] Couldn't find file 'r_foot.vtp'.
[2021-03-17 16:10:07.372] [warning] Couldn't find file 'r_bofoot.vtp'.
[2021-03-17 16:10:07.372] [warning] Couldn't find file 'l_femur.vtp'.
[2021-03-17 16:10:07.372] [warning] Couldn't find file 'l_tibia.vtp'.
[2021-03-17 16:10:07.373] [warning] Couldn't find file 'l_fibula.vtp'.
[2021-03-17 16:10:07.373] [warning] Couldn't find file 'l_patella.vtp'.
[2021-03-17 16:10:07.373] [warning] Couldn't find file 'l_talus.vtp'.
[2021-03-17 16:10:07.374] [warning] Couldn't find file 'l_foot.vtp'.
[2021-03-17 16:10:07.374] [warning] Couldn't find file 'l_bofoot.vtp'.
[2021-03-17 16:10:07.374] [warning] Couldn't find file 'hat_spine.vtp'.
[2021-03-17 16:10:07.375] [warning] Couldn't find file 'hat_jaw.vtp'.
[2021-03-17 16:10:07.375] [warning] Couldn't find file 'hat_skull.vtp'.
[2021-03-17 16:10:07.375] [warning] Couldn't find file 'hat_ribs_scap.vtp'.
