[2021-04-23 21:01:29.386] [info] Loaded model scaledModel2D from file ..\trackingSims\gaitModel2D.osim
[2021-04-23 21:07:54.954] [info] Storage: read data file = ..\trackingSims\refQ_2D.sto (nr=70 nc=11)
[2021-04-23 21:13:46.900] [info] Loaded model scaledModel2D from file ..\trackingSims\gaitModel2D.osim
[2021-04-23 21:13:47.039] [info] Storage: read data file = ..\trackingSims\refQ_2D.sto (nr=70 nc=11)
[2021-04-23 21:15:08.451] [info] Loaded model scaledModel2D from file ..\trackingSims\gaitModel2D.osim
[2021-04-23 21:15:08.584] [info] Storage: read data file = ..\trackingSims\refQ_2D.sto (nr=70 nc=11)
[2021-04-23 21:32:03.306] [info] ========================================================================
[2021-04-23 21:32:03.307] [info] MocoCasADiSolver starting.
[2021-04-23 21:32:03.309] [info] Fri Apr 23 21:32:03 2021
[2021-04-23 21:32:03.310] [info] ------------------------------------------------------------------------
[2021-04-23 21:32:03.310] [cout] [info] Costs: (total: 1)
[2021-04-23 21:32:03.311] [cout] [info]   effort. MocoControlGoal, enabled: true, mode: cost, weight: 0.1
[2021-04-23 21:32:03.311] [cout] [info]         control: /forceset/lumbarAct, weight: 0.00100000
[2021-04-23 21:32:03.311] [cout] [info]         control: /forceset/hamstrings_r, weight: 1.0
[2021-04-23 21:32:03.312] [cout] [info]         control: /forceset/bifemsh_r, weight: 1.0
[2021-04-23 21:32:03.312] [cout] [info]         control: /forceset/glut_max_r, weight: 1.0
[2021-04-23 21:32:03.312] [cout] [info]         control: /forceset/iliopsoas_r, weight: 1.0
[2021-04-23 21:32:03.313] [cout] [info]         control: /forceset/rect_fem_r, weight: 1.0
[2021-04-23 21:32:03.313] [cout] [info]         control: /forceset/vasti_r, weight: 1.0
[2021-04-23 21:32:03.314] [cout] [info]         control: /forceset/gastroc_r, weight: 1.0
[2021-04-23 21:32:03.314] [cout] [info]         control: /forceset/soleus_r, weight: 1.0
[2021-04-23 21:32:03.315] [cout] [info]         control: /forceset/tib_ant_r, weight: 1.0
[2021-04-23 21:32:03.315] [cout] [info]         control: /forceset/hamstrings_l, weight: 1.0
[2021-04-23 21:32:03.315] [cout] [info]         control: /forceset/bifemsh_l, weight: 1.0
[2021-04-23 21:32:03.315] [cout] [info]         control: /forceset/glut_max_l, weight: 1.0
[2021-04-23 21:32:03.326] [cout] [info]         control: /forceset/iliopsoas_l, weight: 1.0
[2021-04-23 21:32:03.327] [cout] [info]         control: /forceset/rect_fem_l, weight: 1.0
[2021-04-23 21:32:03.328] [cout] [info]         control: /forceset/vasti_l, weight: 1.0
[2021-04-23 21:32:03.329] [cout] [info]         control: /forceset/gastroc_l, weight: 1.0
[2021-04-23 21:32:03.332] [cout] [info]         control: /forceset/soleus_l, weight: 1.0
[2021-04-23 21:32:03.333] [cout] [info]         control: /forceset/tib_ant_l, weight: 1.0
[2021-04-23 21:32:03.337] [cout] [info] Endpoint constraints: (total: 2)
[2021-04-23 21:32:03.338] [cout] [info]   speed. MocoAverageSpeedGoal, enabled: true, mode: endpoint_constraint
[2021-04-23 21:32:03.339] [cout] [info]   symmetry. MocoPeriodicityGoal, enabled: true, mode: endpoint_constraint
[2021-04-23 21:32:03.341] [cout] [info]         state periodicity pairs:
[2021-04-23 21:32:03.345] [cout] [info]                 initial: /jointset/ground_pelvis/pelvis_tilt/value, final: /jointset/ground_pelvis/pelvis_tilt/value
[2021-04-23 21:32:03.348] [cout] [info]                 initial: /jointset/ground_pelvis/pelvis_tilt/speed, final: /jointset/ground_pelvis/pelvis_tilt/speed
[2021-04-23 21:32:03.350] [cout] [info]                 initial: /jointset/ground_pelvis/pelvis_ty/value, final: /jointset/ground_pelvis/pelvis_ty/value
[2021-04-23 21:32:03.351] [cout] [info]                 initial: /jointset/ground_pelvis/pelvis_ty/speed, final: /jointset/ground_pelvis/pelvis_ty/speed
[2021-04-23 21:32:03.352] [cout] [info]                 initial: /jointset/hip_l/hip_flexion_l/value, final: /jointset/hip_r/hip_flexion_r/value
[2021-04-23 21:32:03.353] [cout] [info]                 initial: /jointset/hip_l/hip_flexion_l/speed, final: /jointset/hip_r/hip_flexion_r/speed
[2021-04-23 21:32:03.357] [cout] [info]                 initial: /jointset/hip_r/hip_flexion_r/value, final: /jointset/hip_l/hip_flexion_l/value
[2021-04-23 21:32:03.361] [cout] [info]                 initial: /jointset/hip_r/hip_flexion_r/speed, final: /jointset/hip_l/hip_flexion_l/speed
[2021-04-23 21:32:03.362] [cout] [info]                 initial: /jointset/knee_l/knee_angle_l/value, final: /jointset/knee_r/knee_angle_r/value
[2021-04-23 21:32:03.363] [cout] [info]                 initial: /jointset/knee_l/knee_angle_l/speed, final: /jointset/knee_r/knee_angle_r/speed
[2021-04-23 21:32:03.364] [cout] [info]                 initial: /jointset/knee_r/knee_angle_r/value, final: /jointset/knee_l/knee_angle_l/value
[2021-04-23 21:32:03.368] [cout] [info]                 initial: /jointset/knee_r/knee_angle_r/speed, final: /jointset/knee_l/knee_angle_l/speed
[2021-04-23 21:32:03.370] [cout] [info]                 initial: /jointset/ankle_l/ankle_angle_l/value, final: /jointset/ankle_r/ankle_angle_r/value
[2021-04-23 21:32:03.373] [cout] [info]                 initial: /jointset/ankle_l/ankle_angle_l/speed, final: /jointset/ankle_r/ankle_angle_r/speed
[2021-04-23 21:32:03.374] [cout] [info]                 initial: /jointset/ankle_r/ankle_angle_r/value, final: /jointset/ankle_l/ankle_angle_l/value
[2021-04-23 21:32:03.376] [cout] [info]                 initial: /jointset/ankle_r/ankle_angle_r/speed, final: /jointset/ankle_l/ankle_angle_l/speed
[2021-04-23 21:32:03.377] [cout] [info]                 initial: /jointset/back/lumbar_extension/value, final: /jointset/back/lumbar_extension/value
[2021-04-23 21:32:03.381] [cout] [info]                 initial: /jointset/back/lumbar_extension/speed, final: /jointset/back/lumbar_extension/speed
[2021-04-23 21:32:03.384] [cout] [info]                 initial: /jointset/ground_pelvis/pelvis_tx/speed, final: /jointset/ground_pelvis/pelvis_tx/speed
[2021-04-23 21:32:03.386] [cout] [info]         control periodicity pairs:
[2021-04-23 21:32:03.387] [cout] [info] Kinematic constraints: none
[2021-04-23 21:32:03.388] [cout] [info] Path constraints: none
[2021-04-23 21:32:03.392] [cout] [info] States: (total: 24)
[2021-04-23 21:32:03.392] [cout] [info]   /jointset/knee_l/knee_angle_l/value. bounds: [-2.44346, 0] initial: [-1.74533, -1.22173]
[2021-04-23 21:32:03.398] [cout] [info]   /jointset/back/lumbar_extension/value. bounds: [-0.523599, 0]
[2021-04-23 21:32:03.399] [cout] [info]   /jointset/ground_pelvis/pelvis_tilt/value. bounds: [-0.174533, 0] initial: [-0.174533, 0]
[2021-04-23 21:32:03.399] [cout] [info]   /jointset/ground_pelvis/pelvis_tx/value. bounds: [0, 10] initial: 1.061
[2021-04-23 21:32:03.401] [cout] [info]   /jointset/knee_r/knee_angle_r/speed. bounds: [-50, 50]
[2021-04-23 21:32:03.405] [cout] [info]   /jointset/ankle_l/ankle_angle_l/value. bounds: [-0.436332, 0.523599] initial: [-0.436332, 0]
[2021-04-23 21:32:03.406] [cout] [info]   /jointset/ground_pelvis/pelvis_ty/value. bounds: [0.8, 1.25] initial: [1, 1.1]
[2021-04-23 21:32:03.407] [cout] [info]   /jointset/back/lumbar_extension/speed. bounds: [-50, 50]
[2021-04-23 21:32:03.408] [cout] [info]   /jointset/knee_l/knee_angle_l/speed. bounds: [-50, 50]
[2021-04-23 21:32:03.410] [cout] [info]   /jointset/hip_l/hip_flexion_l/value. bounds: [-0.610865, 1.309] initial: [-0.610865, -0.0872665]
[2021-04-23 21:32:03.414] [cout] [info]   /jointset/ankle_r/ankle_angle_r/value. bounds: [-0.349066, 0.523599] initial: [-0.0872665, 0.261799]
[2021-04-23 21:32:03.414] [cout] [info]   /jointset/hip_r/hip_flexion_r/value. bounds: [-0.436332, 1.309] initial: [0.349066, 0.872665]
[2021-04-23 21:32:03.418] [cout] [info]   /jointset/knee_r/knee_angle_r/value. bounds: [-2.44346, 0] initial: [-0.698132, -0.174533]
[2021-04-23 21:32:03.419] [cout] [info]   /forceset/gastroc_r/normalized_tendon_force. bounds: [0, 5]
[2021-04-23 21:32:03.420] [cout] [info]   /forceset/soleus_r/normalized_tendon_force. bounds: [0, 5]
[2021-04-23 21:32:03.420] [cout] [info]   /forceset/gastroc_l/normalized_tendon_force. bounds: [0, 5]
[2021-04-23 21:32:03.421] [cout] [info]   /forceset/soleus_l/normalized_tendon_force. bounds: [0, 5]
[2021-04-23 21:32:03.422] [cout] [info]   /jointset/ground_pelvis/pelvis_tilt/speed. bounds: [-50, 50]
[2021-04-23 21:32:03.428] [cout] [info]   /jointset/ground_pelvis/pelvis_tx/speed. bounds: [-50, 50]
[2021-04-23 21:32:03.428] [cout] [info]   /jointset/ankle_l/ankle_angle_l/speed. bounds: [-50, 50]
[2021-04-23 21:32:03.429] [cout] [info]   /jointset/ground_pelvis/pelvis_ty/speed. bounds: [-50, 50]
[2021-04-23 21:32:03.430] [cout] [info]   /jointset/hip_l/hip_flexion_l/speed. bounds: [-50, 50]
[2021-04-23 21:32:03.431] [cout] [info]   /jointset/ankle_r/ankle_angle_r/speed. bounds: [-50, 50]
[2021-04-23 21:32:03.432] [cout] [info]   /jointset/hip_r/hip_flexion_r/speed. bounds: [-50, 50]
[2021-04-23 21:32:03.433] [cout] [info] Controls: (total: 19)
[2021-04-23 21:32:03.434] [cout] [info]   /forceset/lumbarAct. bounds: [-inf, inf]
[2021-04-23 21:32:03.437] [cout] [info]   /forceset/hamstrings_r. bounds: [0.01, 1]
[2021-04-23 21:32:03.439] [cout] [info]   /forceset/bifemsh_r. bounds: [0.01, 1]
[2021-04-23 21:32:03.443] [cout] [info]   /forceset/glut_max_r. bounds: [0.01, 1]
[2021-04-23 21:32:03.444] [cout] [info]   /forceset/iliopsoas_r. bounds: [0.01, 1]
[2021-04-23 21:32:03.445] [cout] [info]   /forceset/rect_fem_r. bounds: [0.01, 1]
[2021-04-23 21:32:03.445] [cout] [info]   /forceset/gastroc_r. bounds: [0.01, 1]
[2021-04-23 21:32:03.448] [cout] [info]   /forceset/vasti_r. bounds: [0.01, 1]
[2021-04-23 21:32:03.449] [cout] [info]   /forceset/soleus_r. bounds: [0.01, 1]
[2021-04-23 21:32:03.452] [cout] [info]   /forceset/tib_ant_r. bounds: [0.01, 1]
[2021-04-23 21:32:03.453] [cout] [info]   /forceset/hamstrings_l. bounds: [0.01, 1]
[2021-04-23 21:32:03.454] [cout] [info]   /forceset/bifemsh_l. bounds: [0.01, 1]
[2021-04-23 21:32:03.455] [cout] [info]   /forceset/glut_max_l. bounds: [0.01, 1]
[2021-04-23 21:32:03.456] [cout] [info]   /forceset/iliopsoas_l. bounds: [0.01, 1]
[2021-04-23 21:32:03.456] [cout] [info]   /forceset/rect_fem_l. bounds: [0.01, 1]
[2021-04-23 21:32:03.460] [cout] [info]   /forceset/gastroc_l. bounds: [0.01, 1]
[2021-04-23 21:32:03.460] [cout] [info]   /forceset/vasti_l. bounds: [0.01, 1]
[2021-04-23 21:32:03.464] [cout] [info]   /forceset/soleus_l. bounds: [0.01, 1]
[2021-04-23 21:32:03.465] [cout] [info]   /forceset/tib_ant_l. bounds: [0.01, 1]
[2021-04-23 21:32:03.466] [cout] [info] Parameters: none
[2021-04-23 21:32:03.845] [info] Number of threads: 8
[2021-04-23 21:42:59.045] [info] Set log level to Info.
[2021-04-23 21:42:59.069] [info] ------------------------------------------------------------------------
[2021-04-23 21:42:59.069] [info] Elapsed real time: 656 second(s) (10 minute(s), 56 second(s)).
[2021-04-23 21:42:59.070] [info] Fri Apr 23 21:42:59 2021
[2021-04-23 21:42:59.070] [info] MocoCasADiSolver succeeded!
[2021-04-23 21:42:59.071] [info] ========================================================================
[2021-04-23 22:06:52.838] [cout] [info] Exiting visualization.
